[08/04/2016 15:03:12] /s pikachu
[08/04/2016 15:03:36] /m pikachu
[08/04/2016 15:04:47] /m ferret
[08/04/2016 15:04:51] /m furret
[08/04/2016 15:36:43] /i thunder stone
[08/04/2016 15:37:07] /a 2
[08/04/2016 15:37:08] /a 2
[08/04/2016 15:39:01] /i great ball
[08/04/2016 15:39:28] /i master ball
[08/04/2016 15:40:22] /m mega gyarados
[08/04/2016 15:43:02] /i 383
[08/04/2016 15:43:06] /up
[08/04/2016 15:43:06] /up
[08/04/2016 15:43:09] /c
[08/04/2016 15:44:24] /i 468
[08/04/2016 15:44:30] /i shovel
[08/04/2016 15:44:35] /up
[08/04/2016 15:44:35] /up
[08/04/2016 15:51:39] /i 392
[08/04/2016 15:51:42] /up
[08/04/2016 15:51:42] /up
[08/04/2016 15:51:53] /i 385
[08/04/2016 15:57:23] /i shiny stone
[08/04/2016 16:23:18] /down
[08/04/2016 16:23:18] /down
[08/04/2016 16:23:23] /up
[08/04/2016 16:23:23] /up
[09/04/2016 13:27:12] /m scyther
[09/04/2016 13:27:13] /m scyther
[09/04/2016 13:27:14] /m scyther
[09/04/2016 13:27:14] /m scyther
[09/04/2016 13:27:15] /m scyther
[09/04/2016 13:27:22] /m scizor
[09/04/2016 13:28:55] /m scizor
[09/04/2016 13:28:55] /m scizor
[09/04/2016 13:28:56] /m scizor
[09/04/2016 13:28:57] /m scizor
[10/04/2016 06:22:15] /m aggron
[10/04/2016 06:22:19] /m shiny aggron
[10/04/2016 08:28:05] /m torchic
[10/04/2016 08:28:10] /m charmander
[10/04/2016 08:33:21] /m caterpie
[10/04/2016 08:33:37] /m rattata
[11/04/2016 04:22:42] /m heracross
[11/04/2016 04:22:49] /m heracross
[11/04/2016 04:22:53] /m steelix
[11/04/2016 04:22:57] /m onyx
[11/04/2016 04:22:59] /m onix
[11/04/2016 04:23:04] /m scizor
[11/04/2016 04:28:35] /m alakazan
[11/04/2016 04:28:37] /m alakazam
[11/04/2016 04:28:51] /m espeon
[11/04/2016 04:28:59] /m eevee
[11/04/2016 04:29:04] /m glaceon
[11/04/2016 04:29:08] /m flareon
[11/04/2016 04:29:23] /m blissey
[11/04/2016 04:30:55] /m gliscor
[11/04/2016 04:31:01] /m gligar
[11/04/2016 04:31:16] /m haunter
[11/04/2016 04:32:54] /m milktank
[11/04/2016 04:32:57] /m miltank
[11/04/2016 04:33:13] /m mr. mine
[11/04/2016 04:33:15] /m mr. mime
[11/04/2016 04:33:42] /m noctown
[11/04/2016 04:33:58] /m noctowl
[11/04/2016 04:34:15] /m honchkrow
[11/04/2016 04:35:50] /m meowth
[11/04/2016 04:37:00] /m rhydon
[11/04/2016 04:38:19] /m snorlax
[11/04/2016 04:39:32] /m staryu
[11/04/2016 04:39:35] /m starmie
[11/04/2016 04:43:40] /m venusaur
[11/04/2016 04:43:51] /m blastoise
[11/04/2016 04:44:57] /m mega alakazam
[11/04/2016 04:45:05] /m mega charizard
[11/04/2016 04:47:48] /m skarmory
[11/04/2016 04:49:46] /m smeargle
[11/04/2016 04:51:50] /m farfet'ch
[11/04/2016 04:52:10] /m farfetch'd
[11/04/2016 04:52:22] /m ratticate
[11/04/2016 04:52:25] /m raticate
[11/04/2016 04:55:30] /m gyarados
[11/04/2016 05:29:08] /m electabuzz
[11/04/2016 05:29:13] /m electivire
[11/04/2016 05:29:21] /m shiny electivire
[11/04/2016 05:29:29] /m shiny electabuzz
[11/04/2016 05:29:44] /m shiny electivire
