[23/07/2015 18:21:08] /newtype 328
[23/07/2015 18:21:26] /newtype 328
[23/07/2015 18:22:27] /a 8
[23/07/2015 18:22:29] /a 8
[23/07/2015 18:22:32] /a 8
[23/07/2015 18:22:33] /a 8
[23/07/2015 18:22:34] /a 8
[23/07/2015 18:22:39] /a 8
[23/07/2015 18:22:44] /a 8
[23/07/2015 18:22:49] /a 12
[23/07/2015 18:22:51] /a 12
[23/07/2015 18:22:54] /a 16
[23/07/2015 18:22:56] /a 16
[23/07/2015 18:22:57] /a 16
[23/07/2015 18:22:58] /a 16
[23/07/2015 18:23:01] /a 10
[23/07/2015 18:23:31] /newtype 330
[23/07/2015 18:23:33] /newtype 331
[23/07/2015 18:23:35] /newtype 332
[23/07/2015 18:23:40] /newtype 340
[23/07/2015 18:23:42] /newtype 50
[23/07/2015 18:23:45] /newtype 450
[23/07/2015 18:23:55] /newtype 460
[23/07/2015 18:24:00] /newtype 470
[23/07/2015 18:24:03] /newtype 480
[23/07/2015 18:24:09] /newtype 490
[23/07/2015 18:24:12] /newtype 50
[23/07/2015 18:24:18] /newtype 401
[23/07/2015 18:24:19] /newtype 402
[23/07/2015 18:24:21] /newtype 403
[23/07/2015 18:24:22] /newtype 404
[23/07/2015 18:24:23] /newtype 405
[23/07/2015 18:24:24] /newtype 406
[23/07/2015 18:24:51] /newtype 650
[23/07/2015 18:24:54] /newtype 660
[23/07/2015 18:25:13] /newtype 1125
[23/07/2015 18:25:16] /newtype 1500
[23/07/2015 18:25:22] /newtype 1600
[23/07/2015 18:25:35] /newtype 660
[23/07/2015 18:26:07] /newtype 328
[23/07/2015 18:27:20] /newtype 309
[23/07/2015 18:27:30] /newtype 660
[23/07/2015 18:28:02] /b Auguem Precisando de ajuda?
[23/07/2015 18:28:12] /a 2
[23/07/2015 18:28:25] /a 3
[23/07/2015 18:29:00] /goto tropius
[23/07/2015 18:29:07] /goto Tropius
[23/07/2015 18:29:49] /goto luis killer
[23/07/2015 18:29:54] /goto masterjeova
[23/07/2015 18:29:59] /goto luis killer
[23/07/2015 18:30:36] /town 1
[23/07/2015 18:30:37] /town 2
[23/07/2015 18:30:38] /town 3
[23/07/2015 18:30:40] /town 4
[23/07/2015 18:30:41] /town 5
[23/07/2015 18:30:42] /town 6
[23/07/2015 18:30:44] /town 64
[23/07/2015 18:30:55] /town 4
[23/07/2015 18:30:58] /town 5
[23/07/2015 18:30:59] /town 6
[23/07/2015 18:31:01] /town 7
[23/07/2015 18:31:03] /town 8
[23/07/2015 18:31:05] /town 9
[23/07/2015 18:31:07] /town 10
[23/07/2015 18:31:09] /town 11
[23/07/2015 18:31:11] /town 12
[23/07/2015 18:31:13] /town 13
[23/07/2015 18:31:16] /town 14
[23/07/2015 18:31:39] /c extrmocv
[23/07/2015 18:31:45] /t Extremocv
[23/07/2015 18:31:55] /a 2
[23/07/2015 18:33:05] /a 2
[23/07/2015 18:33:37] /a 3
[23/07/2015 18:33:52] /a 2
[23/07/2015 18:34:19] /town 16
[23/07/2015 18:34:20] /town 15
[23/07/2015 18:34:26] /goto lucas da silva
[23/07/2015 18:34:38] /town 5
[23/07/2015 18:35:47] /goto 1
[23/07/2015 18:35:59] /goto lucas da silva
[23/07/2015 18:39:19] /goto Ketylin Rodrigues
[23/07/2015 18:39:35] /c lucas da silva
[23/07/2015 18:39:41] /c lucas da silva
[23/07/2015 18:40:29] /mc
[23/07/2015 18:40:44] /c lucas da silva
[23/07/2015 18:40:54] /attr grup 
[23/07/2015 18:41:12] /attr grup 6
[23/07/2015 18:41:31] /attr group 6
[23/07/2015 18:42:38] /goto bic kaz
[23/07/2015 18:42:41] /goto bic makz
[23/07/2015 18:43:38] /goto lucas da silva
[23/07/2015 18:43:52] /goto Ketylin Rodrigues
[23/07/2015 18:44:19] /goto ketylin rodrigues
[23/07/2015 18:44:39] /a 2
[23/07/2015 18:44:41] /a 2
[23/07/2015 18:44:47] /a 2
[23/07/2015 18:44:48] /a 2
[23/07/2015 18:44:49] /a 2
[23/07/2015 18:44:50] /a 2
[23/07/2015 18:44:51] /a 2
[23/07/2015 18:44:51] /a 2
[23/07/2015 18:44:52] /a 2
[23/07/2015 18:44:53] /a 2
[23/07/2015 18:44:53] /a 2
[23/07/2015 18:45:07] /a 2
[23/07/2015 18:45:09] /a 2
[23/07/2015 18:45:10] /a 2
[23/07/2015 18:45:10] /a 2
[23/07/2015 18:45:11] /a 2
[23/07/2015 18:45:16] /a 6
[23/07/2015 18:45:18] /a 6
[23/07/2015 18:45:20] /a 6
[23/07/2015 18:45:21] /a 6
[23/07/2015 18:45:22] /a 6
[23/07/2015 18:45:24] /a 6
[23/07/2015 18:45:25] /a 6
[23/07/2015 18:45:26] /a 6
[23/07/2015 18:45:27] /a 6
[23/07/2015 18:46:38] /goto keytlin rodrigues
[23/07/2015 18:46:49] /goto ketylin rodrigues
[23/07/2015 18:47:32] /r
[23/07/2015 18:47:52] /goto bic makz
[23/07/2015 18:48:01] /c [ADM] Spawn
[23/07/2015 18:48:52] /a 2
[23/07/2015 18:48:53] /a 2
[23/07/2015 18:48:54] /a 4
[23/07/2015 18:48:56] /a 4
[23/07/2015 18:51:37] /goto ketylin rodrigues
[23/07/2015 18:54:38] /c tiia
[23/07/2015 18:54:54] /t tiia
[23/07/2015 18:55:23] /newtype 66
[23/07/2015 18:55:26] /newtype 660
[23/07/2015 18:56:00] /m shiny kyogre
[23/07/2015 18:57:20] /r
[23/07/2015 18:57:36] /c Keytilyn rodrigues
[23/07/2015 18:57:46] /c Ketylin Rodrigues
[23/07/2015 18:57:58] /c Ketylin Rodrigues
[23/07/2015 18:58:01] /c Ketylin Rodrigues
[23/07/2015 18:59:30] /m Deoxys MVP
[23/07/2015 19:00:11] /r
[23/07/2015 19:00:16] /r
[23/07/2015 19:00:23] /r
[23/07/2015 19:00:24] /r
[23/07/2015 19:00:29] /r
[23/07/2015 19:02:15] /c mandingo druid
[23/07/2015 19:02:37] /c mandingo druid
[23/07/2015 19:02:51] /c mandingo druid
[23/07/2015 19:03:37] /c mendingo druid
[23/07/2015 19:06:15] /newtype 328
[23/07/2015 19:10:07] /newtype 660
[23/07/2015 19:11:37] /c dorcinho de coco
[23/07/2015 19:12:13] /c amorsinho
[23/07/2015 19:13:10] /goto amorsinho
[23/07/2015 19:13:21] /attr grup 6
[23/07/2015 19:14:00] /attr group 6
[23/07/2015 20:38:36] /r
[23/07/2015 20:38:42] /r
[23/07/2015 20:38:57] /addskill [adm
[23/07/2015 20:39:23] /addskill [adm] kirito,level,1000
[23/07/2015 20:39:29] /addskill [adm] kirito,level,8
[23/07/2015 20:39:32] /addskill [adm] kirito,level,1
[23/07/2015 20:39:40] /a 2
[23/07/2015 20:39:50] /a 2
[23/07/2015 20:40:19] /b Afk Jaja Volto
[23/07/2015 20:44:48] /b voltei
[23/07/2015 20:44:59] /ghost
[23/07/2015 20:46:16] /a
[23/07/2015 20:46:24] /a
[23/07/2015 20:46:24] /a
[23/07/2015 20:46:24] /a 2
[23/07/2015 20:46:24] /a 2
[23/07/2015 20:47:08] /ghost
[23/07/2015 20:49:28] /r
[23/07/2015 20:50:48] /goto [ADM] Spawn
[23/07/2015 20:51:13] /goto [ADM] Spawn
[23/07/2015 20:51:13] /goto [ADM] Spawn
[23/07/2015 20:51:13] /goto [ADM] Spawn
[23/07/2015 20:51:15] /goto [ADM] Spawn
[23/07/2015 20:51:21] /goto [ADM] Spawn
[23/07/2015 20:51:27] /goto [ADM] Spawn
[23/07/2015 20:51:38] /a 2
[23/07/2015 20:51:57] /goto [ADM] Spawn
[23/07/2015 20:54:30] /goto [ADM] Spawn
[23/07/2015 20:54:58] /goto thodyto
[23/07/2015 20:57:16] /newtype 328
[23/07/2015 20:58:39] /m Shiny Manaphy
[23/07/2015 20:58:54] /m Shadow Jirachi
[23/07/2015 21:00:11] /i 12940
[23/07/2015 21:00:12] /i 12940
[23/07/2015 21:00:14] /i 12940
[23/07/2015 21:00:14] /i 12940
[23/07/2015 21:00:16] /i 12940
[23/07/2015 21:00:17] /i 12940
[23/07/2015 21:00:18] /i 12940
[23/07/2015 21:00:18] /i 12940
[23/07/2015 21:00:20] /i 12940
[23/07/2015 21:00:21] /i 12940
[23/07/2015 21:00:22] /i 12940
[23/07/2015 21:00:23] /i 12940
[23/07/2015 21:00:25] /i 12940
[23/07/2015 21:00:26] /i 12940
[23/07/2015 21:00:27] /i 12940
[23/07/2015 21:00:28] /i 12940
[23/07/2015 21:00:29] /i 12940
[23/07/2015 21:00:30] /i 12940
[23/07/2015 21:00:31] /i 12940
[23/07/2015 21:00:32] /i 12940
[23/07/2015 21:00:44] /m Shadow Victini
[23/07/2015 21:00:58] /r
[23/07/2015 21:01:01] /r
[23/07/2015 21:01:03] /r
[23/07/2015 21:01:06] /r
[23/07/2015 21:01:09] /r
[23/07/2015 21:01:10] /r
[23/07/2015 21:01:57] /c thodyto
[23/07/2015 21:02:51] /m Shadow Victini
[23/07/2015 21:02:51] /m Shadow Victini
[23/07/2015 21:03:23] /r
[23/07/2015 21:03:27] /r
[23/07/2015 21:03:29] /r
[23/07/2015 21:03:32] /r
[23/07/2015 21:03:37] /r
[23/07/2015 21:03:59] /r
[23/07/2015 21:03:59] /r
[23/07/2015 21:03:59] /r
[23/07/2015 21:04:00] /r
[23/07/2015 21:04:10] /s Shadow Jirachi
[23/07/2015 21:04:39] /s shadow victini
[23/07/2015 21:05:13] /s Shiny Victini
[23/07/2015 21:05:47] /s Black Kyurem
[23/07/2015 21:06:06] /s Shiny Manaphy
[23/07/2015 21:07:51] /r
[23/07/2015 21:08:41] /r
[23/07/2015 21:08:45] /r
[23/07/2015 21:08:48] /r
[23/07/2015 21:08:54] /r
[23/07/2015 21:09:09] /r
[23/07/2015 21:09:19] /r
[23/07/2015 21:09:31] /r
[23/07/2015 21:09:53] /r
[23/07/2015 21:09:57] /r
[23/07/2015 21:10:01] /r
[23/07/2015 21:11:24] /goto [ADM] Spawn
[23/07/2015 21:11:56] /goto [ADM] Spawn
[23/07/2015 21:12:35] /c thodyto
[23/07/2015 21:12:35] /c thodyto
[23/07/2015 21:12:35] /c thodyto
[23/07/2015 21:12:35] /c thodyto
[23/07/2015 21:13:01] /goto [adm] spawn
[23/07/2015 21:13:48] /s Shadow Jirachi
[23/07/2015 21:14:03] /s Shadow Victini
[23/07/2015 21:14:13] /s Black Kyurem
[23/07/2015 21:14:33] /s shiny kyogre
[23/07/2015 21:15:07] /s Black Yveltal
[23/07/2015 21:15:18] /s Shadow Yveltal
[23/07/2015 21:16:06] /r
[23/07/2015 21:16:07] /r
[23/07/2015 21:16:10] /r
[23/07/2015 21:16:21] /i 11726
[23/07/2015 21:16:49] /r
[23/07/2015 21:16:51] /r
[23/07/2015 21:16:54] /r
[23/07/2015 21:16:58] /r
[23/07/2015 21:17:41] /i 11726
[23/07/2015 21:18:26] /r
[23/07/2015 21:18:28] /r
[23/07/2015 21:18:29] /r
[23/07/2015 21:18:41] /r
[23/07/2015 21:18:43] /r
[23/07/2015 21:18:47] /r
[23/07/2015 21:18:55] /r
[23/07/2015 21:18:59] /r
[23/07/2015 21:19:04] /r
[23/07/2015 21:20:02] /i 12940
[23/07/2015 21:20:03] /i 12940
[23/07/2015 21:20:04] /i 12940
[23/07/2015 21:20:18] /i 12940
[23/07/2015 21:20:19] /i 12940
[23/07/2015 21:20:20] /i 12940
[23/07/2015 21:20:29] /i 12940
[23/07/2015 21:20:35] /r
[23/07/2015 21:20:37] /r
[23/07/2015 21:20:42] /r
[23/07/2015 21:20:43] /r
[23/07/2015 21:20:45] /r
[23/07/2015 21:20:46] /r
[23/07/2015 21:20:48] /r
[23/07/2015 21:20:49] /r
[23/07/2015 21:20:58] /i 11726
[23/07/2015 21:21:03] /i 12940
[23/07/2015 21:21:04] /i 12940
[23/07/2015 21:21:05] /i 12940
[23/07/2015 21:21:06] /i 12940
[23/07/2015 21:21:07] /i 12940
[23/07/2015 21:21:07] /i 12940
[23/07/2015 21:21:13] /i 12940
[23/07/2015 21:21:14] /i 12940
[23/07/2015 21:21:15] /i 12940
[23/07/2015 21:21:16] /i 12940
[23/07/2015 21:21:17] /i 12940
[23/07/2015 21:21:18] /i 12940
[23/07/2015 21:21:19] /i 12940
[23/07/2015 21:21:19] /i 12940
[23/07/2015 21:21:21] /i 12940
[23/07/2015 21:21:26] /i 12940
[23/07/2015 21:21:28] /i 12940
[23/07/2015 21:21:29] /i 12940
[23/07/2015 21:21:30] /i 12940
[23/07/2015 21:21:30] /i 12940
[23/07/2015 21:21:31] /i 12940
[23/07/2015 21:21:33] /i 12940
[23/07/2015 21:21:33] /i 12940
[23/07/2015 21:21:35] /i 12940
[23/07/2015 21:21:36] /i 12940
[23/07/2015 21:21:37] /i 12940
[23/07/2015 21:21:37] /i 12940
[23/07/2015 21:21:38] /i 12940
[23/07/2015 21:21:39] /i 12940
[23/07/2015 21:21:40] /i 12940
[23/07/2015 21:21:41] /i 12940
[23/07/2015 21:21:43] /i 12940
[23/07/2015 21:21:44] /i 12940
[23/07/2015 21:21:51] /i 12940
[23/07/2015 21:21:56] /a
[23/07/2015 21:22:01] /r
[23/07/2015 21:22:05] /r
[23/07/2015 21:22:05] /r
[23/07/2015 21:22:06] /r
[23/07/2015 21:22:07] /r
[23/07/2015 21:22:09] /r
[23/07/2015 21:22:10] /r
[23/07/2015 21:22:12] /r
[23/07/2015 21:22:14] /r
[23/07/2015 21:22:15] /r
[23/07/2015 21:22:17] /r
[23/07/2015 21:22:23] /i 11726
[23/07/2015 21:22:24] /r
[23/07/2015 21:22:25] /r
[23/07/2015 21:22:26] /r
[23/07/2015 21:22:27] /r
[23/07/2015 21:22:28] /r
[23/07/2015 21:22:30] /r
[23/07/2015 21:22:31] /r
[23/07/2015 21:22:32] /r
[23/07/2015 21:22:43] /i 12940
[23/07/2015 21:22:44] /i 12940
[23/07/2015 21:22:45] /i 12940
[23/07/2015 21:22:46] /i 12940
[23/07/2015 21:22:47] /i 12940
[23/07/2015 21:22:49] /i 12940
[23/07/2015 21:22:49] /i 12940
[23/07/2015 21:22:51] /i 12940
[23/07/2015 21:22:51] /i 12940
[23/07/2015 21:22:52] /i 12940
[23/07/2015 21:22:53] /i 12940
[23/07/2015 21:22:54] /i 12940
[23/07/2015 21:22:55] /i 12940
[23/07/2015 21:23:05] /i 12940
[23/07/2015 21:23:06] /i 12940
[23/07/2015 21:23:13] /mc
[23/07/2015 21:23:27] /i 12940
[23/07/2015 21:23:28] /i 12940
[23/07/2015 21:23:29] /i 12940
[23/07/2015 21:23:29] /i 12940
[23/07/2015 21:23:30] /i 12940
[23/07/2015 21:23:38] /a 2
[23/07/2015 21:23:51] /a 2
[23/07/2015 21:24:01] /i 5916
[23/07/2015 21:24:03] /r
[23/07/2015 21:24:06] /a 2
[23/07/2015 21:24:14] /i 5916
[23/07/2015 21:24:17] /r
[23/07/2015 21:24:19] /i 5916
[23/07/2015 21:24:25] /r
[23/07/2015 21:24:33] /i 5915
[23/07/2015 21:24:36] /r
[23/07/2015 21:25:01] /i 5915
[23/07/2015 21:25:03] /i 5915
[23/07/2015 21:25:20] /a 2
[23/07/2015 21:25:26] /a 2
[23/07/2015 21:25:38] /i 2607
[23/07/2015 21:25:43] /i 2606
[23/07/2015 21:25:45] /r
[23/07/2015 21:25:47] /r
[23/07/2015 21:25:50] /i 2605
[23/07/2015 21:25:52] /r
[23/07/2015 21:25:58] /i 2608
[23/07/2015 21:26:01] /i 2608
[23/07/2015 21:26:03] /r
[23/07/2015 21:26:05] /r
[23/07/2015 21:26:22] /i 2607
[23/07/2015 21:26:26] /r
[23/07/2015 21:26:28] /r
[23/07/2015 21:26:42] /i 11735
[23/07/2015 21:26:46] /r
[23/07/2015 21:27:17] /c [adm] spawn
[23/07/2015 21:27:56] /i 2603
[23/07/2015 21:27:59] /i 2603
[23/07/2015 21:28:00] /i 2603
[23/07/2015 21:30:02] /i 12940
[23/07/2015 21:30:03] /i 12940
[23/07/2015 21:30:04] /i 12940
[23/07/2015 21:30:04] /i 12940
[23/07/2015 21:30:05] /i 12940
[23/07/2015 21:30:06] /i 12940
[23/07/2015 21:30:07] /i 12940
[23/07/2015 21:30:08] /i 12940
[23/07/2015 21:30:10] /r
[23/07/2015 21:30:12] /r
[23/07/2015 21:30:13] /r
[23/07/2015 21:30:14] /r
[23/07/2015 21:30:19] /i 12940
[23/07/2015 21:30:20] /i 12940
[23/07/2015 21:30:21] /i 12940
[23/07/2015 21:30:22] /i 12940
[23/07/2015 21:30:23] /i 12940
[23/07/2015 21:30:34] /i 12940
[23/07/2015 21:30:35] /i 12940
[23/07/2015 21:30:36] /i 12940
[23/07/2015 21:30:46] /i 12940
[23/07/2015 21:30:46] /i 12940
[23/07/2015 21:31:07] /a 2
[23/07/2015 21:31:21] /s shadow yveltal
[23/07/2015 21:31:48] /s shadow victini
[23/07/2015 21:32:29] /s shadow jirachi
[23/07/2015 21:33:07] /s Black Kyurem
[23/07/2015 21:33:39] /s shiny kyogre
[23/07/2015 21:33:55] /s mega mewtwo
[23/07/2015 21:34:44] /s Mega charizard
[23/07/2015 21:35:13] /b cauma gente
[23/07/2015 21:35:31] /b tamo fazendo print pro serve '-' 1 adm ja vai comeca a bota pokes na bag
[23/07/2015 21:35:59] /s shadow alakazam
[23/07/2015 21:36:53] /s mega tyranitar
[23/07/2015 21:37:37] /s shiny zekrom
[23/07/2015 21:37:49] /s shiny reshiram
[23/07/2015 21:38:05] /s shiny manaphy
[23/07/2015 21:38:56] /s black celebi
[23/07/2015 21:39:11] /s black Regigigas
[23/07/2015 21:39:19] /s Shiny Regigigas
[23/07/2015 21:39:35] /s black articuno
[23/07/2015 21:39:54] /r
[23/07/2015 21:40:08] /s shiny victini
[23/07/2015 21:40:32] /s shiny jirachi
[23/07/2015 21:41:06] /s shiny groudon
[23/07/2015 21:41:54] /a 4
[23/07/2015 21:42:07] /i 12940
[23/07/2015 21:42:08] /i 12940
[23/07/2015 21:42:16] /i 12940
[23/07/2015 21:42:17] /i 12940
[23/07/2015 21:42:20] /a
[23/07/2015 21:42:24] /a 3
[23/07/2015 21:42:32] /i 12940
[23/07/2015 21:42:34] /i 12940
[23/07/2015 21:42:36] /i 12940
[23/07/2015 21:42:41] /r
[23/07/2015 21:42:43] /r
[23/07/2015 21:42:51] /i 12940
[23/07/2015 21:42:53] /i 12940
[23/07/2015 21:42:54] /i 12940
[23/07/2015 21:43:00] /i 12940
[23/07/2015 21:43:01] /i 12940
[23/07/2015 21:43:04] /i 12940
[23/07/2015 21:43:05] /i 12940
[23/07/2015 21:43:09] /i 12940
[23/07/2015 21:43:10] /i 12940
[23/07/2015 21:43:23] /i 12940
[23/07/2015 21:43:24] /i 12940
[23/07/2015 21:43:29] /i 12940
[23/07/2015 21:43:31] /i 12940
[23/07/2015 21:43:34] /a 2
[23/07/2015 21:43:51] /a 4
[23/07/2015 21:47:51] /s cresselia
[23/07/2015 21:48:33] /s shiny rayquaza
[23/07/2015 21:48:53] /s giratina
[23/07/2015 21:49:07] /s shiny registel
[23/07/2015 21:49:10] /s shiny registeel
[23/07/2015 21:49:41] /r
[23/07/2015 21:50:07] /b n sei n so eu q to enchendo to ajeitando print ueue
[23/07/2015 21:50:24] /s regice
[23/07/2015 21:50:55] /s regirock
[23/07/2015 21:51:07] /s articuno
[23/07/2015 21:51:13] /s moltres
[23/07/2015 21:51:25] /s zapdos
[23/07/2015 21:51:34] /s lugia
[23/07/2015 21:52:42] /s mega gengar
[23/07/2015 21:52:44] /s mega genga
[23/07/2015 21:53:29] /s entei
[23/07/2015 21:53:36] /s suicune
[23/07/2015 21:53:40] /s raikou
[23/07/2015 21:54:19] /s shiny phione
[23/07/2015 21:54:25] /s mew
[23/07/2015 21:55:13] /s shiny regigias
[23/07/2015 21:55:17] /s shiny regigigas
[23/07/2015 21:56:15] /r
[23/07/2015 21:56:37] /s mew
[23/07/2015 21:57:31] /a 4
[23/07/2015 21:57:36] /a 1
[23/07/2015 21:57:48] /a 1
[23/07/2015 21:57:52] /a 4
[23/07/2015 21:59:25] /newtype 660
[23/07/2015 22:03:00] /goto [adm] spawn
[23/07/2015 22:04:05] /a 1
[23/07/2015 22:04:23] /a 1
[23/07/2015 22:05:50] /a
[23/07/2015 22:06:02] /i 12344
[23/07/2015 22:07:03] /mc
[23/07/2015 22:11:39] /rename [ADM] Kirito, [Dono] Kirito
