[23/07/2015 18:45:11] /goto Kirito
[23/07/2015 18:45:32] /goto [ADM] Kirito
[23/07/2015 18:52:57] /ghost
[23/07/2015 18:53:01] /ghost
[23/07/2015 18:55:56] /goto Mendingo Druid
[23/07/2015 19:23:38] /ghost
[23/07/2015 19:28:38] /addskill [ADM] Spawn,level,500
[23/07/2015 19:30:14] /goto Extremocv
[23/07/2015 19:41:10] /goto Luis Killer
[23/07/2015 19:42:17] /goto Luis Killer
[23/07/2015 19:42:40] /goto Sexy Girl,
[23/07/2015 19:42:47] /goto Sexy Girl
[23/07/2015 19:43:55] /goto Sexy Girl
[23/07/2015 19:44:48] /goto Luis Killer
[23/07/2015 19:54:41] /goto Luis Killer
[23/07/2015 19:57:47] /t
[23/07/2015 19:58:16] /ghost
[23/07/2015 19:58:19] /ghost
[23/07/2015 20:06:00] /ghost
[23/07/2015 20:06:04] /ghost
[23/07/2015 20:07:49] /r
[23/07/2015 20:11:54] /r
[23/07/2015 20:13:30] /m Grenn Dialga
[23/07/2015 20:13:44] /m Mega Dialga
[23/07/2015 20:13:51] /m Dialga
[23/07/2015 20:13:59] /m Green Dialga
[23/07/2015 20:14:15] /r
[23/07/2015 20:14:20] /r
[23/07/2015 20:14:32] /m Green Dialga
[23/07/2015 20:15:11] /m Green Dialga
[23/07/2015 20:15:59] /b Saidas de saffron tomadas por Green Dialgas... Cuidado (AJude a salvar a cidade matando elas)
[23/07/2015 20:16:14] /m Green Dialga
[23/07/2015 20:16:23] /m Green Dialga
[23/07/2015 20:44:45] /newtype 789
[23/07/2015 20:45:15] /newtype 1500
[23/07/2015 20:45:22] /newtype 1358
[23/07/2015 20:45:28] /newtype 47
[23/07/2015 20:51:47] /goto [ADM] Kirito
[23/07/2015 20:52:09] /goto [ADM] Kirito
[23/07/2015 20:52:26] /goto [ADM] Kirito
[23/07/2015 20:52:34] /goto [ADM] Kirito
[23/07/2015 20:52:44] /goto [ADM] Kirito
[23/07/2015 20:52:56] /goto [ADM] Kirito
[23/07/2015 20:53:06] /goto [ADM] Kirito
[23/07/2015 20:53:20] /goto [ADM] Kirito
[23/07/2015 20:53:33] /goto [ADM] Kirito
[23/07/2015 20:53:53] /goto [ADM] Kirito
[23/07/2015 20:54:05] /goto [ADM] Kirito
[23/07/2015 20:54:39] /ghost
[23/07/2015 21:06:26] /goto [ADM] Kirito
[23/07/2015 21:08:02] /up
[23/07/2015 21:08:50] /up
[23/07/2015 21:08:55] /up
[23/07/2015 21:09:14] /up
[23/07/2015 21:09:24] /r
[23/07/2015 21:09:29] /down
[23/07/2015 21:09:59] /goto [ADM] Kirito
[23/07/2015 21:10:06] /r
[23/07/2015 21:10:08] /r
[23/07/2015 21:10:10] /r
[23/07/2015 21:10:12] /r
[23/07/2015 21:10:16] /r
[23/07/2015 21:10:18] /r
[23/07/2015 21:10:20] /r
[23/07/2015 21:10:23] /r
[23/07/2015 21:10:25] /r
[23/07/2015 21:10:26] /r
[23/07/2015 21:10:28] /r
[23/07/2015 21:10:31] /r
[23/07/2015 21:10:32] /r
[23/07/2015 21:10:34] /r
[23/07/2015 21:10:36] /r
[23/07/2015 21:10:38] /r
[23/07/2015 21:10:39] /r
[23/07/2015 21:10:41] /r
[23/07/2015 21:11:20] /up
[23/07/2015 21:12:24] /goto [ADM] Kirito
[23/07/2015 21:14:43] /s Shadow Alakazam
[23/07/2015 21:15:45] /s Mega Tyranitar
[23/07/2015 21:16:50] /r
[23/07/2015 21:17:22] /r
[23/07/2015 21:23:19] /mc
[23/07/2015 21:23:33] /kick Extremocv
[23/07/2015 21:23:58] /mc
[23/07/2015 21:26:14] /newtype 300
[23/07/2015 21:27:22] /i 11736
[23/07/2015 21:27:42] /i 2603
[23/07/2015 21:28:51] /r
[23/07/2015 21:32:25] /mc
[23/07/2015 21:33:12] /ghost
[23/07/2015 21:33:24] /ghost
[23/07/2015 21:35:11] /mc
[23/07/2015 21:39:05] /i 12940
[23/07/2015 21:39:28] /i 12939
[23/07/2015 21:40:53] /b calmem galera vou encher as bag pra evento bag ^^
[23/07/2015 21:44:58] /i Revive
[23/07/2015 21:47:59] /i Revive
[23/07/2015 21:48:08] /i Fire Stone
[23/07/2015 21:48:24] /i Leaf Stone
[23/07/2015 21:48:48] /i Water Stone
[23/07/2015 21:49:00] /i Revive
[23/07/2015 21:49:10] /i Crystal Stone
[23/07/2015 21:49:35] /i Parchment
[23/07/2015 21:50:26] /i Parchment
[23/07/2015 21:51:15] /i Ultra Ball
[23/07/2015 21:51:54] /i Enigma Stone
[23/07/2015 21:52:52] /i dice
[23/07/2015 21:53:18] /b Não quero ver ninguém de MC ou será banido...
[23/07/2015 21:53:22] /mc
[23/07/2015 21:58:32] /t Hacker
[23/07/2015 21:59:14] /t Fubuki
[23/07/2015 21:59:45] /b se pegarem o dado novamente vou tirar do evento...
[23/07/2015 22:01:15] /t Extremocv
[23/07/2015 22:01:29] /t Carlos
[23/07/2015 22:02:17] /t Konan
[23/07/2015 22:02:30] /t Fubuki
[23/07/2015 22:05:31] /mc
[23/07/2015 22:06:27] /t Carlos
[23/07/2015 22:08:00] /mc
[23/07/2015 22:08:36] /i 12940
[23/07/2015 22:08:42] /r
[23/07/2015 22:08:49] /i 12940
[23/07/2015 22:09:18] /b Qum pegou os parchements MEUS PARABÉNS kkkkkkkkkkkkkkkkkk
[23/07/2015 22:10:23] /ghost
[23/07/2015 22:12:01] /mc
[23/07/2015 22:17:48] /goto Lucas Da Silva
[23/07/2015 22:18:01] /ghost
[23/07/2015 22:22:51] /t Thodyto
[23/07/2015 22:23:33] /i Revive
[23/07/2015 22:26:18] /addskill [ADM] Spawn,level,1500
[23/07/2015 22:26:45] /r
[23/07/2015 22:27:11] /addskill [ADM] Spawn,level,1000
[23/07/2015 22:27:53] /r
[23/07/2015 22:28:00] /r
[23/07/2015 22:29:26] /down
[23/07/2015 22:29:53] /down
[23/07/2015 22:29:57] /ghost
[23/07/2015 22:30:08] /t Whroot
[23/07/2015 22:33:22] /a 5
[23/07/2015 22:33:28] /up
[23/07/2015 22:33:31] /down
[23/07/2015 22:33:48] /ghost
[23/07/2015 22:35:37] /goto Mvp Deoxys
[23/07/2015 22:36:17] /mc
[23/07/2015 22:37:14] /ghost
[23/07/2015 22:41:10] /r
[23/07/2015 22:53:25] /town saffron
[23/07/2015 22:54:09] /town 1
[23/07/2015 22:54:16] /town 2
[23/07/2015 22:54:19] /town 3
[23/07/2015 22:54:23] /town 3
[23/07/2015 22:54:52] /goto [ADM] Lucas Da Silva
[23/07/2015 23:02:34] /a 3
[23/07/2015 23:02:48] /ghost
[23/07/2015 23:02:53] /ghost
[23/07/2015 23:02:56] /down
[23/07/2015 23:07:42] /t Anjinho
[23/07/2015 23:07:47] /t
[23/07/2015 23:08:00] /mc
[23/07/2015 23:19:35] /town 1
[23/07/2015 23:22:46] /newtype 1500
[23/07/2015 23:24:01] /newtype 300
[23/07/2015 23:24:06] /ghost
[23/07/2015 23:24:16] /ghost
[23/07/2015 23:24:32] /newtype 47
[23/07/2015 23:24:35] /ghost
[23/07/2015 23:24:58] /newtype 58
[23/07/2015 23:25:06] /newtype 69
[23/07/2015 23:25:10] /newtype 1
[23/07/2015 23:25:15] /newtype 87
[23/07/2015 23:25:27] /newtype 102
[23/07/2015 23:25:32] /newtype 99
[23/07/2015 23:25:58] /mc
[23/07/2015 23:26:13] /ghost
[23/07/2015 23:26:19] /goto Thedada
[23/07/2015 23:27:46] /ghost
[23/07/2015 23:29:30] /n henry
[23/07/2015 23:29:57] /newtype 99
[23/07/2015 23:30:05] /newtype 103
[23/07/2015 23:30:35] /newtype 105
[23/07/2015 23:31:31] /newtype 107
[23/07/2015 23:33:59] /newtype 169
[23/07/2015 23:35:17] /b Pessoal  >>> Metal Stone é premio em quest, explore-as para achar ;)
[23/07/2015 23:36:50] /newtype 204
[23/07/2015 23:37:04] /newtype 405
[23/07/2015 23:37:13] /newtype 680
[23/07/2015 23:37:20] /newtype 780
[23/07/2015 23:37:28] /newtype 369
[23/07/2015 23:37:34] /newtype 99
[23/07/2015 23:37:41] /newtype 103
[23/07/2015 23:37:46] /newtype 107
[23/07/2015 23:37:53] /newtype 109
[23/07/2015 23:38:03] /mc
[23/07/2015 23:38:47] /newtype 110
[23/07/2015 23:38:52] /newtype 130
[23/07/2015 23:38:57] /newtype 103
[23/07/2015 23:39:16] /goto Soumuitopro
[23/07/2015 23:40:10] /newtype 103
[23/07/2015 23:40:16] /newtype 107
[23/07/2015 23:40:42] /goto Willy
[23/07/2015 23:41:45] /b Fique por dentro de tudo que acontece no Serv através da página https://www.facebook.com/pages/Poke-Anonymous/525787050906217?ref=bookmarks e do Grupo https://www.facebook.com/groups/1668314636730879/?ref=bookmarks
[23/07/2015 23:43:31] /goto Willy
[23/07/2015 23:47:19] /ghost
[23/07/2015 23:48:48] /newtype
[23/07/2015 23:52:38] /ghost
[23/07/2015 23:52:53] /mc
[23/07/2015 23:57:10] /ghost
[23/07/2015 23:57:17] /newtype 103
[23/07/2015 23:57:26] /mc
[23/07/2015 23:59:58] /b Pessoal foi aumentado a força dos seguintes pokemons > registeel regice e regirock COM ISSO após o save (reinicialização do serv) eles ficarão mais forte ^^
[24/07/2015 00:03:41] /goto Thodyto
[24/07/2015 00:03:50] /goto Thodyto
[24/07/2015 00:04:10] /goto Thodyto
[24/07/2015 00:05:06] /c Willy
[24/07/2015 00:05:26] /ghost
[24/07/2015 00:05:55] /c Willy
[24/07/2015 00:06:07] /c Willy
[24/07/2015 00:06:29] /c Willy
[24/07/2015 00:06:33] /r
[24/07/2015 00:06:36] /r
[24/07/2015 00:06:43] /c Willy
[24/07/2015 00:08:09] /i 13234
[24/07/2015 00:08:17] /i 13234
[24/07/2015 00:08:18] /i 13234
[24/07/2015 00:08:19] /i 13234
[24/07/2015 00:08:56] /m Shiny Kyogre
[24/07/2015 00:12:51] /r
[24/07/2015 00:13:12] /r
[24/07/2015 00:13:31] /m Shiny Kyogre
[24/07/2015 00:13:57] /r
[24/07/2015 00:14:50] /b Ae galeira se o serv chegar a 25 player on eu darei uma BOX 7 para cada um ^^
[24/07/2015 00:16:24] /i 13214
[24/07/2015 00:16:36] /i 13214
[24/07/2015 00:16:43] /i 13214
[24/07/2015 00:16:59] /m Shiny Kyogre
[24/07/2015 00:17:26] /newtype 103
[24/07/2015 00:17:32] /newtype 100
[24/07/2015 00:17:36] /newtype 99
[24/07/2015 00:17:42] /newtype 101
[24/07/2015 00:18:16] /m Kyogre
[24/07/2015 00:18:36] /m Shiny Kyogre
[24/07/2015 00:19:08] /newtype 102
[24/07/2015 00:19:14] /newtype 103
[24/07/2015 00:19:25] /newtype 104
[24/07/2015 00:19:37] /r
[24/07/2015 00:19:39] /r
[24/07/2015 00:19:41] /r
[24/07/2015 00:19:43] /r
[24/07/2015 00:19:50] /newtype 105
[24/07/2015 00:19:58] /newtype 106
[24/07/2015 00:20:02] /newtype 107
[24/07/2015 00:20:16] /newtype 300
[24/07/2015 00:20:22] /ghost
[24/07/2015 00:20:26] /ghost
[24/07/2015 00:20:38] /mc
[24/07/2015 00:22:26] /ghost
[24/07/2015 00:22:34] /goto Anjinho
[24/07/2015 00:22:55] /goto Willy
[24/07/2015 00:23:26] /ghost
[24/07/2015 00:24:38] /m Shiny Kyogre
[24/07/2015 00:25:34] /ghost
[24/07/2015 00:26:46] /b anuncio Pelotão indo solar B9 não fique de fora e faça a quest tmb ^^
[24/07/2015 00:28:46] /b Mvp Deoxy na metade go go go 
[24/07/2015 00:28:55] /b vai morrer vai morrer ^^
[24/07/2015 00:29:30] /c Stronda
[24/07/2015 00:29:51] /b Em 2 Minutos ela estará desbugada
[24/07/2015 00:29:59] /t Stronda
[24/07/2015 00:50:36] /mc
[24/07/2015 00:50:42] /goto Tiia
[24/07/2015 00:56:35] /ghost
[24/07/2015 00:57:40] /goto Tiia
[24/07/2015 01:11:02] /r
[24/07/2015 01:11:26] /s Shadow Yvetal
[24/07/2015 01:12:03] /s Shadow Yvetal
[24/07/2015 01:13:13] /b Galera, A principio amanhã lançaremos B11 pra vcs ^^
[24/07/2015 01:13:37] /b Corrigindo AManhã não, Hoje durante a tarde ou a noitinha ^^
[24/07/2015 01:14:06] /newtype 107
[24/07/2015 01:14:12] /ghost
[24/07/2015 01:14:15] /ghost
[24/07/2015 01:14:23] /newtype 660
[24/07/2015 01:14:32] /newtype 300
[24/07/2015 01:14:40] /newtype 1999
[24/07/2015 01:14:44] /newtype 99
[24/07/2015 01:14:56] /newtype 100
[24/07/2015 01:15:01] /newtype 103
[24/07/2015 01:16:32] /ghost
[24/07/2015 01:16:36] /goto Luis Killer
[24/07/2015 01:18:30] /b Fique por dentro de tudo que acontece no Serv através da página https://www.facebook.com/pages/Poke-Anonymous/525787050906217?ref=bookmarks e do Grupo https://www.facebook.com/groups/1668314636730879/?ref=bookmarks
[24/07/2015 01:19:04] /ghost
[24/07/2015 01:21:24] /newtype 107
[24/07/2015 01:23:29] /newtype 300
[24/07/2015 01:23:52] /b Farei uma Invasão em frente ao cp de saffron... Bora lá galera da madrugada
[24/07/2015 01:24:25] /m Shiny Kyogre
[24/07/2015 01:24:26] /m Shiny Kyogre
[24/07/2015 01:24:27] /m Shiny Kyogre
[24/07/2015 01:24:29] /m Shiny Kyogre
[24/07/2015 01:24:31] /m Shiny Kyogre/m Shiny Kyogre
[24/07/2015 01:24:32] /m Shiny Kyogre
[24/07/2015 01:24:33] /m Shiny Kyogre/m Shiny Kyogre
[24/07/2015 01:24:35] /m Shiny Kyogre
[24/07/2015 01:24:36] /m Shiny Kyogre
[24/07/2015 01:24:38] /m Shiny Kyogre/m Shiny Kyogre/m Shiny Kyogre
[24/07/2015 01:24:39] /m Shiny Kyogre
[24/07/2015 01:24:40] /m Shiny Kyogre
[24/07/2015 01:24:40] /m Shiny Kyogre
[24/07/2015 01:24:42] /m Shiny Kyogre
[24/07/2015 01:24:42] /m Shiny Kyogre
[24/07/2015 01:24:42] /m Shiny Kyogre
[24/07/2015 01:24:43] /m Shiny Kyogre
[24/07/2015 01:24:43] /m Shiny Kyogre
[24/07/2015 01:24:44] /m Shiny Kyogre
[24/07/2015 01:24:45] /m Shiny Kyogre
[24/07/2015 01:24:46] /m Shiny Kyogre
[24/07/2015 01:24:47] /m Shiny Kyogre
[24/07/2015 01:24:49] /m Shiny Kyogre/m Shiny Kyogre
[24/07/2015 01:24:51] /m Shiny Kyogre/m Shiny Kyogre/m Shiny Kyogre
[24/07/2015 01:24:51] /m Shiny Kyogre
[24/07/2015 01:24:52] /m Shiny Kyogre
[24/07/2015 01:24:53] /m Shiny Kyogre
[24/07/2015 01:24:53] /m Shiny Kyogre
[24/07/2015 01:24:54] /m Shiny Kyogre
[24/07/2015 01:24:55] /m Shiny Kyogre
[24/07/2015 01:24:55] /m Shiny Kyogre
[24/07/2015 01:24:56] /m Shiny Kyogre
[24/07/2015 01:24:57] /m Shiny Kyogre
[24/07/2015 01:24:57] /m Shiny Kyogre
[24/07/2015 01:24:58] /m Shiny Kyogre
[24/07/2015 01:24:58] /m Shiny Kyogre
[24/07/2015 01:24:59] /m Shiny Kyogre
[24/07/2015 01:24:59] /m Shiny Kyogre
[24/07/2015 01:25:00] /m Shiny Kyogre
[24/07/2015 01:25:01] /m Shiny Kyogre
[24/07/2015 01:25:01] /m Shiny Kyogre
[24/07/2015 01:25:02] /m Shiny Kyogre
[24/07/2015 01:25:02] /m Shiny Kyogre
[24/07/2015 01:25:03] /m Shiny Kyogre
[24/07/2015 01:25:03] /m Shiny Kyogre
[24/07/2015 01:25:04] /m Shiny Kyogre
[24/07/2015 01:25:04] /m Shiny Kyogre
[24/07/2015 01:25:05] /m Shiny Kyogre
[24/07/2015 01:25:08] /m Shiny Kyogre/m Shiny Kyogre/m Shiny Kyogre/m Shiny Kyogre/m Shiny Kyogre
[24/07/2015 01:25:09] /m Shiny Kyogre
[24/07/2015 01:25:10] /m Shiny Kyogre
[24/07/2015 01:25:11] /m Shiny Kyogre
[24/07/2015 01:25:11] /m Shiny Kyogre
[24/07/2015 01:25:12] /m Shiny Kyogre
[24/07/2015 01:25:13] /m Shiny Kyogre
[24/07/2015 01:25:13] /m Shiny Kyogre
[24/07/2015 01:25:14] /m Shiny Kyogre
[24/07/2015 01:25:14] /m Shiny Kyogre
[24/07/2015 01:25:15] /m Shiny Kyogre
[24/07/2015 01:25:15] /m Shiny Kyogre
[24/07/2015 01:25:16] /m Shiny Kyogre
[24/07/2015 01:25:17] /m Shiny Kyogre
[24/07/2015 01:25:18] /m Shiny Kyogre
[24/07/2015 01:25:18] /m Shiny Kyogre
[24/07/2015 01:25:20] /m Shiny Kyogre
[24/07/2015 01:25:20] /m Shiny Kyogre
[24/07/2015 01:25:21] /m Shiny Kyogre
[24/07/2015 01:25:21] /m Shiny Kyogre
[24/07/2015 01:25:22] /m Shiny Kyogre
[24/07/2015 01:25:23] /m Shiny Kyogre
[24/07/2015 01:25:23] /m Shiny Kyogre
[24/07/2015 01:26:40] /clean
[24/07/2015 01:28:30] /m Shadow Yvental
[24/07/2015 01:29:17] /m Black Kyurem
[24/07/2015 01:30:54] /m celebi
[24/07/2015 01:31:03] /m celebi
[24/07/2015 01:31:08] /m celibi
[24/07/2015 01:31:15] /m black celebi
[24/07/2015 01:31:20] /m black celebi
[24/07/2015 01:31:54] /m manaphy
[24/07/2015 01:31:58] /m manaphy
[24/07/2015 01:32:07] /m shiny manaphy
[24/07/2015 01:32:25] /m shiny Manaphy
[24/07/2015 01:34:10] /m zombie
[24/07/2015 01:34:40] /m Mega Tyranitar
[24/07/2015 01:35:18] /m deoxys Mvp
[24/07/2015 01:36:15] /b Deoxys Mvp fazendo a festa em frente ao cp de saffron lol
[24/07/2015 01:37:01] /m Victini Mvp
[24/07/2015 01:37:23] /m Mega Metagross
[24/07/2015 01:38:13] /m Red Gyrardos
[24/07/2015 01:38:38] /m Shadow Mega Charizard
[24/07/2015 01:39:33] /m Shadow Mega Alakazam
[24/07/2015 01:39:57] /m Black Articuno
[24/07/2015 01:40:40] /m Shadow Mega Alakazam
[24/07/2015 01:40:49] /m Mega Alakazam
[24/07/2015 01:41:03] /m Red Mega Alakazam
[24/07/2015 01:41:16] /m Shadow Mega Tyranitar
[24/07/2015 01:41:58] /i Mega Stone
[24/07/2015 01:42:30] /m Red Gyarardos
[24/07/2015 01:42:59] /m Mega Gyarados
[24/07/2015 01:43:40] /m Shadow Yveltal
[24/07/2015 01:51:04] /m Primal Dialga
[24/07/2015 01:51:44] /m Victini
[24/07/2015 01:51:53] /m Shadow Victini
[24/07/2015 01:51:58] /m Shiny Victini
[24/07/2015 01:52:59] /b Invasão de victini na frente do cp > Normal , Shiny e Shadown 
[24/07/2015 01:53:56] /m Shadow Regigigs
[24/07/2015 01:54:03] /m Shadow Regigigas
[24/07/2015 01:54:18] /m Black Mega Charizard
[24/07/2015 01:54:25] /m Black Charizard
[24/07/2015 01:54:33] /m Mega Charizard
[24/07/2015 01:54:42] /m Elder Charizard
[24/07/2015 01:54:46] /m Charirzard
[24/07/2015 01:54:52] /m Charizard
[24/07/2015 01:54:59] /m Shadow Mega Charizard
[24/07/2015 01:55:54] /b Familia do zard atacando em frente do cp de saffron > charizard > Elder > Shiny > Mega > Black
[24/07/2015 01:56:02] /m Black Charizard
[24/07/2015 01:56:47] /m Shadow Mega Charizard
[24/07/2015 01:58:27] /m Shiny Phiony
[24/07/2015 01:59:13] /m green Dialga
[24/07/2015 01:59:32] /m Primal Dialga
[24/07/2015 01:59:35] /m Dialga
[24/07/2015 02:03:08] /i 10223
[24/07/2015 02:03:20] /r
[24/07/2015 02:03:59] /clean
[24/07/2015 02:04:14] /r
[24/07/2015 02:04:16] /r
[24/07/2015 02:04:24] /r
[24/07/2015 02:04:29] /r
[24/07/2015 02:04:39] /t Tiia
[24/07/2015 02:05:09] /t Tiia
[24/07/2015 02:10:40] /r
[24/07/2015 02:14:32] /b Galera querem um evento esconde esconde com premio ? (eu me escondo e quem achar ganha premio) que acham ? se quiserem falem no game chat
[24/07/2015 02:17:58] /town 1
[24/07/2015 02:18:01] /town 2
[24/07/2015 02:18:04] /town 3
[24/07/2015 02:18:18] /town 4
[24/07/2015 02:18:24] /town 5
[24/07/2015 02:19:51] /b Bom galera estoou escondido
[24/07/2015 02:20:22] /b Dica 1 para chegar em mim se passa por uma praia....
[24/07/2015 02:20:49] /r
[24/07/2015 02:22:34] /b Dica 2 >>> Quem tem problemas com jogos não venham pois é perigoso e viciante....
[24/07/2015 02:23:57] /b Dica 3 >>> Um lugar que poucos player frequentam....
[24/07/2015 02:24:51] /b Dica 4 >>> Tem uma equipe onde me encontro =X....
[24/07/2015 02:28:10] /r
[24/07/2015 02:28:12] /r
[24/07/2015 02:28:20] /r
[24/07/2015 02:37:14] /town 4
[24/07/2015 02:42:11] /town 1
[24/07/2015 02:42:35] /goto Mendingo druid
[24/07/2015 02:42:53] /i 1754
[24/07/2015 02:43:04] /i 1755
[24/07/2015 02:43:22] /r
[24/07/2015 02:43:24] /r
[24/07/2015 02:43:34] /b Se alguem tiver house sem cama me avisa que eu coloco ^^
[24/07/2015 02:43:46] /i 1754
[24/07/2015 02:43:54] /i 1755
[24/07/2015 02:44:20] /i 1754
[24/07/2015 02:44:24] /i 1755
[24/07/2015 02:45:26] /town 1
[24/07/2015 02:52:56] /goto Mendingo Druid
[24/07/2015 02:53:01] /town 4
[24/07/2015 02:53:32] /i pirate Tapestry
[24/07/2015 02:53:37] /r
[24/07/2015 02:53:47] /r
[24/07/2015 02:54:06] /i 6900
[24/07/2015 02:54:23] /i 1869,50
[24/07/2015 02:54:45] /i 1869
[24/07/2015 02:54:50] /i 1869
[24/07/2015 02:54:51] /i 1869
[24/07/2015 02:54:53] /i 1869
[24/07/2015 02:54:54] /i 1869
[24/07/2015 02:54:55] /i 1869
[24/07/2015 02:54:56] /i 1869
[24/07/2015 02:54:58] /i 1869
[24/07/2015 02:54:59] /i 1869
[24/07/2015 02:55:00] /i 1869
[24/07/2015 02:55:01] /i 1869
[24/07/2015 02:55:02] /i 1869
[24/07/2015 02:55:03] /i 1869
[24/07/2015 02:55:04] /i 1869
[24/07/2015 02:55:05] /i 1869
[24/07/2015 02:55:06] /i 1869
[24/07/2015 02:55:08] /i 1869
[24/07/2015 02:55:14] /i 1869
[24/07/2015 02:55:16] /i 1869
[24/07/2015 02:55:18] /i 1869
[24/07/2015 02:55:19] /i 1869
[24/07/2015 02:55:20] /i 1869
[24/07/2015 02:55:22] /i 1869
[24/07/2015 02:55:23] /i 1869
[24/07/2015 02:55:24] /i 1869
[24/07/2015 02:55:26] /i 1869
[24/07/2015 02:55:28] /i 1869
[24/07/2015 02:56:46] /i 1869
[24/07/2015 02:56:47] /i 1869
[24/07/2015 02:56:48] /i 1869
[24/07/2015 02:56:49] /i 1869
[24/07/2015 02:56:50] /i 1869
[24/07/2015 02:56:51] /i 1869
[24/07/2015 02:56:52] /i 1869
[24/07/2015 02:56:54] /i 1869/i 1869
[24/07/2015 02:56:55] /i 1869
[24/07/2015 02:56:56] /i 1869
[24/07/2015 02:56:57] /i 1869
[24/07/2015 02:56:58] /i 1869
[24/07/2015 02:56:59] /i 1869
[24/07/2015 02:57:00] /i 1869
[24/07/2015 02:57:03] /i 1869
[24/07/2015 02:57:05] /i 1869
[24/07/2015 02:57:07] /i 1869
[24/07/2015 02:57:08] /i 1869
[24/07/2015 02:57:09] /i 1869
[24/07/2015 02:57:10] /i 1869
[24/07/2015 02:57:12] /i 1869
[24/07/2015 02:57:13] /i 1869
[24/07/2015 02:57:15] /i 1869
[24/07/2015 02:57:16] /i 1869
[24/07/2015 02:57:20] /i 1869
[24/07/2015 02:57:21] /i 1869
[24/07/2015 02:57:23] /i 1869
[24/07/2015 02:57:26] /i 1869
[24/07/2015 02:57:27] /i 1869
[24/07/2015 02:57:30] /i 1869
[24/07/2015 02:57:31] /i 1869
[24/07/2015 02:57:34] /i 1869
[24/07/2015 02:57:36] /i 1869
[24/07/2015 02:57:38] /i 1869
[24/07/2015 02:57:39] /i 1869
[24/07/2015 02:57:43] /i 1869
[24/07/2015 02:57:45] /i 1869
[24/07/2015 02:57:46] /i 1869
[24/07/2015 02:57:47] /i 1869
[24/07/2015 02:57:48] /i 1869
[24/07/2015 02:57:49] /i 1869
[24/07/2015 02:58:32] /i 1868
[24/07/2015 02:58:37] /r
[24/07/2015 02:58:43] /r
[24/07/2015 02:59:01] /i green tapestry
[24/07/2015 02:59:11] /r
[24/07/2015 02:59:15] /i 1859
[24/07/2015 02:59:19] /r
[24/07/2015 02:59:21] /r
[24/07/2015 03:02:09] /i Mega Stone
[24/07/2015 03:02:15] /i mega stone
[24/07/2015 03:02:58] /town 5
[24/07/2015 03:03:02] /town 6
[24/07/2015 03:03:06] /town 7
[24/07/2015 03:03:14] /town 8
[24/07/2015 03:03:35] /town 9
[24/07/2015 03:03:41] /town 10
[24/07/2015 03:04:05] /town 11
[24/07/2015 03:04:11] /town 12
[24/07/2015 03:04:18] /town 13
[24/07/2015 03:04:25] /town 14
[24/07/2015 03:04:33] /r
[24/07/2015 03:04:53] /town 15
[24/07/2015 03:05:00] /town 16
[24/07/2015 03:05:13] /town 1
[24/07/2015 03:06:09] /ghost
[24/07/2015 03:06:14] /goto Luis Killer
[24/07/2015 03:07:04] /goto Foxnamikaze
[24/07/2015 03:07:18] /goto Keought
[24/07/2015 03:07:56] /goto Timalo
[24/07/2015 03:08:13] /goto Luispb
[24/07/2015 03:08:18] /mc
[24/07/2015 03:08:28] /kick Luispb
[24/07/2015 03:08:52] /kick Luispb
[24/07/2015 03:09:06] /kick Luispb
[24/07/2015 03:09:12] /kick Luispb
[24/07/2015 03:15:22] /owner Bin Laden
[24/07/2015 03:16:59] /i 1869
[24/07/2015 03:17:05] /i 1869
[24/07/2015 03:17:07] /i 1869
[24/07/2015 03:17:08] /i 1869
[24/07/2015 03:17:09] /i 1869
[24/07/2015 03:17:10] /i 1869
[24/07/2015 03:17:13] /i 1869
[24/07/2015 03:17:14] /i 1869
[24/07/2015 03:17:15] /i 1869
[24/07/2015 03:17:16] /i 1869
[24/07/2015 03:17:17] /i 1869
[24/07/2015 03:17:20] /i 1869
[24/07/2015 03:17:23] /i 1869
[24/07/2015 03:17:24] /i 1869
[24/07/2015 03:17:26] /i 1869
[24/07/2015 03:17:28] /i 1869
[24/07/2015 03:17:29] /i 1869
[24/07/2015 03:17:44] /i 1869
[24/07/2015 03:17:45] /i 1869
[24/07/2015 03:17:46] /i 1869
[24/07/2015 03:17:47] /i 1869
[24/07/2015 03:17:49] /i 1869
[24/07/2015 03:17:51] /i 1869
[24/07/2015 03:17:52] /i 1869
[24/07/2015 03:17:54] /i 1869
[24/07/2015 03:17:55] /i 1869
[24/07/2015 03:17:56] /i 1869
[24/07/2015 03:17:58] /i 1869
[24/07/2015 03:18:01] /i 1869
[24/07/2015 03:18:13] /i 1869
[24/07/2015 03:18:16] /i 1869
[24/07/2015 03:18:17] /i 1869
[24/07/2015 03:18:18] /i 1869
[24/07/2015 03:18:19] /i 1869
[24/07/2015 03:18:19] /i 1869
[24/07/2015 03:18:20] /i 1869
[24/07/2015 03:18:21] /i 1869
[24/07/2015 03:18:22] /i 1869
[24/07/2015 03:18:34] /i 1869
[24/07/2015 03:18:36] /i 1869
[24/07/2015 03:18:39] /i 1869
[24/07/2015 03:18:40] /i 1869
[24/07/2015 03:18:43] /i 1869
[24/07/2015 03:18:44] /i 1869
[24/07/2015 03:19:36] /i 1869
[24/07/2015 03:19:38] /i 1869
[24/07/2015 03:19:39] /i 1869
[24/07/2015 03:19:43] /i 1869
[24/07/2015 03:19:45] /i 1869
[24/07/2015 03:19:49] /i 1869
[24/07/2015 03:19:50] /i 1869
[24/07/2015 03:19:54] /i 1869/i 1869]]]
[24/07/2015 03:19:55] /i 1869
[24/07/2015 03:19:56] /i 1869
[24/07/2015 03:19:56] /i 1869
[24/07/2015 03:19:57] /i 1869
[24/07/2015 03:19:58] /i 1869
[24/07/2015 03:19:58] /i 1869
[24/07/2015 03:19:59] /i 1869
[24/07/2015 03:20:00] /i 1869/i 1869
[24/07/2015 03:20:01] /i 1869
[24/07/2015 03:20:34] /i 1869
[24/07/2015 03:20:35] /i 1869
[24/07/2015 03:20:37] /i 1869
[24/07/2015 03:20:38] /i 1869
[24/07/2015 03:20:40] /i 1869
[24/07/2015 03:20:42] /i 1869
[24/07/2015 03:20:43] /i 1869
[24/07/2015 03:20:44] /i 1869
[24/07/2015 03:20:47] /i 1869
[24/07/2015 03:20:49] /i 1869
[24/07/2015 03:20:50] /i 1869
[24/07/2015 03:20:51] /i 1869
[24/07/2015 03:20:51] /i 1869
[24/07/2015 03:20:52] /i 1869
[24/07/2015 03:20:52] /i 1869
[24/07/2015 03:20:53] /i 1869
[24/07/2015 03:20:53] /i 1869
[24/07/2015 03:20:54] /i 1869
[24/07/2015 03:20:55] /i 1869
[24/07/2015 03:20:55] /i 1869
[24/07/2015 03:20:56] /i 1869
[24/07/2015 03:20:56] /i 1869
[24/07/2015 03:20:58] /i 1869/i 1869
[24/07/2015 03:20:59] /i 1869
[24/07/2015 03:21:25] /i 1869
[24/07/2015 03:21:29] /i 1869
[24/07/2015 03:21:31] /i 1869
[24/07/2015 03:21:32] /i 1869
[24/07/2015 03:21:34] /i 1869
[24/07/2015 03:21:35] /i 1869
[24/07/2015 03:21:37] /i 1869
[24/07/2015 03:21:38] /i 1869
[24/07/2015 03:21:39] /i 1869
[24/07/2015 03:21:40] /i 1869
[24/07/2015 03:22:11] /addskill Bin Laden,level,5000
[24/07/2015 03:24:16] /i 13215
[24/07/2015 03:24:34] /i 13215
[24/07/2015 03:24:58] /i 13215
[24/07/2015 03:25:57] /i 216
[24/07/2015 03:26:10] /i 2160
[24/07/2015 03:26:20] /i 2160
[24/07/2015 03:26:33] /i Revive
[24/07/2015 03:26:36] /i Revive
[24/07/2015 03:26:40] /i Revive
[24/07/2015 03:33:36] /goto Bin Laden
[24/07/2015 03:35:28] /goto Bin Laden
[24/07/2015 03:35:33] /down
[24/07/2015 03:35:42] /c Bin Laden
[24/07/2015 03:35:57] /c Foxnamikaze
[24/07/2015 04:47:51] /mc
[24/07/2015 04:47:59] /town 1
[24/07/2015 06:36:59] /ghost
[24/07/2015 06:37:03] /ghost
[24/07/2015 06:37:09] /goto Bruno
[24/07/2015 06:37:29] /goto Bruno
[24/07/2015 06:38:52] /goto Bruno
[24/07/2015 06:43:28] /goto Bruno
[24/07/2015 06:43:34] /ghost
[24/07/2015 06:43:39] /goto Bruno
[24/07/2015 06:45:17] /m Shiny Kyogre
[24/07/2015 06:45:44] /r
[24/07/2015 11:20:56] /mc
[24/07/2015 11:21:07] /b Bom Dia Gente o/
[24/07/2015 11:21:14] /ghost
[24/07/2015 11:21:47] /b Não consegui dormir ainda, estou pregado de sono :(
[24/07/2015 11:21:57] /goto Mc Tati Zaqui
[24/07/2015 11:22:04] /ghost
[24/07/2015 11:24:42] /town 4
[24/07/2015 11:25:05] /c Mc Tati Zaqui
[24/07/2015 11:25:46] /town 1
[24/07/2015 11:25:56] /goto Mc Tati Zaqui
[24/07/2015 11:26:47] /r
[24/07/2015 11:26:55] /r
[24/07/2015 11:27:50] /i 1250
[24/07/2015 11:28:09] /town 1
[24/07/2015 11:28:13] /town 4
[24/07/2015 11:28:19] /c Mc Tati Zaqui
[24/07/2015 11:29:24] /ghost
[24/07/2015 11:29:30] /town 1
[24/07/2015 11:36:41] /ghost
[24/07/2015 11:36:52] /mc
[24/07/2015 11:39:34] /ghost
[24/07/2015 11:39:40] /newtype 99
[24/07/2015 11:39:47] /newtype 100
[24/07/2015 11:39:54] /newtype 101
[24/07/2015 11:39:59] /newtype 103
[24/07/2015 11:41:12] /goto Stronda Ligth
[24/07/2015 11:41:44] /ghost
[24/07/2015 11:42:03] /newtype 107
[24/07/2015 11:42:09] /ghost
[24/07/2015 11:43:17] /c [CM] Kirito
[24/07/2015 11:44:45] /ghost
[24/07/2015 11:44:55] /newtype 103
[24/07/2015 11:45:31] /newtype 332
[24/07/2015 11:45:54] /newtype 100
[24/07/2015 11:46:00] /newtype 101
[24/07/2015 11:46:05] /newtype 105
[24/07/2015 11:46:15] /newtype 333
[24/07/2015 11:46:43] /newtype 401
[24/07/2015 11:46:49] /newtype 99
[24/07/2015 11:47:22] /newtype 309
[24/07/2015 11:47:41] /ghost
[24/07/2015 11:47:47] /ghost
[24/07/2015 11:49:15] /ghost
[24/07/2015 11:49:24] /b pessoal to afk rapidinho, ja volto
[24/07/2015 11:58:46] /mc
[24/07/2015 12:03:56] /b Galera se chegar a 22 players on faremos Evento Bag
[24/07/2015 12:05:15] /b Galera 22 Player on = Evento Bag / 15 Player On = Evento Esconde Esconde  (Bora chamar seus amigos para entrar nessa aventura)
[24/07/2015 12:06:23] /mc
[24/07/2015 12:06:35] /kick Menina Do Rio
[24/07/2015 12:06:44] /kick Sou muito mal
[24/07/2015 12:06:48] /mc
[24/07/2015 12:07:24] /mc
[24/07/2015 12:07:32] /mc
[24/07/2015 12:07:58] /b Galera sem usar multi cliente ou será banido ;)
[24/07/2015 12:09:56] /mc
[24/07/2015 12:11:13] /b Galera como prometido 15 Player on terá evento bag com o > [CM] Kirito aguarde informações do mesmo com as dicas e corra para ganhar seu premio ^^
[24/07/2015 12:11:26] /mc
[24/07/2015 12:19:44] /ghost
[24/07/2015 12:20:33] /newtype 300
[24/07/2015 12:21:03] /ghost
[24/07/2015 12:25:30] /town 1
[24/07/2015 12:57:32] /mc
[24/07/2015 12:59:28] /mc
[24/07/2015 13:02:01] /b Galera o pouco lag apresentado está decorrido q to atualizando coisas na maquina do serv e não atk (o atk que tentaram faz nem cocegas)Relaxem q assim q eu acabar estabiliza 100% novamente ^^ (vou lá terminar d arrumar e upar as atualizações) #Fuii
[24/07/2015 13:03:51] /mc
[24/07/2015 14:06:07] /town 5
[24/07/2015 14:06:11] /town 6
[24/07/2015 14:06:23] /town 7
[24/07/2015 14:06:27] /town 8
[24/07/2015 14:06:31] /town 9
[24/07/2015 14:06:34] /town 10
[24/07/2015 14:06:38] /town 11
[24/07/2015 14:06:41] /town 11
[24/07/2015 14:06:45] /town 1
[24/07/2015 14:06:48] /town 2
[24/07/2015 14:06:55] /town 3
[24/07/2015 14:07:06] /goto Krisalio
[24/07/2015 14:07:14] /ghost
[24/07/2015 14:07:49] /ghost
[24/07/2015 14:08:17] /town 4
[24/07/2015 14:08:21] /town 5
[24/07/2015 14:08:26] /town 5
[24/07/2015 14:08:31] /town 6
[24/07/2015 14:08:41] /town 7
[24/07/2015 14:08:44] /town 8
[24/07/2015 14:08:50] /town 9
[24/07/2015 14:08:54] /town 10
[24/07/2015 14:09:01] /town 11
[24/07/2015 14:09:07] /town 12
[24/07/2015 14:09:11] /town 13
[24/07/2015 14:09:15] /town 14
[24/07/2015 14:10:23] /save
[24/07/2015 14:10:40] /clean
[24/07/2015 14:11:01] /r
[24/07/2015 14:11:07] /r
[24/07/2015 14:11:16] /r
[24/07/2015 14:11:18] /r
[24/07/2015 14:11:22] /r
[24/07/2015 14:11:23] /r
[24/07/2015 14:11:25] /r
[24/07/2015 14:11:26] /r
[24/07/2015 14:11:28] /r
[24/07/2015 14:11:29] /r
[24/07/2015 14:11:31] /r
[24/07/2015 14:11:34] /r
[24/07/2015 14:11:55] /r
[24/07/2015 14:11:56] /r
[24/07/2015 14:11:59] /r
[24/07/2015 14:12:00] /r
[24/07/2015 14:12:02] /r
[24/07/2015 14:12:03] /r
[24/07/2015 14:12:05] /r
[24/07/2015 14:12:06] /r
[24/07/2015 14:12:07] /r
[24/07/2015 14:12:09] /r
[24/07/2015 14:12:10] /r
[24/07/2015 14:12:11] /r
[24/07/2015 14:12:12] /r
[24/07/2015 14:12:13] /r
[24/07/2015 14:12:15] /r
[24/07/2015 14:12:16] /r
[24/07/2015 14:12:17] /r
[24/07/2015 14:12:19] /r
[24/07/2015 14:12:20] /r
[24/07/2015 14:12:43] /r
[24/07/2015 14:12:44] /r
[24/07/2015 14:12:45] /r
[24/07/2015 14:12:46] /r
[24/07/2015 14:12:46] /r
[24/07/2015 14:12:48] /r
[24/07/2015 14:12:48] /r
[24/07/2015 14:12:51] /r
[24/07/2015 14:12:52] /r
[24/07/2015 14:13:05] /r
[24/07/2015 14:13:06] /r
[24/07/2015 14:13:07] /r
[24/07/2015 14:13:08] /r
[24/07/2015 14:13:08] /r
[24/07/2015 14:13:09] /r
[24/07/2015 14:13:09] /r
[24/07/2015 14:13:10] /r
[24/07/2015 14:13:11] /r
[24/07/2015 14:13:17] /r
[24/07/2015 14:13:20] /r
[24/07/2015 14:13:21] /r
[24/07/2015 14:13:24] /r
[24/07/2015 14:13:25] /r
[24/07/2015 14:13:28] /r
[24/07/2015 14:13:28] /r
[24/07/2015 14:13:31] /r
[24/07/2015 14:13:32] /r
[24/07/2015 14:13:34] /r
[24/07/2015 14:13:36] /r
[24/07/2015 14:13:36] /r
[24/07/2015 14:13:38] /r
[24/07/2015 14:13:39] /r
[24/07/2015 14:13:40] /r
[24/07/2015 14:13:42] /r
[24/07/2015 14:13:46] /r
[24/07/2015 14:13:52] /r
[24/07/2015 14:13:53] /r
[24/07/2015 14:13:55] /r
[24/07/2015 14:13:57] /r
[24/07/2015 14:13:58] /r
[24/07/2015 14:17:08] /goto Lugia
[24/07/2015 14:17:14] /goto Mpv Lugia
[24/07/2015 14:17:59] /b Lugia será recompensa de alguma das novas quest que estamos criando ^^ por enquanto não tem disponivel no mapa para catch ou quest
[24/07/2015 14:25:22] /mc
[24/07/2015 14:25:37] /goto Krisalio
[24/07/2015 14:25:52] /goto Canon
[24/07/2015 14:26:10] /goto Extremocv
[24/07/2015 14:26:28] /goto Darkinator
[24/07/2015 14:26:51] /goto Anjinho
[24/07/2015 14:27:24] /goto Wildney
[24/07/2015 14:27:54] /goto  Male
[24/07/2015 14:28:25] /goto Bingobook
[24/07/2015 14:28:38] /goto Shuunck Stronda
[24/07/2015 14:28:58] /goto Conon
[24/07/2015 14:52:43] /goto Mendingo Druid
[24/07/2015 14:52:49] /ghost
[24/07/2015 15:30:36] /goto [ADM] Lucas Da Silva
[24/07/2015 15:30:43] /ghost
[24/07/2015 15:37:31] /goto Mendingo Druid
[24/07/2015 15:37:49] /goto [ADM] Lucas Da Silva
[24/07/2015 15:44:39] /b Quest cuno não está bugada e sim tem limite de player por tempo ou seja (exemplo a cada hora apenas 10 player podem fazer e ela não abrirá + o portal voltando a abrir apenas depois dessa 1h fechada)
[24/07/2015 15:46:35] /t canon
[24/07/2015 15:47:35] /mc
[24/07/2015 15:47:46] /kick Cdsajkdjaskjf
[24/07/2015 15:47:57] /mc
[24/07/2015 15:48:40] /goto Luis Killer
[24/07/2015 15:51:45] /c Mendingo Druid
[24/07/2015 15:52:20] /kick Mendingo Druid
[24/07/2015 15:53:09] /t Mendingo Druid
[24/07/2015 16:01:24] /mc
[24/07/2015 17:08:33] /ghost
[24/07/2015 17:28:32] /goto [ADM] Lucas Da Silva
[24/07/2015 17:30:43] /ghost
[24/07/2015 17:37:33] /town 1
[24/07/2015 17:37:49] /goto Mendingo Druid
[24/07/2015 17:38:19] /i 1754
[24/07/2015 17:38:33] /i 1755
[24/07/2015 17:38:40] /c mendingo druid
[24/07/2015 17:38:47] /town 1
[24/07/2015 17:43:51] /reload talkactions
[24/07/2015 17:44:27] /b Galera, Corrigido teleport de alguns Pokes ^^
[24/07/2015 17:45:08] /reload talkactions
[24/07/2015 18:11:55] /reload action
[24/07/2015 18:14:22] /ghost
[24/07/2015 18:14:30] /ghost
[24/07/2015 18:14:35] /newtype 103
[24/07/2015 18:14:43] /newtype 107
[24/07/2015 18:16:44] /b Galera Evento Esconde Esconde valendo uma Master Bal ? quem quer fala no game-chat
[24/07/2015 18:17:55] /b  Evento apenas para player =( sorry Thodyto vulgo Thodinho kkkk
[24/07/2015 18:18:10] /b vou me esconder e assim que estiver escondido passo as dicas 
[24/07/2015 18:18:33] /town 11
[24/07/2015 18:19:47] /newtype 300
[24/07/2015 18:20:43] /i master ball
[24/07/2015 18:21:16] /b Bora começar o evento galera.... Estou numa city a beira lago
[24/07/2015 18:22:27] /b Dica 2 da onde estou alem do lago consigo ver algumas arvores, algumas com folhas e outras com galho seco...
[24/07/2015 18:22:32] /mc
[24/07/2015 18:23:31] /b Lembrando, quem me encontrar ganhará uma Master Ball
[24/07/2015 18:23:57] /b Dica 3>>> Onde estou está muito Frio...
[24/07/2015 18:24:26] /ghost
[24/07/2015 18:24:39] /newtype 107
[24/07/2015 18:26:10] /b Luis Killer me achou lol
[24/07/2015 18:27:41] /m shiny jriachi
[24/07/2015 18:28:11] /m Shiny Jriachi
[24/07/2015 18:28:26] /m shiny jirachi
[24/07/2015 18:28:46] /m shiny jirachi
[24/07/2015 18:29:08] /m Shadow jirachi
[24/07/2015 18:30:01] /newtype 30
[24/07/2015 18:30:54] /newtype 102
[24/07/2015 18:31:01] /newtype 103
[24/07/2015 18:35:16] /c Luis Killer
[24/07/2015 18:37:50] /newtype 108
[24/07/2015 18:37:56] /newtype 109
[24/07/2015 18:38:03] /newtype 40
[24/07/2015 18:38:10] /newtype 42
[24/07/2015 18:38:15] /newtype 300
[24/07/2015 18:58:22] /r
[24/07/2015 18:58:30] /ghost
[24/07/2015 19:02:15] /i Enigma Stone
[24/07/2015 19:04:45] /i Enigma Stone
[24/07/2015 19:05:14] /i Fire Stone
[24/07/2015 19:05:44] /i Fire Stone
[24/07/2015 19:05:50] /i Fire Stone
[24/07/2015 19:05:51] /i Fire Stone
[24/07/2015 19:05:52] /i Fire Stone
[24/07/2015 19:06:42] /r
[24/07/2015 19:06:55] /r
[24/07/2015 19:06:56] /r
[24/07/2015 19:06:57] /r
[24/07/2015 19:06:58] /r
[24/07/2015 19:07:01] /r
[24/07/2015 19:07:02] /r
[24/07/2015 19:07:02] /r
[24/07/2015 19:08:28] /goto New Axsh
[24/07/2015 19:11:30] /town 1
[24/07/2015 19:16:41] /town 1
[24/07/2015 19:18:28] /town 1
[24/07/2015 21:37:59] /mc
[24/07/2015 21:38:37] /goto BlackCelebi
[24/07/2015 21:39:01] /a 23
[25/07/2015 06:19:26] /goto Leonardinho
[25/07/2015 07:39:33] /goto Mc Tati Zaqui
[25/07/2015 07:40:00] /ghost
[25/07/2015 07:41:05] /ghost
[25/07/2015 07:41:11] /goto Leonardinho
[25/07/2015 07:41:57] /goto Leonardinho
[25/07/2015 07:42:15] /ghost
[25/07/2015 07:42:23] /newtype 107
[25/07/2015 07:42:34] /t Mc Tati Zaqui
[25/07/2015 07:42:59] /up
[25/07/2015 07:45:28] /ghost
[25/07/2015 07:46:13] /goto Tenevor
[25/07/2015 07:47:52] /a 3
[25/07/2015 12:05:50] /b Boa Tarde Galera
[25/07/2015 12:09:19] /i box 1
[25/07/2015 12:09:33] /i box +1
[25/07/2015 12:09:58] /i 1639
[25/07/2015 12:10:07] /r
[25/07/2015 12:10:21] /r
[25/07/2015 12:10:26] /r
[25/07/2015 12:10:30] /r
[25/07/2015 12:10:45] /i 1869
[25/07/2015 12:11:02] /i 1254
[25/07/2015 12:11:27] /r
[25/07/2015 12:11:59] /i 1250
[25/07/2015 12:12:30] /i 11674
[25/07/2015 12:13:21] /town 2
[25/07/2015 12:14:25] /town 3
[25/07/2015 12:14:41] /town 4
[25/07/2015 12:14:51] /town 5
[25/07/2015 12:15:08] /town 6
[25/07/2015 12:16:23] /addskill [ADM] Spawn,level,5000
[25/07/2015 12:17:14] /town 4
[25/07/2015 12:17:18] /town 5
[25/07/2015 12:17:22] /town 6
[25/07/2015 12:18:18] /town 7
[25/07/2015 12:19:44] /town 8
[25/07/2015 12:20:15] /town 9
[25/07/2015 12:20:32] /town 10
[25/07/2015 12:21:05] /town 11
[25/07/2015 12:21:19] /town 12
[25/07/2015 12:21:23] /town 13
[25/07/2015 12:21:26] /town 14
[25/07/2015 12:21:44] /town 15
[25/07/2015 12:22:07] /town 16
[25/07/2015 12:22:11] /town 17
[25/07/2015 12:22:40] /ghost
[25/07/2015 12:22:52] /ghost
[25/07/2015 12:37:48] /town 13
[25/07/2015 12:38:32] /town 13
[25/07/2015 12:38:36] /town 12
[25/07/2015 12:39:34] /mc
[25/07/2015 12:39:42] /goto Tenevor
[25/07/2015 12:39:55] /goto Shuunck Stonda
[25/07/2015 12:40:09] /goto Shuunck Stronda
[25/07/2015 12:40:26] /goto Lioniro
[25/07/2015 12:41:29] /goto Srnick
[25/07/2015 12:42:14] /goto Mc Binladen
[25/07/2015 12:46:05] /town 14
[25/07/2015 12:50:36] /i 2603
[25/07/2015 12:50:52] /i 2603
[25/07/2015 12:51:10] /i 2603
[25/07/2015 12:51:18] /i 2603
[25/07/2015 12:51:38] /i 11475
[25/07/2015 12:52:02] /i 11475
[25/07/2015 12:52:12] /i 11475
[25/07/2015 12:52:27] /i 2603
[25/07/2015 12:52:30] /i 2603
[25/07/2015 12:52:35] /i 2603
[25/07/2015 12:54:43] /up
[25/07/2015 12:55:09] /town 14
[25/07/2015 12:55:15] /up
[25/07/2015 12:56:12] /down
[25/07/2015 12:56:19] /up
[25/07/2015 12:56:42] /i 919
[25/07/2015 12:59:23] /i fuchsia
[25/07/2015 12:59:34] /town 4
[25/07/2015 13:00:02] /i 1139
[25/07/2015 13:00:12] /r
[25/07/2015 13:00:16] /r
[25/07/2015 13:00:18] /r
[25/07/2015 13:00:51] /i 11639
[25/07/2015 13:01:14] /i 1869
[25/07/2015 13:01:18] /i 1869
[25/07/2015 13:01:49] /i 1869
[25/07/2015 13:01:51] /i 1869
[25/07/2015 13:01:52] /i 1869
[25/07/2015 13:01:53] /i 1869
[25/07/2015 13:02:14] /i 1869
[25/07/2015 13:02:15] /i 1869
[25/07/2015 13:02:15] /i 1869
[25/07/2015 13:02:16] /i 1869
[25/07/2015 13:02:17] /i 1869
[25/07/2015 13:02:17] /i 1869
[25/07/2015 13:02:18] /i 1869
[25/07/2015 13:02:19] /i 1869
[25/07/2015 13:02:20] /i 1869
[25/07/2015 13:02:20] /i 1869
[25/07/2015 13:02:21] /i 1869
[25/07/2015 13:02:22] /i 1869
[25/07/2015 13:02:23] /i 1869
[25/07/2015 13:02:24] /i 1869
[25/07/2015 13:02:24] /i 1869
[25/07/2015 13:02:25] /i 1869
[25/07/2015 13:02:25] /i 1869
[25/07/2015 13:02:26] /i 1869
[25/07/2015 13:02:27] /i 1869
[25/07/2015 13:02:27] /i 1869
[25/07/2015 13:02:28] /i 1869
[25/07/2015 13:02:28] /i 1869
[25/07/2015 13:02:29] /i 1869
[25/07/2015 13:02:29] /i 1869
[25/07/2015 13:02:30] /i 1869
[25/07/2015 13:02:31] /i 1869
[25/07/2015 13:02:31] /i 1869
[25/07/2015 13:02:32] /i 1869
[25/07/2015 13:02:33] /i 1869
[25/07/2015 13:02:33] /i 1869
[25/07/2015 13:02:34] /i 1869
[25/07/2015 13:02:34] /i 1869
[25/07/2015 13:02:35] /i 1869
[25/07/2015 13:02:36] /i 1869
[25/07/2015 13:02:36] /i 1869
[25/07/2015 13:02:37] /i 1869
[25/07/2015 13:02:37] /i 1869
[25/07/2015 13:02:38] /i 1869
[25/07/2015 13:02:38] /i 1869
[25/07/2015 13:02:39] /i 1869
[25/07/2015 13:02:45] /i 1869
[25/07/2015 13:02:46] /i 1869
[25/07/2015 13:02:47] /i 1869
[25/07/2015 13:02:48] /i 1869
[25/07/2015 13:02:48] /i 1869
[25/07/2015 13:02:49] /i 1869
[25/07/2015 13:02:50] /i 1869
[25/07/2015 13:02:53] /i 1869
[25/07/2015 13:02:53] /i 1869
[25/07/2015 13:02:54] /i 1869
[25/07/2015 13:02:55] /i 1869
[25/07/2015 13:02:56] /i 1869
[25/07/2015 13:02:56] /i 1869
[25/07/2015 13:02:57] /i 1869
[25/07/2015 13:02:57] /i 1869
[25/07/2015 13:02:58] /i 1869
[25/07/2015 13:02:58] /i 1869
[25/07/2015 13:02:59] /i 1869
[25/07/2015 13:02:59] /i 1869
[25/07/2015 13:03:00] /i 1869
[25/07/2015 13:03:01] /i 1869
[25/07/2015 13:03:01] /i 1869
[25/07/2015 13:03:02] /i 1869
[25/07/2015 13:03:02] /i 1869
[25/07/2015 13:03:03] /i 1869
[25/07/2015 13:03:04] /i 1869
[25/07/2015 13:03:08] /i 1869
[25/07/2015 13:03:08] /i 1869
[25/07/2015 13:03:09] /i 1869
[25/07/2015 13:03:09] /i 1869
[25/07/2015 13:03:10] /i 1869
[25/07/2015 13:03:10] /i 1869
[25/07/2015 13:03:11] /i 1869
[25/07/2015 13:03:11] /i 1869
[25/07/2015 13:03:12] /i 1869
[25/07/2015 13:03:12] /i 1869
[25/07/2015 13:03:14] /i 1869
[25/07/2015 13:03:14] /i 1869
[25/07/2015 13:03:15] /i 1869
[25/07/2015 13:03:15] /i 1869
[25/07/2015 13:03:16] /i 1869
[25/07/2015 13:03:16] /i 1869
[25/07/2015 13:03:17] /i 1869
[25/07/2015 13:03:18] /i 1869
[25/07/2015 13:03:32] /i 1869
[25/07/2015 13:03:32] /i 1869
[25/07/2015 13:03:33] /i 1869
[25/07/2015 13:03:33] /i 1869
[25/07/2015 13:03:34] /i 1869
[25/07/2015 13:03:34] /i 1869
[25/07/2015 13:03:35] /i 1869
[25/07/2015 13:03:35] /i 1869
[25/07/2015 13:03:36] /i 1869
[25/07/2015 13:03:36] /i 1869
[25/07/2015 13:03:37] /i 1869
[25/07/2015 13:03:37] /i 1869
[25/07/2015 13:03:38] /i 1869
[25/07/2015 13:03:38] /i 1869
[25/07/2015 13:03:38] /i 1869
[25/07/2015 13:03:39] /i 1869
[25/07/2015 13:03:39] /i 1869
[25/07/2015 13:03:40] /i 1869
[25/07/2015 13:03:40] /i 1869
[25/07/2015 13:03:41] /i 1869
[25/07/2015 13:03:41] /i 1869
[25/07/2015 13:03:42] /i 1869
[25/07/2015 13:03:42] /i 1869
[25/07/2015 13:03:43] /i 1869
[25/07/2015 13:03:48] /i 1869
[25/07/2015 13:03:49] /i 1869
[25/07/2015 13:03:50] /i 1869
[25/07/2015 13:03:50] /i 1869
[25/07/2015 13:03:54] /i 1869
[25/07/2015 13:03:55] /i 1869
[25/07/2015 13:03:55] /i 1869
[25/07/2015 13:03:56] /i 1869
[25/07/2015 13:03:57] /i 1869
[25/07/2015 13:03:57] /i 1869
[25/07/2015 13:03:58] /i 1869
[25/07/2015 13:03:58] /i 1869
[25/07/2015 13:03:59] /i 1869
[25/07/2015 13:03:59] /i 1869
[25/07/2015 13:04:00] /i 1869
[25/07/2015 13:04:00] /i 1869
[25/07/2015 13:04:01] /i 1869
[25/07/2015 13:04:01] /i 1869
[25/07/2015 13:04:02] /i 1869
[25/07/2015 13:04:02] /i 1869
[25/07/2015 13:04:03] /i 1869
[25/07/2015 13:04:04] /i 1869
[25/07/2015 13:04:04] /i 1869
[25/07/2015 13:04:05] /i 1869
[25/07/2015 13:04:05] /i 1869
[25/07/2015 13:04:06] /i 1869
[25/07/2015 13:04:06] /i 1869
[25/07/2015 13:04:31] /i 1869
[25/07/2015 13:04:32] /i 1869
[25/07/2015 13:04:32] /i 1869
[25/07/2015 13:04:33] /i 1869
[25/07/2015 13:04:33] /i 1869
[25/07/2015 13:04:34] /i 1869
[25/07/2015 13:04:34] /i 1869
[25/07/2015 13:04:34] /i 1869
[25/07/2015 13:04:35] /i 1869
[25/07/2015 13:04:35] /i 1869
[25/07/2015 13:04:36] /i 1869
[25/07/2015 13:04:36] /i 1869
[25/07/2015 13:04:37] /i 1869
[25/07/2015 13:04:37] /i 1869
[25/07/2015 13:04:38] /i 1869
[25/07/2015 13:04:38] /i 1869
[25/07/2015 13:04:39] /i 1869
[25/07/2015 13:04:39] /i 1869
[25/07/2015 13:04:40] /i 1869
[25/07/2015 13:04:41] /i 1869
[25/07/2015 13:04:41] /i 1869
[25/07/2015 13:04:42] /i 1869
[25/07/2015 13:04:42] /i 1869
[25/07/2015 13:04:42] /i 1869
[25/07/2015 13:04:44] /i 1869
[25/07/2015 13:04:44] /i 1869
[25/07/2015 13:04:45] /i 1869
[25/07/2015 13:04:46] /i 1869
[25/07/2015 13:04:59] /m Shadow Yvetal
[25/07/2015 13:05:12] /m Mega Tyranitar
[25/07/2015 13:05:45] /m Mega Tyranitar
[25/07/2015 13:06:32] /r
[25/07/2015 13:06:34] /r
[25/07/2015 13:07:09] /town 1
[25/07/2015 13:07:23] /town 4
[25/07/2015 13:11:19] /i Pirate Tapestry
[25/07/2015 13:11:26] /r
[25/07/2015 13:14:58] /town
[25/07/2015 13:15:02] /town 1
[25/07/2015 13:16:53] /ghost
[25/07/2015 13:17:24] /i 1754
[25/07/2015 13:17:29] /i 1755
[25/07/2015 13:18:07] /r
[25/07/2015 13:18:23] /i 1754
[25/07/2015 13:18:27] /i 1755
[25/07/2015 13:18:57] /i 1754
[25/07/2015 13:19:01] /i 1755
[25/07/2015 13:19:20] /i 1754
[25/07/2015 13:19:24] /i 1755
[25/07/2015 13:20:08] /i 6527
[25/07/2015 13:20:15] /i 1754
[25/07/2015 13:20:19] /i 1755
[25/07/2015 13:20:44] /b Galera quem tiver house e não tiver cama na mesma me avisa que eu coloco ^^
[25/07/2015 13:20:50] /i 1754
[25/07/2015 13:20:55] /i 1755
[25/07/2015 13:21:14] /i 1755
[25/07/2015 13:21:19] /i 1754
[25/07/2015 13:22:11] /i 1754
[25/07/2015 13:22:15] /i 1755
[25/07/2015 13:22:30] /i 1754
[25/07/2015 13:22:35] /i 1755
[25/07/2015 13:23:14] /i 1754
[25/07/2015 13:23:17] /i 1755
[25/07/2015 13:23:35] /info [CM] Kirito
[25/07/2015 13:23:44] /info Mendingo Druid
[25/07/2015 13:24:18] /i 1754
[25/07/2015 13:24:33] /i 1755
[25/07/2015 13:25:02] /i 1754
[25/07/2015 13:25:06] /i 1755
[25/07/2015 13:25:39] /ghost
[25/07/2015 13:26:01] /i 1754
[25/07/2015 13:26:04] /i 1755
[25/07/2015 13:26:34] /r
[25/07/2015 13:26:38] /r
[25/07/2015 13:26:52] /i 1547
[25/07/2015 13:27:05] /r
[25/07/2015 13:27:43] /i 1250
[25/07/2015 13:28:37] /newtype 103
[25/07/2015 13:28:46] /newtype 10
[25/07/2015 13:28:55] /newtype 1
[25/07/2015 13:28:59] /newtype 2
[25/07/2015 13:29:05] /newtype 3
[25/07/2015 13:29:09] /newtype 5
[25/07/2015 13:29:38] /newtype 107
[25/07/2015 13:29:48] /ghost
[25/07/2015 13:34:58] /i 1754
[25/07/2015 13:35:06] /i 1755
[25/07/2015 13:35:33] /a 5
[25/07/2015 13:38:54] /info Ekko De Luden
[25/07/2015 13:39:22] /info Mendingo Druid
[25/07/2015 13:39:28] /mc
[25/07/2015 13:40:36] /newtype 110
[25/07/2015 13:40:45] /newtype 115
[25/07/2015 13:41:01] /newtype 300
[25/07/2015 13:45:03] /i 12930
[25/07/2015 13:46:43] /ghost
[25/07/2015 13:48:49] /goto [HELP - TESTE] Kirito Black
[25/07/2015 13:50:02] /town 1
[25/07/2015 13:51:05] /newtype 115
[25/07/2015 13:52:38] /newtype 116
[25/07/2015 13:52:47] /newtype 117
[25/07/2015 13:52:57] /newtype 118
[25/07/2015 13:53:02] /newtype 119
[25/07/2015 13:53:06] /newtype 200
[25/07/2015 13:53:13] /newtype 250
[25/07/2015 13:53:18] /newtype 300
[25/07/2015 13:53:22] /newtype 30
[25/07/2015 13:53:26] /newtype 301
[25/07/2015 13:53:30] /newtype 302
[25/07/2015 13:53:36] /newtype 303
[25/07/2015 13:53:42] /newtype 304
[25/07/2015 13:53:47] /newtype 305
[25/07/2015 13:53:55] /newtype 306
[25/07/2015 13:54:08] /newtype 307
[25/07/2015 13:54:12] /newtype 310
[25/07/2015 13:54:45] /newtype 400
[25/07/2015 13:54:51] /newtype 450
[25/07/2015 13:54:58] /newtype 500
[25/07/2015 13:55:02] /newtype 600
[25/07/2015 13:55:07] /newtype 700
[25/07/2015 13:55:14] /newtype 1000
[25/07/2015 13:55:24] /newtype 1020
[25/07/2015 13:55:35] /newtype 1700
[25/07/2015 13:55:51] /newtype 1800
[25/07/2015 13:56:08] /newtype 1900
[25/07/2015 13:56:17] /newtype 1992
[25/07/2015 13:57:07] /newtype 1999
[25/07/2015 13:58:27] /newtype 300
[25/07/2015 13:59:41] /b Galera estou fazendo manutenção do serv pode gerar um pouco de lag (bugs sendo corregido)
[25/07/2015 14:07:57] !revert
[25/07/2015 14:28:29] /m Rhiperyor
[25/07/2015 14:29:33] /i 11641
[25/07/2015 14:29:48] /i 11641
[25/07/2015 14:29:51] /i 11641
[25/07/2015 14:29:54] /i 11641
[25/07/2015 14:29:55] /i 11641
[25/07/2015 14:30:00] /i 11641
[25/07/2015 14:30:04] /i 11641
[25/07/2015 14:30:07] /i 11641
[25/07/2015 14:30:10] /i 11641
[25/07/2015 14:30:13] /i 11641
[25/07/2015 14:30:15] /i 11641
[25/07/2015 14:30:19] /i 11641
[25/07/2015 14:31:00] /i 11641
[25/07/2015 14:31:01] /i 11641
[25/07/2015 14:31:02] /i 11641
[25/07/2015 14:31:02] /i 11641
[25/07/2015 14:31:17] /r
[25/07/2015 14:31:21] /r
[25/07/2015 14:31:23] /r
[25/07/2015 14:31:31] /r
[25/07/2015 15:20:56] /mc
[25/07/2015 15:21:03] /ghost
[25/07/2015 15:21:06] /ghost
[25/07/2015 15:21:15] /goto [ADM] Lucas Da Silva
[25/07/2015 15:21:46] /ghost
[25/07/2015 15:23:17] /i Ultra Ball
[25/07/2015 15:23:27] /i ultra ball
[25/07/2015 17:41:18] /ghost
[25/07/2015 17:41:23] /goto [ADM] Lucas Da Silva
[25/07/2015 17:41:34] /newtype 107
[25/07/2015 17:41:46] /ghost
[25/07/2015 17:46:00] /town
[25/07/2015 17:46:17] /r
[25/07/2015 17:46:52] /town 1
[25/07/2015 17:49:03] /m Mega Tyranitar
[25/07/2015 17:50:11] /b Lucas is Bad =X
[25/07/2015 17:50:29] /newtype 2000
[25/07/2015 17:50:35] /newtype 1999
[25/07/2015 17:50:45] /newtype 103
[25/07/2015 17:51:28] /b todo mundo sabe que precisa de char sem group pra testar ^^
[25/07/2015 17:55:21] /newtype 107
[25/07/2015 17:56:08] /newtype 103
[25/07/2015 17:56:14] /newtype 300
[25/07/2015 17:59:37] /goto [ADM] Lucas Da Silva
[25/07/2015 18:00:23] /ghost
[25/07/2015 18:02:53] /goto Fubuki
[25/07/2015 18:12:21] /attr health -100000000000000000000000
[25/07/2015 18:12:25] /attr health -100000000000000000000000
[25/07/2015 18:12:36] /attr health -100000000000000000000000
[25/07/2015 18:13:14] /r
[25/07/2015 18:13:21] /r
[25/07/2015 18:13:43] /r
[25/07/2015 18:14:15] /ghost
[25/07/2015 18:17:00] /ghost
[25/07/2015 18:17:08] /goto [HELP - TESTE] Thodyto
[25/07/2015 18:17:49] /ghost
[25/07/2015 18:19:01] /b Galera relaxem será melhorado os poderes da Dialga acabamos de fazer com isso nem tivemos tempo de balancea-la ;)
[25/07/2015 18:20:22] /b O Sh. Regigis será implementando Poison Gas apenas pois se por muita coisa ficará descompensado a força com os d+ ^^ 
[25/07/2015 18:21:48] /b Lembre-se atualmente o serv se encontra em versão Beta (testa) e estamos arrumando os bugs e criando as quest com isso algumas coisas passam despercebidas ou demoram um pouco a serem feita devido as prioridades implantadas mas o caminho é esse ^^
[25/07/2015 18:23:26] /b Cabe lembrar > As box serão feitas da B1 a B20 > Areas de Hunts serão criadas porém não muitas e colocaremos > Areas de Catch como já tem black cuno e black Celebi com outros pokes porém é necessário tempo para que possamos criar até pq é feito do 0 ^^
[25/07/2015 18:24:26] /b Phione Mvp já amarelo gente
[25/07/2015 18:24:51] /c [HELP - TESTE] Kirito Black
[25/07/2015 18:25:53] /b Helps Solando Phione Mvp e já está indo pra red sua life .... CORRAM
[25/07/2015 18:26:48] /c Mendingo Druid
[25/07/2015 18:26:53] /ghost
[25/07/2015 18:27:38] /b Phione MVP no red galera, corrammmmmmmmmmmmmmmmmmmmmmmm
[25/07/2015 18:28:00] /r Shadow Mega Celebi
[25/07/2015 18:29:02] /newtype 107
[25/07/2015 18:29:07] /ghost
[25/07/2015 18:29:28] /b Phione dando seus ultimos suspiro de vida =(
[25/07/2015 18:29:33] /newtype 320
[25/07/2015 18:29:49] /newtype 103
[25/07/2015 18:32:01] /newtype 319
[25/07/2015 18:32:29] /newtype 318
[25/07/2015 18:32:46] /newtype 321
[25/07/2015 18:32:53] /newtype 322
[25/07/2015 18:32:59] /newtype 323
[25/07/2015 18:34:11] /newtype 330
[25/07/2015 18:34:21] /newtype 329
[25/07/2015 18:34:28] /newtype 317
[25/07/2015 18:34:33] /newtype 331
[25/07/2015 18:34:38] /newtype 322
[25/07/2015 18:34:43] /newtype 333
[25/07/2015 18:34:48] /newtype 334
[25/07/2015 18:34:53] /newtype 334
[25/07/2015 18:34:57] /newtype 335
[25/07/2015 18:35:01] /newtype 336
[25/07/2015 18:35:06] /newtype 338
[25/07/2015 18:35:11] /newtype 339
[25/07/2015 18:35:16] /newtype 340
[25/07/2015 18:35:21] /newtype 343
[25/07/2015 18:35:27] /newtype 350
[25/07/2015 18:35:34] /newtype 360
[25/07/2015 18:35:42] /newtype 330
[25/07/2015 18:36:19] /b Black Celebi Mvp no amarelo.. isso ae tudo brasileiro (Desistem nunca) hehehehehe
[25/07/2015 18:37:57] /t Chosen
[25/07/2015 18:38:12] /c Chosen
[25/07/2015 18:38:54] /c Mendingo Druid
[25/07/2015 18:48:32] /newtype 330
[25/07/2015 18:55:35] /n Box+1
[25/07/2015 18:55:51] /n Mega Stone
[25/07/2015 18:55:59] /i Mega Stone
[25/07/2015 19:03:11] /b algumas quest são para se fazerem de grupo 1 usando psic tonteando e outro atk =X hehehe ( Uma forma de integrar os players entre si) por isso liberamos os Help e Tutores para solar junto (caso eles queiram) ^^
[25/07/2015 19:05:29] /b O Player Mendingo Druid é #Shemale =X
[25/07/2015 19:09:04] /b Galerinha irei sair para ver o jogo do Imortal Tricolor (Grêmio) após o termino do jogo retorno ^^ #BomGame
[25/07/2015 19:15:28] /ghost
[25/07/2015 19:16:42] /i 13215
[25/07/2015 21:34:43] /newtype 300
[25/07/2015 21:42:20] /mc
[25/07/2015 21:45:08] /goto [HELP - TESTE] Thodyto
[25/07/2015 21:45:34] /ghost
[25/07/2015 21:46:28] /info Danielle Da Silva
[25/07/2015 21:47:20] /info Luis Killer
[25/07/2015 21:47:35] /info Danielle Da Silva
[25/07/2015 21:48:28] /info Danielle Da Silva
[25/07/2015 21:48:42] /info [HELP - TESTE] Kirito Black
[25/07/2015 21:49:53] /town 2
[25/07/2015 21:50:04] /b Danielle Da Silva
[25/07/2015 21:50:37] /ghost
[25/07/2015 21:50:41] /goto Danielle Da Silva
[25/07/2015 21:51:40] /info Danielle Da Silva
[25/07/2015 21:59:05] /ghost
[25/07/2015 22:04:12] /kick [TUTOR] Thodyto
[25/07/2015 22:05:06] /b Vou Jantar galera, depois to ae ^^
[26/07/2015 07:14:48] /ghost
[26/07/2015 07:48:00] /ghost
[26/07/2015 07:48:03] /ghost
[26/07/2015 09:00:51] /ghost
[26/07/2015 09:00:54] /ghost
[26/07/2015 09:01:01] /goto Darkbioneco
[26/07/2015 09:04:03] /town 4
[26/07/2015 09:07:46] /town 1
[26/07/2015 09:09:27] /mc
[26/07/2015 09:09:44] /ghost
[26/07/2015 09:09:48] /ghost
[26/07/2015 09:09:52] /goto Foda
[26/07/2015 09:10:18] /goto Sexy Dayana
[26/07/2015 09:45:36] /mc
[26/07/2015 09:46:11] /b Bom Dia Galerinha
[26/07/2015 09:47:01] /goto Darkbioneco
[26/07/2015 09:50:05] /b Querem um evento Esconde Esconde valendo Boost 2 pra iniciar esse domingão ? (caso queiram falem no game-chat) ^^
[26/07/2015 09:52:50] /b Evento Esconde Esconde funciona da seguinte forma > Eu me esconderei e passarei dicas de onde estiver escondido o 1º player que me achar ganhar o player
[26/07/2015 09:53:05] /b bom vou me esconder, aguardem as dicas
[26/07/2015 09:54:09] /goto Bic Makz
[26/07/2015 09:55:04] /ghost
[26/07/2015 09:55:48] /b 1ª Dica > estou bem de boa sentado no sofá vendo uma tv
[26/07/2015 09:55:53] /ghost
[26/07/2015 09:55:56] /ghost
[26/07/2015 09:56:56] /b 2ª Dica > Caso enjoe de ver tv ainda posso usar o computador que fica do lado 
[26/07/2015 09:58:06] /b 3ª Dica > Gosto dessa cidade pois é uma cidade que tem uma praia linda porém é pouca habitada
[26/07/2015 09:58:53] /b 4ª Dica > Creio que precisarei trocar esses tapetes azuis do chão pois é uma cor que não gosto
[26/07/2015 09:59:19] /b Player Pichote encontrou ^^
[26/07/2015 10:00:36] /ghost
[26/07/2015 10:01:48] /n já volto pessoal, vou atualizar umas coisinhas mas rlx que o serv continuará on afinal o mesmo é 24h ^^
[26/07/2015 10:02:22] /b  já volto pessoal, vou atualizar umas coisinhas mas rlx que o serv continuará on afinal o mesmo é 24h ^^
[26/07/2015 10:55:59] /ghost
[26/07/2015 10:56:02] /ghost
[26/07/2015 10:56:10] /town 1
[26/07/2015 10:59:26] /attr health -10000
[26/07/2015 10:59:28] /attr health 10000
[26/07/2015 10:59:29] /attr health 10000
[26/07/2015 10:59:30] /attr health 10000
[26/07/2015 10:59:33] /attr health 10000000
[26/07/2015 10:59:42] /attr health 10000
[26/07/2015 11:00:00] /attr health -10000
[26/07/2015 11:00:08] /attr health -10000
[26/07/2015 11:00:10] /attr health -10000
[26/07/2015 11:00:10] /attr health -10000
[26/07/2015 11:00:11] /attr health -10000
[26/07/2015 11:00:12] /attr health -10000
[26/07/2015 11:00:13] /attr health -10000
[26/07/2015 11:00:14] /attr health -10000
[26/07/2015 11:00:20] /attr health -1000000
[26/07/2015 11:00:24] /attr health -1000000000
[26/07/2015 11:00:28] /attr health -10000000
[26/07/2015 11:00:32] /attr health -100000000
[26/07/2015 11:00:34] /attr health -1000000000000
[26/07/2015 11:00:38] /attr health -1000000
[26/07/2015 11:00:41] /attr health -10000000
[26/07/2015 11:00:45] /attr health -10000
[26/07/2015 11:00:48] /attr health -10000000
[26/07/2015 11:00:51] /attr health -100000000
[26/07/2015 11:00:55] /attr health -100000000000
[26/07/2015 11:51:41] /b Há boatos que temos um tutor Shemale na staff =X kkkkkkkkkkkkk
[26/07/2015 11:59:27] /b Usem .!Save ae que atualizei uns bug corrigindo.... !   obrigado!!!
[26/07/2015 11:59:48] /goto Black Celebi MVp
[26/07/2015 12:03:35] /ghost
[26/07/2015 12:03:38] /ghost
[26/07/2015 12:06:56] /c Mendingo Druid
[26/07/2015 12:07:12] /c Mendingo Druid
[26/07/2015 12:07:40] /attr health -1000000
[26/07/2015 12:07:44] /attr health -1000000
[26/07/2015 12:07:50] /attr health -10000
[26/07/2015 12:07:58] /attr health -1000000
[26/07/2015 12:08:02] /attr health -100000000
[26/07/2015 12:08:05] /attr health -100000000000
[26/07/2015 12:08:45] /attr health -10000000
[26/07/2015 12:08:50] /attr health -10000000
[26/07/2015 12:09:05] /attr health -1000000
[26/07/2015 12:09:08] /attr health -10000000000
[26/07/2015 12:09:43] /goto Mendingo Druid
[26/07/2015 12:11:32] /t Mendingo Druid
[26/07/2015 12:15:34] /town 4
[26/07/2015 12:15:58] /c [TUTOR] Thodyto
[26/07/2015 12:16:05] /town 13
[26/07/2015 12:16:12] /c [TUTOR] Thodyto
[26/07/2015 12:46:31] /ghost
[26/07/2015 12:46:43] /ghost
[26/07/2015 12:47:32] /i 11641
[26/07/2015 12:47:43] /i 11641
[26/07/2015 12:47:53] /r
[26/07/2015 12:48:04] /r
[26/07/2015 13:02:07] /b Boa Tarde....
[26/07/2015 13:02:14] /ghost
[26/07/2015 13:02:18] /ghost
[26/07/2015 13:07:27] /b Galera não transformem o ditto em Black, ou mega  caso seja pegado serão dados notation... (arrumaremos o bug do ditto e o mesmo só poderá se transformar em pokes normais e shinys)
[26/07/2015 13:22:57] /ghost
[26/07/2015 13:23:00] /ghost
[26/07/2015 13:23:11] /goto Scarllet Johasson
[26/07/2015 13:26:11] /goto Mendingo Druid
[26/07/2015 13:26:25] /goto Chepenoz
[26/07/2015 13:27:50] /goto Carlos
[26/07/2015 13:28:11] /goto Matheus Silva
[26/07/2015 13:28:32] /goto Chaa
[26/07/2015 13:28:38] /mc
[26/07/2015 13:29:06] /goto Mendingo Druid
[26/07/2015 13:29:25] /ghost
[26/07/2015 13:29:44] /goto [TUTOR] Thodyto
[26/07/2015 13:29:55] /newtype 107
[26/07/2015 13:31:27] /b Pessoal indo solar B13...
[26/07/2015 13:34:37] /goto Mendingo Druid
[26/07/2015 13:36:02] /b  Encontrei o corpo de um #Shemale =X kkkkkkkkkkkkk 13:35 You see a dead human (Vol:10). You recognize Mendingo Druid. She was killed by a Shiny Celebi.
[26/07/2015 13:36:32] /goto [TUTOR] Thodyto
[26/07/2015 13:36:42] /ghost
[26/07/2015 13:38:20] /goto Phione
[26/07/2015 13:38:29] /goto Shiny Celebi
[26/07/2015 13:38:55] /goto Phione
[26/07/2015 13:39:01] /goto Shiny Phione
[26/07/2015 13:40:37] /b ixii outro ? kkkkkkkkkkkk 13:40 You see a dead human (Vol:10). You recognize [TUTOR] Thodyto. He was killed by a Shiny Phione.  (Esse Phione e Celebi são assassino heim =X euiahoueiaheau)
[26/07/2015 13:41:09] /c Mendingo Druid
[26/07/2015 13:43:29] /goto Mendingo Druid
[26/07/2015 13:48:45] /b Grupo >> https://www.facebook.com/groups/1668314636730879/
[26/07/2015 13:51:34] /goto Mendingo Druid
[26/07/2015 13:52:24] /goto Chepenoz
[26/07/2015 13:54:07] /goto Chepenoz
[26/07/2015 13:55:45] /goto Chepenoz
[26/07/2015 14:08:20] /mc
[26/07/2015 14:11:21] /goto Tenevor
[26/07/2015 14:11:50] /ghost
[26/07/2015 14:12:13] /goto Suvetii
[26/07/2015 14:13:01] /goto Tenevor
[26/07/2015 14:14:42] /newtype 320
[26/07/2015 14:14:50] /newtype 319
[26/07/2015 14:14:57] /newtype 330
[26/07/2015 14:15:10] /newtype 329
[26/07/2015 14:15:17] /newtype 318
[26/07/2015 14:15:44] /newtype 317
[26/07/2015 14:15:52] /newtype 315
[26/07/2015 14:16:06] /newtype 320
[26/07/2015 14:16:16] /newtype 300
[26/07/2015 14:16:25] /newtype 1656
[26/07/2015 14:16:32] /newtype 1550
[26/07/2015 14:16:41] /newtype 1500
[26/07/2015 14:16:51] /newtype 1503
[26/07/2015 14:17:45] /newtype 1504
[26/07/2015 14:17:54] /newtype 1505
[26/07/2015 14:18:02] /newtype 5010
[26/07/2015 14:18:08] /newtype 1515
[26/07/2015 14:18:42] /newtype 1516
[26/07/2015 14:18:59] /newtype 1519
[26/07/2015 14:21:00] /newtype 1520
[26/07/2015 14:21:09] /newtype 1525
[26/07/2015 14:21:19] /newtype 1590
[26/07/2015 14:22:35] /newtype 1600
[26/07/2015 14:22:55] /newtype 2002
[26/07/2015 14:23:00] /newtype 30
[26/07/2015 14:23:09] /newtype 3330
[26/07/2015 14:23:34] /newtype 300
[26/07/2015 14:24:25] /ghost
[26/07/2015 14:26:35] /town 13
[26/07/2015 14:26:40] /town 14
[26/07/2015 14:27:24] /b Querem evento pvp ?
[26/07/2015 15:13:15] /b net boa é assim passo meia hora on e 1h off --'
[26/07/2015 15:13:24] /goto [ADM] Lucas Da Silva
[26/07/2015 15:13:38] /ghost
[26/07/2015 15:14:53] /r
[26/07/2015 15:15:06] /r
[26/07/2015 15:15:34] /r
[26/07/2015 15:15:42] /r
[26/07/2015 15:16:18] /r
[26/07/2015 15:17:05] /r
[26/07/2015 15:17:43] /r
[26/07/2015 15:17:52] /save
[26/07/2015 15:18:17] /b Iremos reiniciar para novas atualizações entrarem em vigor....
[26/07/2015 15:19:11] /ghost
[26/07/2015 15:19:14] /ghost
[26/07/2015 15:22:30] /b Quem tiver Ditto venha cp de saffron e joga atras da nurce joy pois se pegarmos usando ditto até arrumarmos iremos banir as acc ;)
[26/07/2015 15:34:04] /b deleta e deixa só a principal e #Foda-se
[26/07/2015 15:42:14] /c Mendingo Druid
[26/07/2015 15:42:54] /kick Mendingo Druid
[26/07/2015 15:49:04] /rename [ADM] Spawn, [ADM] Zoeiro
