[19/08/2015 18:53:52] /ghost
[19/08/2015 18:53:57] /t
[19/08/2015 18:54:42] /owner [CM] Thodyto
[19/08/2015 18:55:20] /addskill ,[CM] Thodyto,level,10000
[19/08/2015 18:55:38] /addskill [CM] Thodyto,level,10000
[19/08/2015 18:56:00] /mc
[19/08/2015 18:56:46] /t
[19/08/2015 18:56:52] /newtype 300
[19/08/2015 18:57:59] /goto Obito
[19/08/2015 18:58:06] /ghost
[19/08/2015 18:58:18] /ghost
[19/08/2015 18:58:34] /t
[19/08/2015 19:00:06] /unban v
[19/08/2015 19:00:09] /unban Lordmk
[19/08/2015 19:27:39] /b 15 players on galera 
[19/08/2015 19:27:47] /goto [ADM] Zoeiro
[19/08/2015 19:29:18] /unban Gbzao
[19/08/2015 19:29:36] /b galera
[19/08/2015 19:29:43] /b vai ter evento bag vou ajeitar as bag 
[19/08/2015 19:30:07] /c [TUTOR]Mendingo Druid
[19/08/2015 19:30:41] /t [TUTOR]Mendingo Druid
[19/08/2015 19:30:52] /ghost
[19/08/2015 19:42:42] /i 12940
[19/08/2015 19:42:43] /i 12940
[19/08/2015 19:42:44] /i 12940
[19/08/2015 19:42:45] /i 12940
[19/08/2015 19:42:45] /i 12940
[19/08/2015 19:42:50] /b galera to montando evnto 
[19/08/2015 19:42:52] /b evento bag
[19/08/2015 19:42:58] /b 3 premios especiais 
[19/08/2015 19:43:02] /i 12940
[19/08/2015 19:43:03] /i 12940
[19/08/2015 19:43:04] /i 12940
[19/08/2015 19:43:05] /i 12940
[19/08/2015 19:43:06] /i 12940
[19/08/2015 19:43:07] /i 12940
[19/08/2015 19:43:27] /a 2
[19/08/2015 19:43:38] /c [ADM] Zoeiro
[19/08/2015 19:43:40] /a 2
[19/08/2015 19:43:48] /i boost stone2
[19/08/2015 19:44:12] /i mastar ball
[19/08/2015 19:44:17] /i dark ball
[19/08/2015 19:44:22] /i master ball
[19/08/2015 19:44:32] /i cocon stone
[19/08/2015 19:44:36] /i coccon stone
[19/08/2015 19:44:39] /i darkness stone
[19/08/2015 19:44:55] /i 2160
[19/08/2015 19:45:43] /a 2
[19/08/2015 19:45:49] /ghost
[19/08/2015 19:45:52] /ghost
[19/08/2015 19:46:08] /goto [ADM] Zoeiro
[19/08/2015 19:46:11] /a 2
[19/08/2015 19:46:19] /b galera se entrar com pokes volta pro cp 
[19/08/2015 19:49:42] /a 10
[19/08/2015 19:49:50] /b todos la no portal 
[19/08/2015 19:49:56] /b em ordem
[19/08/2015 19:50:00] /t
[19/08/2015 19:50:16] /b melhores premios 
[19/08/2015 19:50:30] /b sh jyrachi sh reshiram sh zekrom 
[19/08/2015 19:50:36] /b yvetal
[19/08/2015 19:51:06] /t Bamobi
[19/08/2015 19:51:42] /r
[19/08/2015 19:51:58] /c Gbzao
[19/08/2015 19:52:04] /c Lordmk
[19/08/2015 19:52:09] /c Lordmk
[19/08/2015 19:52:20] /a 5
[19/08/2015 19:52:26] /i dice
[19/08/2015 19:53:00] /b galera
[19/08/2015 19:53:30] /t Patrick
[19/08/2015 19:53:40] /mc
[19/08/2015 19:53:48] /b saiam do mc ou leva ban 
[19/08/2015 19:54:57] /b calma galera 
[19/08/2015 19:55:33] /mc
[19/08/2015 19:55:48] /b galera ja avisei de mc tira logo 
[19/08/2015 19:56:15] /mc
[19/08/2015 19:57:36] /mc
[19/08/2015 19:59:48] /unban Neto Walker
[19/08/2015 20:00:02] /b passa nick certo se pegar e n for 
[19/08/2015 20:00:12] /b é ip 
[19/08/2015 20:00:50] /unban Neto Killer
[19/08/2015 20:00:55] /b debanido
[19/08/2015 20:03:26] /b evento bag 
[19/08/2015 20:03:45] /b calma galera jaja fasso mais bags
[19/08/2015 20:05:49] /t Bamobi
[19/08/2015 20:05:56] /mc
[19/08/2015 20:10:14] /b galera vou repor as bags pera
[19/08/2015 20:10:49] /t
[19/08/2015 20:10:53] /ghost
[19/08/2015 20:11:20] /goto [ADM] Zoeiro
[19/08/2015 20:11:23] /a 2
[19/08/2015 20:11:32] /b ei galera oq querem nas proximas ?? manda no gc 
[19/08/2015 20:13:32] /i 2160
[19/08/2015 20:14:16] /b galera vai ter uma bag premiada 
[19/08/2015 20:15:05] /mc
[19/08/2015 20:16:50] /b bag premiada saiu galera 
[19/08/2015 20:17:47] /ghost
[19/08/2015 20:17:50] /ghost
[19/08/2015 20:18:47] /b galera evento encerando entrem no tp vou fechar
[19/08/2015 20:18:49] /t
[19/08/2015 20:19:07] /i 12940
[19/08/2015 20:19:13] /a 2
[19/08/2015 20:19:20] /a 2
[19/08/2015 20:23:40] /b kkkkkkkkkk sonha 
[19/08/2015 20:24:17] /t
[19/08/2015 20:24:23] /b galera
[19/08/2015 20:24:27] /b agora um evento esconde esconde
[19/08/2015 20:24:35] /b em saffron estoou invisivel
[19/08/2015 20:24:44] /ghost
[19/08/2015 20:24:47] /ghost
[19/08/2015 20:24:52] /cliport
[19/08/2015 20:25:08] /b premio surpresa
[19/08/2015 20:25:22] /b   vou fazer 3 esconde esconde
[19/08/2015 20:25:34] /b dicas estou em saffon posso ver houses 
[19/08/2015 20:25:39] /b estou invi 
[19/08/2015 20:25:44] /b entao boa sorte
[19/08/2015 20:26:00] /b fox wins meu deus como isso 
[19/08/2015 20:26:03] /ghost
[19/08/2015 20:26:22] /ghost
[19/08/2015 20:26:27] /b galera mais tarde fasso o rseto
[19/08/2015 20:26:32] /b foxx wins jaa 
[19/08/2015 20:26:38] /b vou ir arumar usn bugzinhos
[19/08/2015 20:44:48] /b galera
[19/08/2015 20:44:55] /b voltei
[19/08/2015 20:45:10] /b aee 36 on 
[19/08/2015 20:45:12] /mc
[19/08/2015 20:45:31] /b todos que tiverem de mc saiam to dando chance em galeraa 
[19/08/2015 20:45:42] /b vamos continuar nos eventos esconde esconde 
[19/08/2015 20:45:51] /b taltan 2 ainda vamo laa 
[19/08/2015 20:45:55] /goto Bmobi
[19/08/2015 20:45:58] /goto Bamobi
[19/08/2015 20:46:16] /goto Bamobi
[19/08/2015 20:46:44] /b galera n sou eu que mecho nas quests é o spaw e o lucas n é comigo 
[19/08/2015 20:46:51] /b vamos continuar o evento esconde esconde 
[19/08/2015 20:46:57] /town 8
[19/08/2015 20:47:17] /b n vou responder todos esses pms n mandem help ou gc galera 
[19/08/2015 20:47:59] /goto Mrgabroh
[19/08/2015 20:48:07] /t
[19/08/2015 20:49:54] /r
[19/08/2015 20:49:56] /r
[19/08/2015 20:49:56] /r
[19/08/2015 20:49:58] /r
[19/08/2015 20:50:01] /r
[19/08/2015 20:50:04] /r
[19/08/2015 20:50:06] /r
[19/08/2015 20:50:08] /r
[19/08/2015 20:50:18] /r
[19/08/2015 20:50:20] /r
[19/08/2015 20:50:22] /r
[19/08/2015 20:50:23] /r
[19/08/2015 20:50:24] /r
[19/08/2015 20:50:26] /r
[19/08/2015 20:50:27] /r
[19/08/2015 20:50:28] /r
[19/08/2015 20:50:36] /r
[19/08/2015 20:50:49] /r
[19/08/2015 20:50:51] /r
[19/08/2015 20:50:56] /r
[19/08/2015 20:50:57] /r
[19/08/2015 20:50:58] /r
[19/08/2015 20:50:59] /r
[19/08/2015 20:51:00] /r
[19/08/2015 20:51:02] /r
[19/08/2015 20:51:03] /r
[19/08/2015 20:51:04] /r
[19/08/2015 20:51:05] /r
[19/08/2015 20:51:10] /r
[19/08/2015 20:51:11] /r
[19/08/2015 20:51:13] /r
[19/08/2015 20:51:14] /r
[19/08/2015 20:51:15] /r
[19/08/2015 20:51:17] /r
[19/08/2015 20:51:26] /r
[19/08/2015 20:51:28] /r
[19/08/2015 20:51:37] /r
[19/08/2015 20:51:55] /r
[19/08/2015 20:51:58] /r
[19/08/2015 20:52:13] /r
[19/08/2015 20:52:15] /r
[19/08/2015 20:52:17] /r
[19/08/2015 20:52:23] /r
[19/08/2015 20:52:25] /r
[19/08/2015 20:52:28] /r
[19/08/2015 20:52:29] /r
[19/08/2015 20:52:32] /r
[19/08/2015 20:52:34] /r
[19/08/2015 20:52:36] /r
[19/08/2015 20:52:38] /r
[19/08/2015 20:52:40] /r
[19/08/2015 20:52:41] /r
[19/08/2015 20:52:45] /r
[19/08/2015 20:52:46] /r
[19/08/2015 20:52:48] /r
[19/08/2015 20:52:49] /r
[19/08/2015 20:52:52] /r
[19/08/2015 20:52:56] /r
[19/08/2015 20:52:58] /r
[19/08/2015 20:53:02] /r
[19/08/2015 20:53:16] /b ja ajudei demais agora vcs se viram 
[19/08/2015 20:53:21] /t
[19/08/2015 20:53:30] /b voltando aos eventos
[19/08/2015 20:54:21] /ghost
[19/08/2015 20:54:28] /ghost
[19/08/2015 20:54:35] /b calmen galera
[19/08/2015 20:54:42] /b mais tarde ainda n resolvi o bug
[19/08/2015 20:54:55] /b assim que resolver venho com mais 2 eventos esconde esconde 
[19/08/2015 21:11:05] /goto [ADM] Zoeiro
[19/08/2015 21:11:14] /goto [ADM] Zoeiro
[19/08/2015 21:11:56] /t Lol Eu
[19/08/2015 21:12:08] /ghost
[19/08/2015 21:12:35] /m shiny kyogre
[19/08/2015 21:14:17] /ghost
[19/08/2015 21:15:47] /t Chosen 
[19/08/2015 21:16:33] /t
[19/08/2015 21:16:41] /kick Chosen
[19/08/2015 21:35:27] /mc
[19/08/2015 22:37:30] /t
[19/08/2015 22:39:13] /r
[19/08/2015 22:39:26] /ghost
[19/08/2015 22:40:26] /ghost
[19/08/2015 22:49:55] /ghost
[19/08/2015 22:50:01] /ghost
[19/08/2015 22:50:47] /ghost
[20/08/2015 17:03:57] /goto Chosen
[20/08/2015 17:04:02] /ghost
[20/08/2015 17:04:11] /ghost
[20/08/2015 17:04:26] /mc
[20/08/2015 17:05:02] /goto Praq Nick
[20/08/2015 17:05:05] /ghost
[20/08/2015 17:06:35] /a 10
[20/08/2015 17:06:37] /a 15
[20/08/2015 17:06:47] /a 5
[20/08/2015 17:07:00] /a 10
[20/08/2015 17:07:02] /a 7
[20/08/2015 17:07:30] /a 2
[20/08/2015 17:07:46] /goto primal groungon mvp
[20/08/2015 17:07:55] /a 10
[20/08/2015 17:07:58] /a 10
[20/08/2015 17:08:02] /a 10
[20/08/2015 17:08:05] /a 7
[20/08/2015 17:08:11] /a 10
[20/08/2015 17:08:15] /a 10
[20/08/2015 17:08:37] /a 7
[20/08/2015 17:09:32] /a 2
[20/08/2015 17:09:36] /a 2
[20/08/2015 17:10:21] /town 8
[20/08/2015 17:10:28] /m zapdos mvp
[20/08/2015 17:10:34] /m zapdos mvp
[20/08/2015 17:10:40] /m primal kyogre
[20/08/2015 17:11:21] /r
[21/08/2015 14:11:09] /t
[21/08/2015 14:11:31] /mc
[21/08/2015 14:11:49] /b saiam do mc snoop dogg e black smoke ou é ban nas duas acc
[21/08/2015 14:12:47] /t
[21/08/2015 14:14:17] /t
[21/08/2015 14:14:31] /goto victini mvp
[21/08/2015 14:14:58] /s victini mvp
[21/08/2015 14:15:21] /t
[21/08/2015 14:29:39] /mc
[21/08/2015 14:31:06] /goto Zedequii
[21/08/2015 14:31:13] /goto Zedeqii
[21/08/2015 14:32:09] /t
[21/08/2015 14:32:44] /b galera buga porque os pokes estao desajustados e o lv tambem ai upa muito e o poke ficar forte demais bagunça os pokes e o treinados 
[21/08/2015 14:33:05] /b poriso n aconcelho upar alem do lv 30k
[21/08/2015 14:33:16] /b e parem com os pm falem help ou game chat 
[21/08/2015 14:34:11] /b cara mais o certo era nem passar do lv 30 k porque alguns pokes pode n bugar mais outros buga galera 
[21/08/2015 14:34:24] /b n vou tirar n ja disse e proxima vez é ip 
[21/08/2015 14:34:34] /t
[21/08/2015 14:34:53] /baninfo Zedeqi
[21/08/2015 14:35:11] /b uma semana 
[21/08/2015 14:35:24] /baninfo Zedeqi
[21/08/2015 14:38:20] /mc
[21/08/2015 14:39:26] /goto mvp
[21/08/2015 14:39:49] /a 10
[21/08/2015 14:39:55] /a 15
[21/08/2015 14:41:28] /baninfo Zedeqii
[21/08/2015 14:42:42] /goto Zedeqii
[21/08/2015 14:42:59] /kick Zedeqii
[21/08/2015 14:43:53] /t
[21/08/2015 14:44:36] /mc
[21/08/2015 14:45:51] /t
[21/08/2015 14:46:22] /a 15
[21/08/2015 14:46:28] /a 15
[21/08/2015 14:46:31] /a 10
[21/08/2015 14:46:34] /a 4
[21/08/2015 14:46:38] /a 6
[21/08/2015 14:47:17] /a 2
[22/08/2015 12:25:11] /mc
[22/08/2015 12:25:35] /b sose chegar a 30 on ai eu fasso evento bag
[22/08/2015 12:27:39] /a 15
[22/08/2015 12:28:31] /a 2
[22/08/2015 12:28:54] /goto regigigas
[22/08/2015 12:28:59] /goto tangela
[22/08/2015 12:30:10] /t
[22/08/2015 12:30:18] /town 18
[23/08/2015 16:52:19] /t
[23/08/2015 16:52:32] /i diamond
[23/08/2015 16:52:36] /i diamonds
[23/08/2015 16:52:39] /i dyamonds
[23/08/2015 16:52:42] /i vip 
[23/08/2015 16:52:53] /i scrab coins
[23/08/2015 16:55:03] /a 2
[23/08/2015 16:55:34] /t
[23/08/2015 16:56:16] /i 2159
[23/08/2015 16:56:29] /t
[23/08/2015 16:56:33] /a 5
[23/08/2015 16:57:23] /s Jirachi MVP
[23/08/2015 16:58:20] /t
[23/08/2015 16:58:56] /i 2160
[23/08/2015 16:58:57] /i 2160
[23/08/2015 16:58:58] /i 2160
[23/08/2015 16:58:58] /i 2160
[23/08/2015 16:58:59] /i 2160
[23/08/2015 16:59:44] /i 2160
[23/08/2015 16:59:45] /i 2160
[23/08/2015 16:59:45] /i 2160
[23/08/2015 16:59:46] /i 2160
[23/08/2015 16:59:46] /i 2160
[23/08/2015 16:59:46] /i 2160
[23/08/2015 16:59:47] /i 2160
[23/08/2015 16:59:48] /i 2160
[23/08/2015 16:59:48] /i 2160
[23/08/2015 16:59:49] /i 2160
[23/08/2015 16:59:49] /i 2160
[23/08/2015 16:59:50] /i 2160
[23/08/2015 16:59:50] /i 2160
[23/08/2015 16:59:51] /i 2160
[23/08/2015 16:59:51] /i 2160
[23/08/2015 16:59:51] /i 2160
[23/08/2015 16:59:52] /i 2160
[23/08/2015 17:00:16] /i 13126
[23/08/2015 17:00:20] /i 13127
[23/08/2015 17:00:24] /i 13128
[23/08/2015 17:00:28] /i 13129
[23/08/2015 17:00:40] /i 13125
[23/08/2015 17:00:44] /i 13124
[23/08/2015 17:01:13] /i 13123
[23/08/2015 17:01:17] /i 13124
[23/08/2015 17:01:20] /i 13122
[23/08/2015 17:01:25] /r
[23/08/2015 17:01:27] /r
[23/08/2015 17:01:30] /r 100
[23/08/2015 17:01:32] /r 100
[23/08/2015 17:01:34] /r 100
[23/08/2015 17:01:36] /r 100
[23/08/2015 17:02:27] /r 100
[23/08/2015 17:02:28] /r 100
[23/08/2015 17:02:28] /r 100
[23/08/2015 17:02:29] /r 100
[23/08/2015 17:02:30] /r 100
[23/08/2015 17:07:46] /up
[26/08/2015 19:54:15] /t
[26/08/2015 19:54:33] /b galerinha 
[26/08/2015 19:54:41] /b se chegar a 20 on 
[26/08/2015 19:54:44] /b fasso evento 
[26/08/2015 19:54:45] /t
[26/08/2015 19:54:46] /mc
[26/08/2015 19:54:54] /b mais quem ta de mc sai aii 
[26/08/2015 19:55:00] /b senao leva ban 
[26/08/2015 19:55:04] /mc
[26/08/2015 19:55:18] /b pra quem n sabe mc é mult client no caso mais de um char por pc 
[26/08/2015 19:55:26] /mc
[26/08/2015 19:55:41] /b assim como o 19:54 Gbzao (177.47.114.155)    estava
[26/08/2015 19:56:01] /mc
[26/08/2015 19:56:22] /goto Gbzao
[26/08/2015 19:56:39] /t
[26/08/2015 19:58:32] /goto Night Angels
[26/08/2015 19:59:05] /a 5
[26/08/2015 19:59:10] /a 4
[26/08/2015 19:59:24] /t
[26/08/2015 20:00:40] /t
[26/08/2015 20:01:48] /t
[26/08/2015 20:01:55] /mc
[26/08/2015 20:02:10] /b galera vamos fazer uns mini eventos 
[26/08/2015 20:02:19] /b esconde esconde em cerulean 
[26/08/2015 20:02:40] /b estou invisivel em algum canto da cidade quem me achar ganha tier em galera 
[26/08/2015 20:03:22] /b dica estou vendo uma boost stone2
[26/08/2015 20:03:55] /b preto albino ganhou parabens 
[26/08/2015 20:04:04] /ghost
[26/08/2015 20:04:21] /i 13125
[26/08/2015 20:04:34] /ghost
[26/08/2015 20:04:40] /b galera vamo outro
[26/08/2015 20:04:48] /town 6
[26/08/2015 20:05:51] /b galera agora estou em viridian 
[26/08/2015 20:06:02] /b ainda de ghost 
[26/08/2015 20:06:08] /b dica 
[26/08/2015 20:06:15] /b estou vendo uma escada 
[26/08/2015 20:06:26] /ghost
[26/08/2015 20:06:28] /ghost
[26/08/2015 20:06:59] /i 13123
[26/08/2015 20:07:07] /i 13122
[26/08/2015 20:07:10] /r
[26/08/2015 20:07:17] /i 13124
[26/08/2015 20:07:21] /i 13125
[26/08/2015 20:07:39] /i 13129
[26/08/2015 20:08:12] /i y-regeneration
[26/08/2015 20:08:26] /i y-cure
[26/08/2015 20:08:32] /i x-cure
[26/08/2015 20:08:48] /b eai galera vamo la procurem bem lembrando que pra chegar em min mais uma dica alias presisa de fly ou surf
[26/08/2015 20:09:01] /i 12341
[26/08/2015 20:09:08] /i 12343
[26/08/2015 20:09:58] /b galera ja fi tanta gente passando por aqui e articuno charizard
[26/08/2015 20:10:12] /b manaphy 
[26/08/2015 20:11:00] /i y-regeneration
[26/08/2015 20:11:14] /i x-cure
[26/08/2015 20:11:17] /i y-cure
[26/08/2015 20:11:29] /i y-poseison
[26/08/2015 20:11:35] /i y-poison
[26/08/2015 20:11:44] /i x-atack
[26/08/2015 20:11:53] /i x-defense
[26/08/2015 20:11:59] /i x-atack
[26/08/2015 20:12:04] /i x-atak
[26/08/2015 20:12:14] /i x-atacke
[26/08/2015 20:12:19] /i x-ofense
[26/08/2015 20:12:28] /i x-offense
[26/08/2015 20:12:37] /i x-ofence
[26/08/2015 20:12:43] /b ninguem galera 
[26/08/2015 20:12:46] /b kkk
[26/08/2015 20:13:02] /b  mudei de lugar galera 
[26/08/2015 20:13:08] /b agora n presisa de fly pra me achar
[26/08/2015 20:13:15] /b nem surf nem nada 
[26/08/2015 20:13:27] /b continuo vendo escada 
[26/08/2015 20:15:10] /mc
[26/08/2015 20:15:35] /b galera lembrando que estou em viridian de ghost 
[26/08/2015 20:15:55] /b estou perto de escada sim 
[26/08/2015 20:16:05] /b mais uma dica estou perto de um quadro
[26/08/2015 20:16:35] /b parabns neoo ganhouuu
[26/08/2015 20:16:46] /ghost
[26/08/2015 20:17:28] /b e eu ja fiz os eventos 
[26/08/2015 20:17:55] /t
[26/08/2015 20:18:06] /ghost
[26/08/2015 20:18:29] /r
[26/08/2015 20:18:38] /i 12940
[26/08/2015 20:19:11] /b cabo tudo 
[26/08/2015 20:20:03] /b t amanha galeraa amanha entro pra fazer mais um mini evento 
[26/08/2015 20:20:23] /b lembrando que se presisarem usem o help ou game-chat
[26/08/2015 20:20:55] /b em caso e bugs cntrl+r e reporte o bug podem haver recompensas (podem haver n estou dizendo que vai ter em galera )
[26/08/2015 20:21:18] /i x-vitality 1
[27/08/2015 15:33:50] /t
[27/08/2015 15:34:06] /up
[27/08/2015 15:34:08] /up
[27/08/2015 15:34:12] /down
[27/08/2015 15:34:13] /down
[27/08/2015 18:14:34] /b galeraa 
[27/08/2015 18:14:41] /b vamo fazer um mini evento 
[27/08/2015 18:14:58] /t Gbzao
[27/08/2015 18:15:06] /b mini evento pvp galera
[27/08/2015 18:16:09] /t
[27/08/2015 18:16:25] /r
[27/08/2015 18:16:28] /r
[27/08/2015 18:16:40] /i 11644
[27/08/2015 18:16:50] /r
[27/08/2015 18:16:53] /i 12940
[27/08/2015 18:17:08] /a 2
[27/08/2015 18:17:34] /t
[27/08/2015 18:17:50] /r
[27/08/2015 18:54:19] /b galera
[27/08/2015 18:54:27] /b vamo fazer evento pvp 
[27/08/2015 18:54:35] /b desculpa a demora tive que fica off um pouquinho 
[27/08/2015 18:54:43] /b evento na area bag 
[27/08/2015 18:54:49] /b quem quiser participar vem 
[27/08/2015 18:54:54] /a 2
[27/08/2015 18:56:20] /b mais alguem vai vir se quiser que eu puxe fale uma vez no gc
[27/08/2015 18:56:52] /c Surprise Modafoca
[27/08/2015 18:57:02] /a 10
[27/08/2015 18:57:26] /a 6
[27/08/2015 18:57:34] /b galera vao no tc e peguem os pokes 
[27/08/2015 18:57:40] /b so pra fazer contagem mesmo 
[27/08/2015 18:57:47] /b vou deixar aberto por mais 3 min 
[27/08/2015 18:57:58] /b 19:00
[27/08/2015 18:58:01] /b fecho o portal 
[27/08/2015 18:58:06] /t
[27/08/2015 18:58:17] /b é na area bag
[27/08/2015 18:58:22] /b na area de evento bag
[27/08/2015 18:58:49] /b volto em 2 min 
[27/08/2015 18:58:57] /b quando  eu voltar fcho o portal e começo o evento 
[27/08/2015 19:00:02] /b vamo galera 
[27/08/2015 19:00:08] /b menos de um minuto em 
[27/08/2015 19:00:18] /b quem for participar anda logo 
[27/08/2015 19:00:23] /mc
[27/08/2015 19:00:35] /b mais uma coisa saiam do mc antes que eu de ban 
[27/08/2015 19:00:41] /i 12940
[27/08/2015 19:00:47] /b entrada fechada
[27/08/2015 19:00:57] /a 5
[27/08/2015 19:01:05] /mc
[27/08/2015 19:01:19] /b lord asha sai do mc caramba
[27/08/2015 19:01:22] /a 5
[27/08/2015 19:01:29] /c Affzrouba
[27/08/2015 19:01:34] /a 5
[27/08/2015 19:01:38] /mc
[27/08/2015 19:02:09] /mc
[27/08/2015 19:02:17] /b lord ash sai do mc ultimo aviso 
[27/08/2015 19:03:15] /t Gbzao 
[27/08/2015 19:03:24] /t Joao Vitor
[27/08/2015 19:03:35] /b é a ultima chance caramba
[27/08/2015 19:03:45] /b vao no cp e peguem os pokes 
[27/08/2015 19:03:55] /b se vier aqui com menos de 6 pokes perde 
[27/08/2015 19:03:57] /mc
[27/08/2015 19:04:32] /t
[27/08/2015 19:04:45] /r
[27/08/2015 19:04:49] /b area do evento ta aberta
[27/08/2015 19:04:54] /b vao logo
[27/08/2015 19:05:30] /b vou fechar a entrada galera 
[27/08/2015 19:05:45] /mc
[27/08/2015 19:06:12] /i 12940
[27/08/2015 19:06:17] /b fehada
[27/08/2015 19:06:19] /r
[27/08/2015 19:06:30] /mc
[27/08/2015 19:06:42] /i 12940
[27/08/2015 19:06:56] /a 7
[27/08/2015 19:08:18] /c Neguina Xavosa
[27/08/2015 19:08:31] /c Neguinha Xavosa
[27/08/2015 19:09:06] /i 12940
[27/08/2015 19:09:07] /i 12940
[27/08/2015 19:09:08] /i 12940
[27/08/2015 19:09:11] /i 12940
[27/08/2015 19:09:12] /i 12940
[27/08/2015 19:09:14] /i 12940
[27/08/2015 19:09:16] /i 12940
[27/08/2015 19:09:36] /ghost
[27/08/2015 19:16:59] /c Preto albino
[27/08/2015 19:21:36] /b n 
[27/08/2015 19:22:47] /mc
[27/08/2015 19:23:12] /c Affzrouba
[27/08/2015 19:26:51] /i 12940
[27/08/2015 19:26:53] /i 12940
[27/08/2015 19:26:54] /i 12940
[27/08/2015 19:26:55] /i 12940
[27/08/2015 19:26:57] /i 12940
[27/08/2015 19:26:58] /i 12940
[27/08/2015 19:27:02] /r
[27/08/2015 19:27:04] /i 12940
[27/08/2015 19:27:41] /b ? é comigo ??
[27/08/2015 19:28:09] /i 12940
[27/08/2015 19:28:12] /i 12940
[27/08/2015 19:28:17] /r
[27/08/2015 19:28:19] /r
[27/08/2015 19:28:20] /i 12940
[27/08/2015 19:28:23] /r
[27/08/2015 19:28:25] /r
[27/08/2015 19:28:27] /r
[27/08/2015 19:28:28] /r
[27/08/2015 19:28:34] /r
[27/08/2015 19:28:36] /r
[27/08/2015 19:28:37] /r
[27/08/2015 19:31:32] /r
[27/08/2015 19:33:30] /i y-regeneration
[27/08/2015 19:33:47] /i 13125
[27/08/2015 19:33:54] /i 13125
[27/08/2015 19:34:05] /i 13125
[27/08/2015 19:34:43] /i y-cure
[27/08/2015 19:34:51] /i x-regeneration
[27/08/2015 19:35:00] /i x-cure
[27/08/2015 19:35:04] /i y-cure
[27/08/2015 19:35:18] /r
[27/08/2015 19:35:20] /r
[27/08/2015 19:35:22] /r
[27/08/2015 19:35:23] /r
[27/08/2015 19:35:25] /r
[27/08/2015 19:35:27] /r
[27/08/2015 19:35:29] /r
[27/08/2015 19:35:49] /t Lordmk
[27/08/2015 19:35:54] /t Lord Macabro
[27/08/2015 19:36:06] /t
[31/08/2015 19:11:10] /mc
[31/08/2015 19:11:46] /t
[31/08/2015 19:12:26] /goto Hyper Oshwott
[31/08/2015 19:12:37] /goto Hyper Oshawott
[31/08/2015 19:12:44] /r
[31/08/2015 19:12:48] /r
[31/08/2015 19:12:49] /r
[31/08/2015 19:12:51] /ghost
[31/08/2015 19:13:00] /r
[31/08/2015 19:13:01] /r
[31/08/2015 19:13:02] /r
[31/08/2015 19:13:03] /r
[31/08/2015 19:13:05] /r
[31/08/2015 19:13:07] /ghost
[31/08/2015 19:13:12] /ghost
[31/08/2015 19:13:18] /r
[31/08/2015 19:13:19] /r
[31/08/2015 19:13:22] /r
[31/08/2015 19:13:26] /r
[31/08/2015 19:13:28] /r
[31/08/2015 19:13:31] /r
[31/08/2015 19:13:37] /r
[31/08/2015 19:13:42] /r
[31/08/2015 19:13:44] /r
[31/08/2015 19:13:56] /r
[31/08/2015 19:14:04] /r
[31/08/2015 19:14:09] /r
[31/08/2015 19:14:17] /r
[31/08/2015 19:14:18] /r
[31/08/2015 19:14:20] /r
[31/08/2015 19:14:21] /r
[31/08/2015 19:14:23] /r
[31/08/2015 19:15:09] /t
[31/08/2015 19:15:51] /r
[31/08/2015 19:16:18] /a 3
