[17/08/2015 13:48:34] /b tuts tuts aii galeraa virei cm :D
[17/08/2015 13:49:45] /ghost
[17/08/2015 13:49:48] /ghost
[17/08/2015 13:50:00] /ghost
[17/08/2015 13:50:08] /t
[17/08/2015 13:50:23] /cliport
[17/08/2015 13:50:36] /goto [ADM] Zoeiro
[17/08/2015 13:51:19] /a 5
[17/08/2015 13:51:22] /a 5
[17/08/2015 13:51:24] /a 5
[17/08/2015 13:51:27] /a 3
[17/08/2015 13:51:34] /a 3
[17/08/2015 13:51:36] /t
[17/08/2015 13:51:53] /ghost
[17/08/2015 13:51:58] /ghost
[17/08/2015 13:52:11] /mc
[17/08/2015 13:52:27] /goto scar
[17/08/2015 13:52:30] /goto Scar
[17/08/2015 13:53:03] /b primeiro aviso saiam do mc 
[17/08/2015 13:53:07] /mc
[17/08/2015 13:53:19] /goto Scar
[17/08/2015 13:53:28] /goto Scar
[17/08/2015 13:53:35] /goto Sice
[17/08/2015 13:53:46] /goto Italoluiz
[17/08/2015 13:53:56] /goto Lordss
[17/08/2015 13:54:45] /b proxima kiko a pricipal 
[17/08/2015 13:54:52] /mc
[17/08/2015 13:55:00] /t
[17/08/2015 13:55:52] /mc
[17/08/2015 13:57:32] /mc
[17/08/2015 14:00:28] /i tier
[17/08/2015 14:00:33] /i x-defence
[17/08/2015 14:00:39] /i xdefense
[17/08/2015 14:01:26] /t
[17/08/2015 14:03:46] /t
[17/08/2015 14:03:58] /i moltres
[17/08/2015 14:04:39] /mc
[17/08/2015 14:04:49] /ghost
[17/08/2015 14:04:58] /mc
[17/08/2015 14:05:24] /town 15 , Account Mnager
[17/08/2015 14:05:39] /town 15, Account Manager
[17/08/2015 14:05:42] /town 15
[17/08/2015 14:05:55] /ghost
[17/08/2015 14:06:22] /t
[17/08/2015 14:06:37] /town 15, Account Manager
[17/08/2015 14:29:57] /b 15 on galera se chegar a 20 fasso evento 
[17/08/2015 14:30:01] /ghost
[17/08/2015 14:30:03] /ghost
[17/08/2015 14:30:17] /t
[17/08/2015 14:30:26] /s magmar
[17/08/2015 14:30:31] /r
[17/08/2015 14:30:41] /i master ball
[17/08/2015 14:30:45] /i dark ball
[17/08/2015 14:30:53] /i 13228
[17/08/2015 14:31:08] /r 100
[17/08/2015 14:31:37] /i master ball
[17/08/2015 18:32:10] /baninfo Samouh
[17/08/2015 18:32:30] /b 19 on em galera 
[17/08/2015 18:32:41] /b algum dos adms on ??
[17/08/2015 18:32:46] /ghost
[17/08/2015 18:32:48] /ghost
[17/08/2015 18:33:13] /a 5
[17/08/2015 18:33:16] /a 5
[17/08/2015 18:33:18] /a 6
[17/08/2015 18:33:21] /a 7
[17/08/2015 18:33:28] /t
[17/08/2015 18:33:47] /mc
[17/08/2015 18:34:14] /b saiam do mc vcs tem 10 segundos pra sair do mc senao é ban na acc principal 
[17/08/2015 18:34:31] /mc
[17/08/2015 18:34:40] /goto Shadownn
[17/08/2015 18:35:07] /mc
[17/08/2015 18:35:23] /mc
[17/08/2015 18:35:47] /mc 
[17/08/2015 18:35:55] /b proxima vez é ban nas duas 
[17/08/2015 18:36:28] /mc
[17/08/2015 18:37:03] /mc
[17/08/2015 18:37:31] /goto Hound Spaygs Li
[17/08/2015 18:37:58] /b sou cm cara n posso 
[17/08/2015 18:38:07] /goto Gabrielntj
[17/08/2015 18:38:33] /goto Amiginho
[17/08/2015 18:38:40] /goto Xtreme
[17/08/2015 18:39:04] /b hmm vamo ver talvez fasso evento mais sem poeks so con itens em 
[17/08/2015 18:39:15] /mc
[17/08/2015 18:39:27] /b chegar a 20 fasso evento bag 
[17/08/2015 18:39:38] /b mais se alguem abrir mc leva ban igual o outro ali em 
[17/08/2015 18:39:55] /i 12941
[17/08/2015 18:39:58] /r
[17/08/2015 18:40:11] /r
[17/08/2015 18:40:16] /i 12940
[17/08/2015 18:40:30] /r
[17/08/2015 18:40:35] /i 12940
[17/08/2015 18:40:42] /i 12940
[17/08/2015 18:40:49] /i 12940
[17/08/2015 18:40:55] /i 12940
[17/08/2015 18:40:58] /i 12940
[17/08/2015 18:40:59] /i 12940
[17/08/2015 18:41:01] /i 12940
[17/08/2015 18:41:02] /i 12940
[17/08/2015 18:41:03] /i 12940
[17/08/2015 18:41:04] /i 12940
[17/08/2015 18:41:06] /i 12940
[17/08/2015 18:41:09] /i 12940
[17/08/2015 18:41:10] /i 12940
[17/08/2015 18:41:31] /r
[17/08/2015 18:41:32] /r
[17/08/2015 18:41:41] /i 12931
[17/08/2015 18:42:12] /i master ball
[17/08/2015 18:42:41] /i 13215
[17/08/2015 18:43:27] /i 2160
[17/08/2015 18:44:28] /s victini
[17/08/2015 18:44:42] /i master ball
[17/08/2015 18:44:45] /r 99
[17/08/2015 18:44:53] /s mewtwo
[17/08/2015 18:45:05] /attr metwo
[17/08/2015 18:45:15] /r
[17/08/2015 18:45:18] /r
[17/08/2015 18:45:28] /t
[17/08/2015 18:45:59] /goto mega slowking
[17/08/2015 18:46:05] /goto mega raichu
[17/08/2015 18:46:10] /goto gengar
[17/08/2015 18:46:17] /goto celebi
[17/08/2015 18:46:21] /a 2
[17/08/2015 18:46:31] /goto celebi
[17/08/2015 18:46:33] /a 2
[17/08/2015 18:46:49] /r 100
[17/08/2015 18:46:51] /r 100
[17/08/2015 18:46:55] /r 100
[17/08/2015 18:46:59] /r 100
[17/08/2015 18:47:02] /r 100
[17/08/2015 18:47:07] /r 100
[17/08/2015 18:47:11] /t
[17/08/2015 18:47:24] /c mewtwo
[17/08/2015 18:47:39] /s manaphy
[17/08/2015 18:47:50] /r
[17/08/2015 18:47:56] /goto shiny manaphy
[17/08/2015 18:48:00] /goto shiny manaphy
[17/08/2015 18:48:04] /goto shiny phyone
[17/08/2015 18:48:09] /goto darkrai
[17/08/2015 18:48:17] /goto salamence
[17/08/2015 18:48:22] /goto tangrowt
[17/08/2015 18:48:26] /goto tangrot
[17/08/2015 18:48:30] /goto scyzor
[17/08/2015 18:48:35] /goto schiter
[17/08/2015 18:48:39] /goto slopoke
[17/08/2015 18:49:12] /goto Lord Macabro
[17/08/2015 18:49:23] /goto shaymin
[17/08/2015 18:49:30] /s manaphy
[17/08/2015 18:49:35] /a 5
[17/08/2015 18:49:40] /a 7
[17/08/2015 18:49:45] /s black victini
[17/08/2015 18:49:53] /s shiny victini
[17/08/2015 18:50:06] /s shiny shaymin 
[17/08/2015 18:50:10] /s shaymin
[17/08/2015 18:50:19] /s zekrom MVP
[17/08/2015 18:50:27] /goto zekrom mvp
[17/08/2015 18:50:33] /goto manaphy MVP
[17/08/2015 18:50:36] /a 10
[17/08/2015 18:50:46] /a 4
[17/08/2015 18:51:00] /r
[17/08/2015 18:51:07] /r
[17/08/2015 18:51:09] /r
[17/08/2015 18:51:13] /r
[17/08/2015 18:51:15] /r
[17/08/2015 18:51:18] /r
[17/08/2015 18:51:26] /s ditto
[17/08/2015 18:51:54] /goto shiny zekrom mvp
[17/08/2015 18:52:06] /s ditto
[17/08/2015 18:52:36] /r
[17/08/2015 18:52:56] /s shiny manaphy mvp
[17/08/2015 18:54:22] /mc
[17/08/2015 18:54:35] /b Gabrielntj sai do mc 
[17/08/2015 18:55:13] /b shaymin é proibido e nem da pra dar cath 
[17/08/2015 18:55:27] /mc
[17/08/2015 18:55:41] /b gabriel e lordmk saiam do mc 
[17/08/2015 18:56:57] /unban Blacklion
[17/08/2015 19:32:52] /goto shiny zekrom mvp
[17/08/2015 19:32:55] /attr health -10000
[17/08/2015 19:32:59] /attr health -10000000000
[17/08/2015 19:33:07] /attr health -1000000000
[17/08/2015 19:33:27] /attr health 1000000000
[17/08/2015 19:33:33] /t
[18/08/2015 13:20:50] /t
[18/08/2015 15:30:49] /ghost
[18/08/2015 15:30:51] /ghost
[18/08/2015 15:33:00] /a
[18/08/2015 15:33:03] /a 4
[18/08/2015 15:33:05] /a 4
[18/08/2015 15:33:14] /a 4
[18/08/2015 15:33:17] /a 4
[18/08/2015 15:34:48] /r 100
[18/08/2015 15:34:54] /r 5
[18/08/2015 15:34:58] /r 100
[18/08/2015 15:35:03] /r 96
[18/08/2015 15:35:54] /i master ball
[18/08/2015 15:40:00] /a 4
[18/08/2015 15:40:04] /a 10
[18/08/2015 15:40:06] /a 11
[18/08/2015 15:40:08] /a 12
[18/08/2015 15:40:10] /a 14
[18/08/2015 15:40:12] /a 15
[18/08/2015 15:40:13] /a 16
[18/08/2015 15:40:14] /a 17
[18/08/2015 15:40:16] /a 18
[18/08/2015 15:40:17] /a 19
[18/08/2015 15:40:18] /a 10
[18/08/2015 15:41:28] /a 10
[18/08/2015 15:41:34] /a 19
[18/08/2015 15:41:36] /a 19
[18/08/2015 15:41:57] /a 3
[18/08/2015 15:41:59] /a 3
[18/08/2015 15:42:00] /a 3
[18/08/2015 15:42:01] /a 3
[18/08/2015 15:42:02] /a 3
[18/08/2015 15:42:02] /a 3
[18/08/2015 15:42:03] /a 3
[18/08/2015 15:42:03] /a 3
[18/08/2015 15:42:04] /a 3
[18/08/2015 15:42:04] /a 3
[18/08/2015 15:42:05] /a 3
[18/08/2015 15:42:07] /a 5
[18/08/2015 15:42:09] /a 5
[18/08/2015 15:42:18] /goto lucario
[18/08/2015 15:42:21] /goto lucario
[18/08/2015 15:42:22] /goto lucario
[18/08/2015 15:42:33] /goto lucario
[18/08/2015 15:42:44] /goto lucario
[18/08/2015 15:43:39] /goto lucario
[18/08/2015 15:43:52] /goto lucario
[18/08/2015 15:45:39] /goto lucario
[18/08/2015 15:45:57] /i master ball
[18/08/2015 15:46:05] /r 95
[18/08/2015 15:46:10] /t
[18/08/2015 16:09:27] /mc
[18/08/2015 16:10:34] /goto mini kyogre
[18/08/2015 16:11:09] /a 15
[18/08/2015 16:11:33] /mc
[18/08/2015 16:11:58] /a 2
[18/08/2015 16:12:27] /r
[18/08/2015 16:12:34] /a 2
[18/08/2015 16:12:37] /r
[18/08/2015 16:12:42] /t
[19/08/2015 18:18:35] /newtype 1988
[19/08/2015 18:18:40] /newtype 2000
[19/08/2015 18:18:45] /newtype 1888
[19/08/2015 18:18:54] /newtype 1887
[19/08/2015 18:19:09] /newtype 1885
[19/08/2015 18:19:27] /newtype 1980
[19/08/2015 18:19:30] /newtype 1800
[19/08/2015 18:19:39] /newtype 1981
[19/08/2015 18:19:44] /newtype 1982
[19/08/2015 18:19:50] /newtype 1979
[19/08/2015 18:20:03] /newtype 1801
[19/08/2015 18:20:06] /t
[19/08/2015 18:20:41] /ghost
[19/08/2015 18:20:56] /newtype 1803
[19/08/2015 18:22:19] /newtype 1700
[19/08/2015 18:22:33] /newtype 25
[19/08/2015 18:22:38] /newtype 26
[19/08/2015 18:23:41] /newtype 45
[19/08/2015 18:23:51] /newtype 1994
[19/08/2015 18:23:55] /newtype 1500
[19/08/2015 18:24:14] /unban Nuno
[19/08/2015 18:27:08] /b galera sem pm n vou responder todos n mandem no help u de cada vez 
[19/08/2015 18:27:54] /t Darkinho
[19/08/2015 18:27:58] /ghost
[19/08/2015 18:28:14] /s mewtwo
[19/08/2015 18:28:19] /r
[19/08/2015 18:28:34] /i 4399
[19/08/2015 18:29:01] /newtype 2045
[19/08/2015 18:29:08] /newtype 2100
[19/08/2015 18:29:13] /newtype 1900
[19/08/2015 18:29:34] /b galera eu n posso fazer pokes ja falei meu cb parece que ta bugado deem um tempo poxa 
[19/08/2015 18:29:39] /mc
[19/08/2015 18:34:49] /goto Theend
[19/08/2015 18:34:54] /ghost
[19/08/2015 18:35:27] /newtype 1560
[19/08/2015 18:35:35] /newtype 1461
[19/08/2015 18:35:45] /newtype 1480
[19/08/2015 18:35:51] /newtype 1300
[19/08/2015 18:35:59] /newtype 450
[19/08/2015 18:36:08] /newtype 1800
[19/08/2015 18:36:13] /newtype 1700
[19/08/2015 18:36:21] /newtype 1600
[19/08/2015 18:36:52] /ghost
[19/08/2015 18:43:38] /goto [ADM] Zoeiro
[19/08/2015 18:43:44] /newtype 300
