[24/07/2015 08:20:48] /c lucas da silva
[24/07/2015 08:22:11] /a 2
[24/07/2015 08:25:20] /town 15
[24/07/2015 08:25:31] /c stiffler
[24/07/2015 08:30:16] /addskill Docinho De Coco,level,20
[24/07/2015 08:30:49] /addskill Docinho De Coco,level,20
[24/07/2015 08:53:57] /i fire stone
[24/07/2015 08:54:42] /r
[24/07/2015 08:54:52] /i enigima stone
[24/07/2015 08:55:04] /i Enigima stone
[24/07/2015 08:55:10] /i Inigima Estone
[24/07/2015 08:55:15] /i Enigima Stone
[24/07/2015 08:55:46] /i 11443
[24/07/2015 08:55:48] /i 11442
[24/07/2015 08:55:50] /i 11441
[24/07/2015 08:55:54] /i 11444
[24/07/2015 08:55:56] /i 11445
[24/07/2015 08:56:50] /i 11446
[24/07/2015 08:56:57] /i 11448
[24/07/2015 08:57:00] /i 11449
[24/07/2015 08:57:04] /i 11450
[24/07/2015 08:57:06] /i 11451
[24/07/2015 08:57:08] /i 11452
[24/07/2015 08:57:15] /i 11453
[24/07/2015 08:57:19] /i 11454
[24/07/2015 08:57:26] /r
[24/07/2015 08:57:26] /r
[24/07/2015 08:57:27] /r
[24/07/2015 08:57:27] /r
[24/07/2015 08:57:28] /r
[24/07/2015 08:57:29] /r
[24/07/2015 08:57:29] /r
[24/07/2015 08:57:30] /r
[24/07/2015 08:57:30] /r
[24/07/2015 08:57:30] /r
[24/07/2015 08:58:36] /addskill Mc Tati zaqui,level,20
[24/07/2015 09:03:20] /r
[24/07/2015 09:03:34] /r
[24/07/2015 09:03:52] /mc
[24/07/2015 09:04:20] /i 13227
[24/07/2015 09:04:23] /r
[24/07/2015 09:04:26] /i 13229
[24/07/2015 09:06:29] /r
[24/07/2015 09:06:36] /i 13288
[24/07/2015 09:06:46] /i 13228
[24/07/2015 09:07:43] /i 1746!bug
[24/07/2015 09:07:58] /c
[24/07/2015 09:08:01] /mc
[24/07/2015 09:08:35] /c Docinho De Coco
[24/07/2015 09:09:25] /r
[24/07/2015 09:26:51] /ghost
[24/07/2015 09:26:54] /ghost
[24/07/2015 09:27:02] /mc
[24/07/2015 09:27:14] /a 5
[24/07/2015 09:27:15] /a 5
[24/07/2015 09:27:16] /a 5
[24/07/2015 09:27:19] /a 5
[24/07/2015 09:27:22] /a 5
[24/07/2015 09:27:26] /a 2
[24/07/2015 09:27:28] /a 
[24/07/2015 09:27:30] /a 5
[24/07/2015 09:27:31] /a 5
[24/07/2015 09:27:33] /a 5
[24/07/2015 09:27:34] /a 5
[24/07/2015 09:27:36] /a 5
[24/07/2015 09:27:45] /a 2
[24/07/2015 09:27:59] /c Docinho De coco
[24/07/2015 09:29:38] /ghost
[24/07/2015 09:29:39] /ghost
[24/07/2015 09:29:54] /c docinho de coco
[24/07/2015 09:31:30] /i 13215
[24/07/2015 10:02:43] /goto Docinho de coco
[24/07/2015 10:09:49] /goto docinho de coco
[24/07/2015 10:42:52] /a 2
[24/07/2015 10:43:02] /a 5
[24/07/2015 10:43:03] /a 5
[24/07/2015 10:43:04] /a 5
[24/07/2015 10:43:10] /a 5
[24/07/2015 10:43:10] /a 5
[24/07/2015 10:43:11] /a 5
[24/07/2015 10:43:12] /a 5
[24/07/2015 10:43:13] /a 5
[24/07/2015 10:43:14] /a 5
[24/07/2015 10:43:15] /a 5
[24/07/2015 10:43:16] /a 5
[24/07/2015 10:43:18] /a 5
[24/07/2015 10:43:19] /a 5
[24/07/2015 10:43:20] /a 5
[24/07/2015 10:43:51] /a 5
[24/07/2015 10:43:52] /a 5
[24/07/2015 10:43:53] /a 5
[24/07/2015 10:43:54] /a 5
[24/07/2015 10:44:01] /b bom dia
[24/07/2015 10:44:11] /a 5
[24/07/2015 10:44:12] /a 5
[24/07/2015 10:44:13] /a 5
[24/07/2015 10:44:14] /a 5
[24/07/2015 10:44:16] /a 5
[24/07/2015 10:44:22] /a 5
[24/07/2015 10:44:24] /a 5
[24/07/2015 10:44:25] /a 5
[24/07/2015 10:44:34] /a 5
[24/07/2015 10:44:35] /a 5
[24/07/2015 10:44:36] /a 5
[24/07/2015 10:44:37] /a 5
[24/07/2015 10:44:38] /a 5
[24/07/2015 10:44:39] /a 5
[24/07/2015 10:44:40] /a 5
[24/07/2015 10:45:18] /a 5
[24/07/2015 10:45:23] /a 5
[24/07/2015 10:45:36] /a 5
[24/07/2015 10:45:37] /a 5
[24/07/2015 10:45:37] /a 5
[24/07/2015 10:45:38] /a 5
[24/07/2015 10:45:39] /a 5
[24/07/2015 10:45:39] /a 5
[24/07/2015 10:45:40] /a 5
[24/07/2015 10:45:41] /a 5
[24/07/2015 10:45:42] /a 5
[24/07/2015 10:45:44] /a 5
[24/07/2015 10:45:44] /a 5
[24/07/2015 10:45:45] /a 5
[24/07/2015 10:45:46] /a 5
[24/07/2015 10:45:46] /a 5
[24/07/2015 10:45:47] /a 5
[24/07/2015 10:46:29] /a 5
[24/07/2015 10:46:32] /a 5
[24/07/2015 10:46:33] /a 5
[24/07/2015 10:46:38] /a 5
[24/07/2015 10:46:46] /a 5
[24/07/2015 10:46:47] /a 5
[24/07/2015 10:46:51] /a 5
[24/07/2015 10:46:52] /a 5
[24/07/2015 10:46:53] /a 5
[24/07/2015 10:46:55] /a 5
[24/07/2015 10:46:57] /a 5
[24/07/2015 10:46:58] /a 5
[24/07/2015 10:46:59] /a 5
[24/07/2015 10:47:02] /a 5
[24/07/2015 10:47:03] /a 5
[24/07/2015 10:47:04] /a 5
[24/07/2015 10:47:08] /a 5
[24/07/2015 10:47:09] /a 5
[24/07/2015 10:47:09] /a 5
[24/07/2015 10:47:10] /a 5
[24/07/2015 10:47:11] /a 5
[24/07/2015 10:47:12] /a 5
[24/07/2015 10:47:12] /a 5
[24/07/2015 10:47:13] /a 5
[24/07/2015 10:47:14] /a 5
[24/07/2015 10:47:15] /a 5
[24/07/2015 10:47:23] /a 5
[24/07/2015 10:47:24] /a 5
[24/07/2015 10:47:24] /a 5
[24/07/2015 10:47:25] /a 5
[24/07/2015 10:47:35] /a 5
[24/07/2015 10:47:36] /a 5
[24/07/2015 10:47:41] /a 5
[24/07/2015 10:47:42] /a 5
[24/07/2015 10:47:43] /a 5
[24/07/2015 10:47:43] /a 5
[24/07/2015 10:47:44] /a 5
[24/07/2015 10:47:44] /a 5
[24/07/2015 10:47:45] /a 5
[24/07/2015 10:47:51] /a 5
[24/07/2015 10:47:52] /a 5
[24/07/2015 10:47:53] /a 5
[24/07/2015 10:47:54] /a 5
[24/07/2015 10:47:55] /a 5
[24/07/2015 10:47:56] /a 5
[24/07/2015 10:47:57] /a 5
[24/07/2015 10:47:58] /a 5
[24/07/2015 10:47:59] /a 5
[24/07/2015 10:47:59] /a 5
[24/07/2015 10:48:00] /a 5
[24/07/2015 10:48:01] /a 5
[24/07/2015 10:48:01] /a 5
[24/07/2015 10:48:05] /a 5
[24/07/2015 10:48:06] /a 5
[24/07/2015 10:48:07] /a 5
[24/07/2015 10:48:09] /a 5
[24/07/2015 10:48:11] /a 5
[24/07/2015 10:48:14] /a 5
[24/07/2015 10:48:15] /a 5
[24/07/2015 10:48:15] /a 5
[24/07/2015 10:48:17] /a 5
[24/07/2015 10:48:18] /a 5
[24/07/2015 10:48:19] /a 5
[24/07/2015 10:48:24] /a 5
[24/07/2015 10:48:26] /a 5
[24/07/2015 10:48:28] /a 5
[24/07/2015 10:48:28] /a 5
[24/07/2015 10:48:36] /goto regirock
[24/07/2015 10:48:41] /a 5
[24/07/2015 10:48:41] /a 5
[24/07/2015 10:48:42] /a 5
[24/07/2015 10:48:49] /a 5
[24/07/2015 10:48:49] /a 5
[24/07/2015 10:48:50] /a 5
[24/07/2015 10:48:50] /a 5
[24/07/2015 10:48:54] /a 5
[24/07/2015 10:48:54] /a 5
[24/07/2015 10:48:55] /a 5
[24/07/2015 10:48:56] /a 5
[24/07/2015 10:48:57] /a 5
[24/07/2015 10:48:58] /a 5
[24/07/2015 10:49:00] /a 5
[24/07/2015 10:49:00] /a 5
[24/07/2015 10:49:01] /a 5
[24/07/2015 10:49:01] /a 5
[24/07/2015 10:49:02] /a 5
[24/07/2015 10:49:03] /a 5
[24/07/2015 10:49:03] /a 5
[24/07/2015 10:49:04] /a 5
[24/07/2015 10:49:05] /a 5
[24/07/2015 10:49:05] /a 5
[24/07/2015 10:49:06] /a 5
[24/07/2015 10:49:07] /a 5
[24/07/2015 10:49:07] /a 5
[24/07/2015 10:49:08] /a 5
[24/07/2015 10:49:08] /a 5
[24/07/2015 10:49:11] /goto kawan
[24/07/2015 10:49:21] /a 1
[24/07/2015 10:49:23] /a 2
[24/07/2015 10:49:31] /c kawan
[24/07/2015 10:49:55] /a 2
[24/07/2015 10:49:57] /a 2
[24/07/2015 10:49:58] /a 2
[24/07/2015 10:49:59] /a 2
[24/07/2015 10:50:00] /a 2
[24/07/2015 10:50:01] /a 2
[24/07/2015 10:50:01] /a 2
[24/07/2015 10:50:02] /a 2
[24/07/2015 10:50:03] /a 2
[24/07/2015 10:50:08] /a 5
[24/07/2015 10:50:09] /a 5
[24/07/2015 10:50:09] /a 5
[24/07/2015 10:50:13] /a 5
[24/07/2015 10:50:14] /a 5
[24/07/2015 10:50:15] /a 5
[24/07/2015 10:50:15] /a 5
[24/07/2015 10:51:03] /r
[24/07/2015 10:51:07] /r
[24/07/2015 10:51:21] /goto stiffler
[24/07/2015 10:51:57] /a 5
[24/07/2015 10:51:58] /a 5
[24/07/2015 10:52:00] /a 5
[24/07/2015 10:52:01] /a 5
[24/07/2015 10:52:02] /a 5
[24/07/2015 10:52:04] /a 5
[24/07/2015 10:52:07] /a 5
[24/07/2015 10:52:08] /a 5
[24/07/2015 10:52:10] /a 5
[24/07/2015 10:52:13] /a 5
[24/07/2015 10:52:14] /a 5
[24/07/2015 10:52:14] /a 5
[24/07/2015 10:52:15] /a 5
[24/07/2015 10:52:16] /a 5
[24/07/2015 10:54:25] /goto regirock
[24/07/2015 10:54:30] /c canon
[24/07/2015 10:54:38] /t canon
[24/07/2015 10:54:53] /c thodyto
[24/07/2015 10:55:06] /t thodyto
[24/07/2015 10:55:42] /a 5
[24/07/2015 10:56:16] /c Mc tati zaqui
[24/07/2015 10:56:40] /t Mc tati zaqui
[24/07/2015 10:56:54] /b ninguem consegue box 9? kkkkkkkkkk
[24/07/2015 10:57:13] /b Parabens :3
[24/07/2015 10:57:35] /b Ninguem Vem Agora
[24/07/2015 10:57:43] /b to fazendo uns coisas aki
[24/07/2015 10:57:53] /m shiny lugia
[24/07/2015 10:57:57] /r
[24/07/2015 10:58:02] /b podem vir
[24/07/2015 10:59:34] /b Parabens aos Treinadores Darkinator e Mc Tati Zaqui :)
[24/07/2015 11:00:19] /a 2
[24/07/2015 11:00:28] /a 5
[24/07/2015 11:00:30] /a 5
[24/07/2015 11:00:31] /a 5
[24/07/2015 11:00:32] /a 5
[24/07/2015 11:00:33] /a 5
[24/07/2015 11:00:41] /a 5
[24/07/2015 11:00:42] /a 5
[24/07/2015 11:00:43] /a 5
[24/07/2015 11:00:43] /a 5
[24/07/2015 11:00:44] /a 5
[24/07/2015 11:00:45] /a 5
[24/07/2015 11:00:45] /a 5
[24/07/2015 11:00:47] /a 5
[24/07/2015 11:00:47] /a 5
[24/07/2015 11:00:49] /a 5
[24/07/2015 11:00:50] /a 5
[24/07/2015 11:00:53] /a 5
[24/07/2015 11:00:55] /a 5
[24/07/2015 11:00:55] /a 5
[24/07/2015 11:00:58] /a 5
[24/07/2015 11:00:59] /a 5
[24/07/2015 11:01:01] /a 5
[24/07/2015 11:01:02] /a 5
[24/07/2015 11:01:04] /a 5
[24/07/2015 11:01:04] /a 5
[24/07/2015 11:01:06] /a 5
[24/07/2015 11:01:07] /a 5
[24/07/2015 11:01:08] /a 5
[24/07/2015 11:01:08] /a 5
[24/07/2015 11:01:09] /a 5
[24/07/2015 11:01:09] /a 5
[24/07/2015 11:01:10] /a 5
[24/07/2015 11:01:10] /a 5
[24/07/2015 11:01:11] /a 5
[24/07/2015 11:01:12] /a 5
[24/07/2015 11:01:12] /a 5
[24/07/2015 11:01:14] /a 5
[24/07/2015 11:01:17] /a 5
[24/07/2015 11:01:18] /a 5
[24/07/2015 11:01:20] /a 5
[24/07/2015 11:01:21] /a 5
[24/07/2015 11:01:23] /a 5
[24/07/2015 11:01:24] /a 5
[24/07/2015 11:01:49] /a 5
[24/07/2015 11:01:50] /a 5
[24/07/2015 11:01:51] /a 5
[24/07/2015 11:01:53] /a 5
[24/07/2015 11:01:54] /a 5
[24/07/2015 11:01:54] /a 5
[24/07/2015 11:02:13] /a 5
[24/07/2015 11:02:14] /a 5
[24/07/2015 11:02:16] /a 5
[24/07/2015 11:02:17] /a 5
[24/07/2015 11:02:18] /a 5
[24/07/2015 11:02:20] /a 4
[24/07/2015 11:02:21] /a 4
[24/07/2015 11:02:21] /a 4
[24/07/2015 11:02:22] /a 4
[24/07/2015 11:02:22] /a 4
[24/07/2015 11:02:24] /a 4
[24/07/2015 11:02:26] /a 4
[24/07/2015 11:02:30] /a 4
[24/07/2015 11:02:31] /a 5
[24/07/2015 11:02:32] /a 5
[24/07/2015 11:02:32] /a 5
[24/07/2015 11:02:33] /a 5
[24/07/2015 11:02:33] /a 5
[24/07/2015 11:02:34] /a 5
[24/07/2015 11:02:39] /a 3
[24/07/2015 11:02:41] /a 3
[24/07/2015 11:02:42] /a 3
[24/07/2015 11:02:43] /a 4
[24/07/2015 11:02:44] /a 4
[24/07/2015 11:02:45] /a 4
[24/07/2015 11:02:45] /a 4
[24/07/2015 11:02:51] /a 4
[24/07/2015 11:02:52] /a 1
[24/07/2015 11:02:54] /a 1
[24/07/2015 11:02:54] /a 1
[24/07/2015 11:02:56] /a 1
[24/07/2015 11:02:57] /a 1
[24/07/2015 11:02:58] /a 1
[24/07/2015 11:03:11] /r
[24/07/2015 11:03:14] /r
[24/07/2015 11:03:22] /m moltres
[24/07/2015 11:03:26] /m m/a 5
[24/07/2015 11:03:32] /a 5
[24/07/2015 11:03:33] /a 5
[24/07/2015 11:03:40] /a 3
[24/07/2015 11:03:41] /a 3
[24/07/2015 11:03:42] /a 3
[24/07/2015 11:03:46] /a 3
[24/07/2015 11:03:47] /a 3
[24/07/2015 11:03:47] /a 3
[24/07/2015 11:03:48] /a 3
[24/07/2015 11:03:48] /a 3
[24/07/2015 11:03:50] /a 3
[24/07/2015 11:03:55] /a 3
[24/07/2015 11:03:56] /a 3
[24/07/2015 11:04:00] /a 3
[24/07/2015 11:04:01] /a 3
[24/07/2015 11:04:03] /a 3
[24/07/2015 11:04:04] /a 3
[24/07/2015 11:04:05] /a 3
[24/07/2015 11:04:06] /a 3
[24/07/2015 11:04:08] /a 3
[24/07/2015 11:04:09] /a 3
[24/07/2015 11:04:10] /a 3
[24/07/2015 11:04:11] /a 3
[24/07/2015 11:04:12] /a 3
[24/07/2015 11:04:13] /a 3
[24/07/2015 11:04:14] /a 3
[24/07/2015 11:04:15] /a 3
[24/07/2015 11:04:16] /a 3
[24/07/2015 11:04:16] /a 3
[24/07/2015 11:04:17] /a 3
[24/07/2015 11:04:18] /a 3
[24/07/2015 11:04:18] /a 3
[24/07/2015 11:04:19] /a 3
[24/07/2015 11:04:20] /a 3
[24/07/2015 11:04:20] /a 3
[24/07/2015 11:04:21] /a 3
[24/07/2015 11:04:21] /a 3
[24/07/2015 11:04:22] /a 3
[24/07/2015 11:04:22] /a 3
[24/07/2015 11:04:23] /a 3
[24/07/2015 11:04:23] /a 3
[24/07/2015 11:04:24] /a 3
[24/07/2015 11:04:25] /a 3
[24/07/2015 11:04:26] /a 5
[24/07/2015 11:04:26] /a 5
[24/07/2015 11:04:32] /a 5
[24/07/2015 11:04:34] /a 5
[24/07/2015 11:04:37] /a 3
[24/07/2015 11:04:39] /a 3
[24/07/2015 11:04:40] /a 3
[24/07/2015 11:04:41] /a 3
[24/07/2015 11:04:43] /a 3
[24/07/2015 11:04:44] /a 3
[24/07/2015 11:04:45] /a 3
[24/07/2015 11:04:46] /a 3
[24/07/2015 11:04:46] /a 3
[24/07/2015 11:04:47] /a 3
[24/07/2015 11:04:48] /a 3
[24/07/2015 11:04:49] /a 3
[24/07/2015 11:04:50] /a 3
[24/07/2015 11:04:50] /a 3
[24/07/2015 11:04:55] /a 3
[24/07/2015 11:04:56] /a 3
[24/07/2015 11:04:56] /a 3
[24/07/2015 11:04:57] /a 3
[24/07/2015 11:04:58] /a 3
[24/07/2015 11:04:58] /a 3
[24/07/2015 11:05:00] /a 3
[24/07/2015 11:05:01] /a 3
[24/07/2015 11:05:01] /a 3
[24/07/2015 11:05:02] /a 3
[24/07/2015 11:05:08] /a 3
[24/07/2015 11:05:09] /a 3
[24/07/2015 11:05:10] /a 3
[24/07/2015 11:05:10] /a 3
[24/07/2015 11:05:11] /a 3
[24/07/2015 11:05:12] /a 3
[24/07/2015 11:05:13] /a 3
[24/07/2015 11:05:13] /a 3
[24/07/2015 11:05:15] /a 3
[24/07/2015 11:05:15] /a 3
[24/07/2015 11:05:16] /a 3
[24/07/2015 11:05:17] /a 3
[24/07/2015 11:05:17] /a 3
[24/07/2015 11:05:18] /a 3
[24/07/2015 11:05:19] /a 3
[24/07/2015 11:05:20] /a 3
[24/07/2015 11:05:20] /a 3
[24/07/2015 11:05:21] /a 3
[24/07/2015 11:05:22] /a 3
[24/07/2015 11:05:22] /a 3
[24/07/2015 11:05:23] /a 3
[24/07/2015 11:05:23] /a 3
[24/07/2015 11:05:24] /a 3
[24/07/2015 11:05:25] /a 3
[24/07/2015 11:05:25] /a 3
[24/07/2015 11:05:33] /a 3
[24/07/2015 11:05:34] /a 3
[24/07/2015 11:05:35] /a 3
[24/07/2015 11:05:36] /a 3
[24/07/2015 11:05:49] /a 3
[24/07/2015 11:05:49] /a 3
[24/07/2015 11:05:50] /a 3
[24/07/2015 11:05:50] /a 3
[24/07/2015 11:05:51] /a 3
[24/07/2015 11:05:51] /a 3
[24/07/2015 11:05:52] /a 3
[24/07/2015 11:05:53] /a 3
[24/07/2015 11:05:54] /a 3
[24/07/2015 11:05:54] /a 3
[24/07/2015 11:05:55] /a 3
[24/07/2015 11:05:55] /a 3
[24/07/2015 11:05:56] /a 3
[24/07/2015 11:05:57] /a 3
[24/07/2015 11:05:57] /a 3
[24/07/2015 11:05:58] /a 3
[24/07/2015 11:05:58] /a 3
[24/07/2015 11:05:59] /a 3
[24/07/2015 11:06:00] /a 3
[24/07/2015 11:06:01] /a 3
[24/07/2015 11:06:02] /a 3
[24/07/2015 11:06:02] /a 3
[24/07/2015 11:06:03] /a 3
[24/07/2015 11:06:03] /a 3
[24/07/2015 11:06:05] /a 3
[24/07/2015 11:06:06] /a 3
[24/07/2015 11:06:07] /a 3
[24/07/2015 11:06:07] /a 3
[24/07/2015 11:06:08] /a 3
[24/07/2015 11:06:08] /a 3
[24/07/2015 11:06:09] /a 3
[24/07/2015 11:06:09] /a 3
[24/07/2015 11:06:10] /a 3
[24/07/2015 11:06:15] /a 5
[24/07/2015 11:06:17] /a 6
[24/07/2015 11:06:19] /a 7
[24/07/2015 11:06:47] /a 2
[24/07/2015 11:06:49] /a 2
[24/07/2015 11:06:49] /a 2
[24/07/2015 11:06:50] /a 2
[24/07/2015 11:06:52] /a 2
[24/07/2015 11:06:53] /a 2
[24/07/2015 11:06:54] /a 2
[24/07/2015 11:06:54] /a 2
[24/07/2015 11:07:00] /a  2
[24/07/2015 11:07:03] /a 5
[24/07/2015 11:07:04] /a 5
[24/07/2015 11:07:05] /a 5
[24/07/2015 11:07:06] /a 5
[24/07/2015 11:07:11] /a 5
[24/07/2015 11:07:12] /a 5
[24/07/2015 11:07:13] /a 5
[24/07/2015 11:07:14] /a 5
[24/07/2015 11:07:16] /a 5
[24/07/2015 11:07:21] /a 5
[24/07/2015 11:07:22] /a 5
[24/07/2015 11:07:35] /a 5
[24/07/2015 11:07:49] /a 5
[24/07/2015 11:07:53] /a 4
[24/07/2015 11:07:55] /a 3
[24/07/2015 11:27:48] /a 8
[24/07/2015 11:27:49] /a 8
[24/07/2015 11:27:50] /a 8
[24/07/2015 11:27:52] /a 8
[24/07/2015 11:27:53] /a 8
[24/07/2015 11:27:54] /a 5
[24/07/2015 11:27:58] /a 8
[24/07/2015 11:27:59] /a 8
[24/07/2015 11:28:00] /a 8
[24/07/2015 11:28:04] /a 8
[24/07/2015 11:28:11] /a 8
[24/07/2015 11:28:18] /a 3
[24/07/2015 11:28:21] /a 3
[24/07/2015 11:28:23] /a 3
[24/07/2015 11:28:25] /a 3
[24/07/2015 11:28:26] /a 3
[24/07/2015 11:28:28] /a 3
[24/07/2015 11:28:28] /a 3
[24/07/2015 11:28:30] /a 3
[24/07/2015 11:28:31] /a 3
[24/07/2015 11:28:33] /a 3
[24/07/2015 11:28:33] /a 3
[24/07/2015 11:28:34] /a 3
[24/07/2015 11:28:34] /a 3
[24/07/2015 11:28:35] /a 3
[24/07/2015 11:28:35] /a 3
[24/07/2015 11:28:44] /a 3
[24/07/2015 11:28:45] /a 3
[24/07/2015 11:28:45] /a 3
[24/07/2015 11:28:46] /a 3
[24/07/2015 11:28:46] /a 3
[24/07/2015 11:28:47] /a 3
[24/07/2015 11:28:53] /goto [ADM] Spawn
[24/07/2015 11:28:58] /goto [ADM] Spawn
[24/07/2015 11:29:12] /goto [ADM]Spawn
[24/07/2015 11:30:28] /goto sr mutoloko
[24/07/2015 11:30:46] /a 5
[24/07/2015 11:30:47] /a 5
[24/07/2015 11:30:47] /a 5
[24/07/2015 11:30:48] /a 5
[24/07/2015 11:30:48] /a 5
[24/07/2015 11:31:35] /a 5
[24/07/2015 11:31:39] /a 5
[24/07/2015 11:31:40] /a 5
[24/07/2015 11:31:41] /a 5
[24/07/2015 11:31:42] /a 5
[24/07/2015 11:31:43] /a 5
[24/07/2015 11:31:44] /a 5
[24/07/2015 11:31:45] /a 5
[24/07/2015 11:31:45] /a 5
[24/07/2015 11:31:46] /a 5
[24/07/2015 11:31:47] /a 5
[24/07/2015 11:31:48] /a 5
[24/07/2015 11:31:48] /a 5
[24/07/2015 11:31:49] /a 5
[24/07/2015 11:31:50] /a 5
[24/07/2015 11:31:50] /a 5
[24/07/2015 11:31:51] /a 5
[24/07/2015 11:31:53] /a 5
[24/07/2015 11:32:13] /a 5
[24/07/2015 11:32:13] /a 5
[24/07/2015 11:32:14] /a 5
[24/07/2015 11:32:14] /a 5
[24/07/2015 11:32:15] /a 5
[24/07/2015 11:32:16] /a 5
[24/07/2015 11:32:17] /a 5
[24/07/2015 11:32:18] /a 5
[24/07/2015 11:32:24] /a 5
[24/07/2015 11:32:26] /a 5
[24/07/2015 11:32:27] /a 5
[24/07/2015 11:32:28] /a 5
[24/07/2015 11:32:29] /a 5
[24/07/2015 11:32:30] /a 5
[24/07/2015 11:32:30] /a 5
[24/07/2015 11:32:31] /a 5
[24/07/2015 11:32:32] /a 5
[24/07/2015 11:32:32] /a 5
[24/07/2015 11:32:33] /a 5
[24/07/2015 11:32:34] /a 5
[24/07/2015 11:32:35] /a 5
[24/07/2015 11:32:35] /a 5
[24/07/2015 11:32:36] /a 5
[24/07/2015 11:32:37] /a 5
[24/07/2015 11:32:38] /a 5
[24/07/2015 11:32:39] /a 5
[24/07/2015 11:32:39] /a 5
[24/07/2015 11:32:40] /a 5
[24/07/2015 11:32:40] /a 5
[24/07/2015 11:32:41] /a 5
[24/07/2015 11:32:41] /a 5
[24/07/2015 11:32:42] /a 5
[24/07/2015 11:32:43] /a 5
[24/07/2015 11:32:44] /a 5
[24/07/2015 11:32:45] /a 5
[24/07/2015 11:32:45] /a 5
[24/07/2015 11:32:46] /a 5
[24/07/2015 11:32:46] /a 5
[24/07/2015 11:32:47] /a 5
[24/07/2015 11:32:49] /a 5
[24/07/2015 11:32:50] /a 5
[24/07/2015 11:32:50] /a 5
[24/07/2015 11:32:51] /a 5
[24/07/2015 11:32:52] /a 5
[24/07/2015 11:32:52] /a 5
[24/07/2015 11:32:53] /a 5
[24/07/2015 11:32:53] /a 5
[24/07/2015 11:32:54] /a 5
[24/07/2015 11:32:54] /a 5
[24/07/2015 11:32:55] /a 5
[24/07/2015 11:32:55] /a 5
[24/07/2015 11:32:58] /a 5
[24/07/2015 11:33:01] /a 5
[24/07/2015 11:33:02] /a 5
[24/07/2015 11:33:02] /a 5
[24/07/2015 11:33:04] /a 5
[24/07/2015 11:33:04] /a 5
[24/07/2015 11:33:05] /a 5
[24/07/2015 11:33:06] /a 5
[24/07/2015 11:33:08] /a 5
[24/07/2015 11:33:09] /a 5
[24/07/2015 11:33:10] /a 5
[24/07/2015 11:33:11] /a 5
[24/07/2015 11:33:12] /a 5
[24/07/2015 11:33:15] /a 5
[24/07/2015 11:33:17] /a 5
[24/07/2015 11:33:18] /a 5
[24/07/2015 11:33:19] /a 5
[24/07/2015 11:33:19] /a 5
[24/07/2015 11:33:20] /a 5
[24/07/2015 11:33:20] /a 5
[24/07/2015 11:33:21] /a 5
[24/07/2015 11:33:21] /a 5
[24/07/2015 11:33:22] /a 5
[24/07/2015 11:33:23] /a 5
[24/07/2015 11:33:26] /a 5
[24/07/2015 11:33:27] /a 5
[24/07/2015 11:33:28] /a 5
[24/07/2015 11:33:28] /a 5
[24/07/2015 11:33:29] /a 5
[24/07/2015 11:33:30] /a 5
[24/07/2015 11:33:31] /a 5
[24/07/2015 11:33:32] /a 5
[24/07/2015 11:33:32] /a 5
[24/07/2015 11:33:33] /a 5
[24/07/2015 11:33:33] /a 5
[24/07/2015 11:33:34] /a 5
[24/07/2015 11:33:34] /a 5
[24/07/2015 11:33:35] /a 5
[24/07/2015 11:33:35] /a 5
[24/07/2015 11:33:36] /a 5
[24/07/2015 11:33:36] /a 5
[24/07/2015 11:33:40] /a 5
[24/07/2015 11:33:41] /a 5
[24/07/2015 11:33:42] /a 5
[24/07/2015 11:33:42] /a 5
[24/07/2015 11:33:48] /a 5
[24/07/2015 11:34:04] /ghost
[24/07/2015 11:34:07] /ghost
[24/07/2015 11:34:12] /goto aggron
[24/07/2015 11:34:17] /a 5
[24/07/2015 11:34:17] /a 5
[24/07/2015 11:34:18] /a 5
[24/07/2015 11:34:19] /a 5
[24/07/2015 11:34:21] /a 5
[24/07/2015 11:34:22] /a 5
[24/07/2015 11:34:22] /a 5
[24/07/2015 11:34:42] /a 5
[24/07/2015 11:34:43] /a 5
[24/07/2015 11:34:44] /a 5
[24/07/2015 11:34:45] /a 5
[24/07/2015 11:34:47] /a 5
[24/07/2015 11:34:48] /a 5
[24/07/2015 11:34:55] /goto aggron
[24/07/2015 11:35:06] /a 5
[24/07/2015 11:35:07] /a 5
[24/07/2015 11:35:07] /a 5
[24/07/2015 11:35:08] /a 5
[24/07/2015 11:35:09] /a 5
[24/07/2015 11:35:10] /a 5
[24/07/2015 11:35:11] /a 5
[24/07/2015 11:35:12] /a 5
[24/07/2015 11:35:14] /a 5
[24/07/2015 11:35:15] /a 5
[24/07/2015 11:35:19] /a 5
[24/07/2015 11:35:20] /a 5
[24/07/2015 11:35:25] /goto aggron
[24/07/2015 11:35:49] /a 2
[24/07/2015 11:35:50] /a 3
[24/07/2015 11:35:54] /a 3
[24/07/2015 11:35:55] /a 3
[24/07/2015 11:35:55] /a 3
[24/07/2015 11:35:56] /a 3
[24/07/2015 11:35:59] /a 3
[24/07/2015 11:35:59] /a 3
[24/07/2015 11:36:01] /a 3
[24/07/2015 11:36:02] /a 3
[24/07/2015 11:36:03] /a 3
[24/07/2015 11:36:04] /a 3
[24/07/2015 11:36:32] /c [adm] spawn
[24/07/2015 11:37:10] /c [adm] spawn
[24/07/2015 11:38:20] /a 3
[24/07/2015 11:38:21] /a 3
[24/07/2015 11:38:22] /a 3
[24/07/2015 11:38:25] /a 3
[24/07/2015 11:38:25] /a 3
[24/07/2015 11:38:26] /a 3
[24/07/2015 11:38:27] /a 3
[24/07/2015 11:38:28] /a 3
[24/07/2015 11:38:28] /a 3
[24/07/2015 11:38:28] /a 3
[24/07/2015 11:38:30] /a 3
[24/07/2015 11:38:30] /a 3
[24/07/2015 11:38:39] /a 5
[24/07/2015 11:38:41] /a 5
[24/07/2015 11:38:41] /a 5
[24/07/2015 11:38:42] /a 5
[24/07/2015 11:38:44] /a 5
[24/07/2015 11:38:45] /a 5
[24/07/2015 11:38:45] /a 5
[24/07/2015 11:38:46] /a 5
[24/07/2015 11:38:47] /a 5
[24/07/2015 11:38:48] /a 5
[24/07/2015 11:38:49] /a 5
[24/07/2015 11:38:50] /a 5
[24/07/2015 11:38:51] /a 5
[24/07/2015 11:39:13] /a 10
[24/07/2015 11:39:15] /a 10
[24/07/2015 11:39:16] /a 10
[24/07/2015 11:39:18] /a 10
[24/07/2015 11:39:20] /a 10
[24/07/2015 11:39:21] /a 10
[24/07/2015 11:39:23] /a 10
[24/07/2015 11:39:31] /a 5
[24/07/2015 11:39:32] /a 5
[24/07/2015 11:39:32] /a 5
[24/07/2015 11:39:33] /a 5
[24/07/2015 11:39:47] /goto 3
[24/07/2015 11:39:49] /goto 5
[24/07/2015 11:39:51] /goto 5
[24/07/2015 11:39:53] /goto 54
[24/07/2015 11:39:55] /goto 4
[24/07/2015 11:39:58] /goto 4
[24/07/2015 11:40:01] /goto 4
[24/07/2015 11:40:07] /a 1
[24/07/2015 11:40:10] /a 10
[24/07/2015 11:40:12] /a 15
[24/07/2015 11:40:14] /a 15
[24/07/2015 11:40:17] /a 15
[24/07/2015 11:40:21] /a 15
[24/07/2015 11:40:22] /a 15
[24/07/2015 11:40:23] /a 15
[24/07/2015 11:40:25] /a 15
[24/07/2015 11:40:27] /a 15
[24/07/2015 11:40:28] /a 15
[24/07/2015 11:41:02] /a 5
[24/07/2015 11:41:03] /a 5
[24/07/2015 11:41:03] /a 5
[24/07/2015 11:41:04] /a 5
[24/07/2015 11:41:04] /a 5
[24/07/2015 11:41:05] /a 5
[24/07/2015 11:41:05] /a 5
[24/07/2015 11:41:06] /a 5
[24/07/2015 11:41:07] /a 5
[24/07/2015 11:41:07] /a 5
[24/07/2015 11:41:08] /a 5
[24/07/2015 11:41:09] /a 5
[24/07/2015 11:41:09] /a 5
[24/07/2015 11:41:10] /a 5
[24/07/2015 11:41:11] /a 5
[24/07/2015 11:41:12] /a 5
[24/07/2015 11:41:12] /a 5
[24/07/2015 11:41:13] /a 5
[24/07/2015 11:41:15] /a 5
[24/07/2015 11:41:17] /a 5
[24/07/2015 11:41:18] /a 5
[24/07/2015 11:41:18] /a 5
[24/07/2015 11:41:19] /a 5
[24/07/2015 11:41:20] /a 5
[24/07/2015 11:41:20] /a 5
[24/07/2015 11:41:22] /a 5
[24/07/2015 11:41:23] /a 5
[24/07/2015 11:41:25] /a 5
[24/07/2015 11:41:38] /c [adm] spawn
[24/07/2015 11:42:09] /c [adm] spawn
[24/07/2015 11:42:13] /c [adm] spawn
[24/07/2015 11:42:14] /c [adm] spawn
[24/07/2015 11:42:15] /c [adm] spawn
[24/07/2015 11:42:36] /a 5
[24/07/2015 11:42:38] /a 5
[24/07/2015 11:42:41] /a 5
[24/07/2015 11:42:44] /a 5
[24/07/2015 11:42:44] /a 5
[24/07/2015 11:42:46] /a 5
[24/07/2015 11:42:47] /a 4
[24/07/2015 11:42:49] /a 4
[24/07/2015 11:42:50] /a 4
[24/07/2015 11:43:09] /a 6
[24/07/2015 11:43:11] /a 7
[24/07/2015 11:44:56] /newtype 335
[24/07/2015 11:45:01] /newtype 336
[24/07/2015 11:45:03] /newtype 333
[24/07/2015 11:45:04] /newtype 332
[24/07/2015 11:45:07] /newtype 337
[24/07/2015 11:45:10] /newtype 338
[24/07/2015 11:45:11] /newtype 339
[24/07/2015 11:45:13] /newtype 340
[24/07/2015 11:45:20] /newtype 332
[24/07/2015 11:45:43] /newtype 103
[24/07/2015 11:45:45] /newtype 104
[24/07/2015 11:45:47] /newtype 105
[24/07/2015 11:45:49] /newtype 106
[24/07/2015 11:45:50] /newtype 14
[24/07/2015 11:45:53] /newtype 104
[24/07/2015 11:45:56] /newtype 106
[24/07/2015 11:45:57] /newtype 107
[24/07/2015 11:45:59] /newtype 108
[24/07/2015 11:46:01] /newtype 109
[24/07/2015 11:46:07] /newtype 301
[24/07/2015 11:46:08] /newtype 302
[24/07/2015 11:46:09] /newtype 303
[24/07/2015 11:46:10] /newtype 304
[24/07/2015 11:46:12] /newtype 305
[24/07/2015 11:46:13] /newtype 306
[24/07/2015 11:46:15] /newtype 308
[24/07/2015 11:46:17] /newtype 307
[24/07/2015 11:46:36] /newtype 108
[24/07/2015 11:46:39] /newtype 106
[24/07/2015 11:46:41] /newtype 107
[24/07/2015 11:46:55] /newtype 309
[24/07/2015 11:47:01] /newtype 107
[24/07/2015 11:48:09] /newtype 300
[24/07/2015 11:48:12] /newtype 299
[24/07/2015 11:48:14] /newtype 298
[24/07/2015 11:48:18] /newtype 297
[24/07/2015 11:48:20] /newtype 296
[24/07/2015 11:48:22] /newtype 295
[24/07/2015 11:48:25] /newtype 294
[24/07/2015 11:48:28] /newtype 293
[24/07/2015 11:48:38] /newtype 292
[24/07/2015 11:48:40] /newtype 291
[24/07/2015 11:48:42] /newtype 292
[24/07/2015 11:48:45] /newtype 293
[24/07/2015 11:48:58] /a 2
[24/07/2015 11:49:12] /newtype 293
[24/07/2015 11:49:14] /newtype 292
[24/07/2015 11:49:16] /newtype 290
[24/07/2015 11:49:24] /newtype 289
[24/07/2015 11:49:29] /newtype 288
[24/07/2015 11:49:32] /newtype 287
[24/07/2015 11:49:43] /newtype 286
[24/07/2015 11:49:46] /newtype 285
[24/07/2015 11:49:47] /newtype 284
[24/07/2015 11:49:48] /newtype 283
[24/07/2015 11:49:50] /newtype 282
[24/07/2015 11:49:51] /newtype 281
[24/07/2015 11:49:53] /newtype 280
[24/07/2015 11:49:56] /newtype 279
[24/07/2015 11:50:00] /newtype 278
[24/07/2015 11:50:04] /newtype 277
[24/07/2015 11:50:06] /newtype 276
[24/07/2015 11:50:10] /newtype 275
[24/07/2015 11:50:13] /newtype 274
[24/07/2015 11:50:57] /c docinho de coco
[24/07/2015 11:51:19] /newtype 272
[24/07/2015 11:51:22] /newtype 271
[24/07/2015 11:51:24] /newtype 270
[24/07/2015 11:51:58] /newtype 270
[24/07/2015 11:52:09] /newtype 269
[24/07/2015 11:52:10] /newtype 268
[24/07/2015 11:52:12] /newtype 267
[24/07/2015 11:52:14] /newtype 266
[24/07/2015 11:52:16] /newtype 265
[24/07/2015 11:52:18] /newtype 264
[24/07/2015 11:52:19] /newtype 263
[24/07/2015 11:52:21] /newtype 262
[24/07/2015 11:52:22] /newtype 261
[24/07/2015 11:52:27] /newtype 260
[24/07/2015 11:52:32] /newtype 259
[24/07/2015 11:52:34] /newtype 258
[24/07/2015 11:52:39] /newtype 257
[24/07/2015 11:52:45] /newtype 256
[24/07/2015 11:52:47] /newtype 255
[24/07/2015 11:52:50] /newtype 254
[24/07/2015 11:52:51] /newtype 253
[24/07/2015 11:52:54] /newtype 252
[24/07/2015 11:52:56] /newtype 251
[24/07/2015 11:52:58] /newtype 250
[24/07/2015 11:53:01] /newtype 249
[24/07/2015 11:53:04] /newtype 248
[24/07/2015 11:53:05] /newtype 247
[24/07/2015 11:53:07] /newtype 246
[24/07/2015 11:53:09] /newtype 245
[24/07/2015 11:53:10] /newtype 244
[24/07/2015 11:53:11] /newtype 243
[24/07/2015 11:53:14] /newtype 242
[24/07/2015 11:53:16] /newtype 241
[24/07/2015 11:53:19] /newtype 240
[24/07/2015 11:53:22] /newtype 243
[24/07/2015 11:53:28] /newtype 242
[24/07/2015 11:53:29] /newtype 243
[24/07/2015 11:53:36] /newtype 239
[24/07/2015 11:53:38] /newtype 238
[24/07/2015 11:53:40] /newtype 237
[24/07/2015 11:53:42] /newtype 236
[24/07/2015 11:53:43] /newtype 235
[24/07/2015 11:53:44] /newtype 234
[24/07/2015 11:53:46] /newtype 233
[24/07/2015 11:53:48] /newtype 232
[24/07/2015 11:53:50] /newtype 231
[24/07/2015 11:53:54] /newtype 220
[24/07/2015 11:53:56] /newtype 221
[24/07/2015 11:53:57] /newtype 222
[24/07/2015 11:53:59] /newtype 223
[24/07/2015 11:54:00] /newtype 224
[24/07/2015 11:54:02] /newtype 225
[24/07/2015 11:54:03] /newtype 226
[24/07/2015 11:54:07] /newtype 227
[24/07/2015 11:54:11] /newtype 243
[24/07/2015 11:54:24] /a 2
[24/07/2015 11:54:56] /newtype 301
[24/07/2015 11:54:57] /newtype 302
[24/07/2015 11:54:59] /newtype 303
[24/07/2015 11:55:03] /newtype 307
[24/07/2015 11:55:06] /newtype 310
[24/07/2015 11:55:12] /newtype 312
[24/07/2015 11:55:16] /newtype 313
[24/07/2015 11:55:22] /goto articuno
[24/07/2015 11:55:24] /goto articuno
[24/07/2015 11:55:25] /goto articuno
[24/07/2015 11:55:26] /goto articuno
[24/07/2015 11:55:28] /goto articuno
[24/07/2015 11:55:33] /newtype 315
[24/07/2015 11:55:34] /goto
[24/07/2015 11:55:43] /a 5
[24/07/2015 11:55:48] /a 4
[24/07/2015 11:55:50] /a 3
[24/07/2015 11:55:55] /newtype 317
[24/07/2015 11:55:57] /newtype 318
[24/07/2015 11:55:59] /newtype 319
[24/07/2015 11:56:03] /a 2
[24/07/2015 11:56:24] /goto stiffler
[24/07/2015 11:56:27] /a 2
[24/07/2015 11:56:31] /c stiffler
[24/07/2015 11:56:55] /newtype 320
[24/07/2015 11:57:07] /newtype 321
[24/07/2015 11:57:11] /newtype 322
[24/07/2015 11:57:14] /newtype 323
[24/07/2015 11:57:47] /newtype 328
[24/07/2015 11:57:57] /newtype 340
[24/07/2015 11:57:58] /newtype 341
[24/07/2015 11:58:02] /newtype 350
[24/07/2015 11:58:06] /newtype 360
[24/07/2015 11:58:10] /newtype 370
[24/07/2015 11:58:12] /newtype 380
[24/07/2015 11:58:25] /newtype 3290
[24/07/2015 11:58:29] /newtype 390
[24/07/2015 11:58:32] /newtype 40
[24/07/2015 11:58:40] /newtype 10
[24/07/2015 11:58:43] /newtype 1
[24/07/2015 11:58:44] /newtype 2
[24/07/2015 11:58:45] /newtype 3
[24/07/2015 11:58:47] /newtype 4
[24/07/2015 11:58:50] /newtype 5
[24/07/2015 11:58:51] /newtype 6
[24/07/2015 11:58:55] /newtype 20
[24/07/2015 11:58:57] /newtype 21
[24/07/2015 11:58:59] /newtype 22
[24/07/2015 11:59:00] /newtype 23
[24/07/2015 11:59:01] /newtype 24
[24/07/2015 11:59:02] /newtype 25
[24/07/2015 11:59:04] /newtype 26
[24/07/2015 11:59:06] /newtype 30
[24/07/2015 11:59:08] /newtype 31
[24/07/2015 11:59:09] /newtype 32
[24/07/2015 11:59:10] /newtype 33
[24/07/2015 11:59:11] /newtype 34
[24/07/2015 11:59:13] /newtype 35
[24/07/2015 11:59:22] /newtype 35
[24/07/2015 11:59:23] /newtype 36
[24/07/2015 11:59:25] /newtype 37
[24/07/2015 11:59:27] /newtype 38
[24/07/2015 11:59:31] /newtype 39
[24/07/2015 11:59:34] /a 2
[24/07/2015 11:59:48] /newtype 239
[24/07/2015 11:59:51] /newtype 298
[24/07/2015 11:59:55] /newtype 293
[24/07/2015 12:00:00] /newtype 290
[24/07/2015 12:00:18] /goto thedada
[24/07/2015 12:00:20] /a 3
[24/07/2015 12:00:26] /c thedada
[24/07/2015 12:00:42] /newtype 40
[24/07/2015 12:01:01] /newtype 41
[24/07/2015 12:01:03] /newtype 42
[24/07/2015 12:01:05] /newtype 42
[24/07/2015 12:01:06] /newtype 41
[24/07/2015 12:01:15] /newtype 43
[24/07/2015 12:01:18] /newtype 45
[24/07/2015 12:01:19] /newtype 44
[24/07/2015 12:01:21] /newtype 46
[24/07/2015 12:01:23] /newtype 47
[24/07/2015 12:01:25] /newtype 48
[24/07/2015 12:01:42] /newtype 49
[24/07/2015 12:01:58] /newtype 50
[24/07/2015 12:02:04] /newtype 31
[24/07/2015 12:02:05] /newtype 35
[24/07/2015 12:02:13] /newtype 40
[24/07/2015 12:02:31] /newtype 360
[24/07/2015 12:02:41] /newtype 660
[24/07/2015 12:02:50] /newtype 40
[24/07/2015 12:03:26] /a 5
[24/07/2015 12:03:50] /a 5
[24/07/2015 12:03:55] /a 5
[24/07/2015 12:03:56] /a 5
[24/07/2015 12:03:57] /a 5
[24/07/2015 12:04:09] /b 15 on fasso evento esconde esconde :3
[24/07/2015 12:05:06] /a 2
[24/07/2015 12:05:23] /a 2
[24/07/2015 12:05:35] /i 12930
[24/07/2015 12:05:46] /ghost
[24/07/2015 12:05:49] /ghost
[24/07/2015 12:06:52] /b oia adm subiu pra 16 kkkkkk
[24/07/2015 12:06:58] /mc
[24/07/2015 12:07:09] /b tati sem multi client
[24/07/2015 12:07:20] /goto sou foda de matar
[24/07/2015 12:07:28] /mc
[24/07/2015 12:09:17] /b spawn qual poke eu do pra quem me acha?
[24/07/2015 12:10:41] /b quem me acha vai ganha boost2 (vai ter dica) vo me esconde
[24/07/2015 12:10:44] /a 5
[24/07/2015 12:10:46] /ghost
[24/07/2015 12:10:58] /a 2
[24/07/2015 12:11:20] /a 2
[24/07/2015 12:11:23] /a 2
[24/07/2015 12:11:33] /b Comecem
[24/07/2015 12:11:39] /b City Saffron
[24/07/2015 12:11:53] /a
[24/07/2015 12:12:23] /ghost
[24/07/2015 12:12:38] /b 2 pessoa ja passo por mim kkkkk
[24/07/2015 12:12:41] /ghost
[24/07/2015 12:12:56] /ghost
[24/07/2015 12:13:24] /b Wins Mc Tati Zaqui
[24/07/2015 12:14:08] /b spawn se esconde vc agora
[24/07/2015 12:17:25] /mc
[24/07/2015 12:17:49] /c docinho de coco
[24/07/2015 12:33:06] /addskill Docinho De Coco,level,1000
[24/07/2015 13:04:49] /town gold
[24/07/2015 13:05:29] /town 1
[24/07/2015 13:05:31] /town 2
[24/07/2015 13:05:33] /town 3
[24/07/2015 13:05:35] /town 4
[24/07/2015 13:05:36] /town 5
[24/07/2015 13:05:38] /town 6
[24/07/2015 13:05:41] /town 7
[24/07/2015 13:05:43] /town 8
[24/07/2015 13:05:56] /addskill [CM] Kirito,level,100
[24/07/2015 13:06:07] /b s
[24/07/2015 13:06:14] /b evento pvp :3
[24/07/2015 13:06:22] /b evento bag so com 22 on
[24/07/2015 13:06:50] /a 2
[24/07/2015 13:06:59] /b n mandem pm
[24/07/2015 13:07:24] /c docinho de coco
[24/07/2015 13:08:21] /b pm e eu puxo
[24/07/2015 13:09:08] /c cann
[24/07/2015 13:09:26] /c canon
[24/07/2015 13:09:27] /c shuunck stronda
[24/07/2015 13:09:29] /c canon
[24/07/2015 13:09:32] /c canon/c Carlos
[24/07/2015 13:09:43] /c canon
[24/07/2015 13:09:54] /c anjinho
[24/07/2015 13:09:57] /c male
[24/07/2015 13:10:01] /c krisalio
[24/07/2015 13:10:19] /b quem +?
[24/07/2015 13:10:24] /c niicolas
[24/07/2015 13:10:39] /c shosen
[24/07/2015 13:10:43] /c shosen
[24/07/2015 13:10:49] /c marquuinhos
[24/07/2015 13:10:54] /c marquinhos
[24/07/2015 13:11:02] /c marquinhos
[24/07/2015 13:11:07] /c chosen
[24/07/2015 13:11:21] /c male
[24/07/2015 13:11:27] /b +?
[24/07/2015 13:11:39] /r
[24/07/2015 13:11:49] /c shuunck stronda
[24/07/2015 13:13:39] /c konan
[24/07/2015 13:14:05] /b o kkkkk
[24/07/2015 13:15:52] /c shosen
[24/07/2015 13:16:00] /c chosen
[24/07/2015 13:25:33] /b pc reinicio
[24/07/2015 13:25:56] /c sildney
[24/07/2015 13:26:18] /c anjinho
[24/07/2015 13:26:25] /c shuuck stronda
[24/07/2015 13:26:30] /c konan
[24/07/2015 13:26:36] /c krisalio
[24/07/2015 13:26:40] /c marquinhos
[24/07/2015 13:26:55] /c shuunck stroanda
[24/07/2015 13:27:10] /c shuunck stronda
[24/07/2015 13:27:15] /c canon
[24/07/2015 13:27:20] /c niicolas
[24/07/2015 13:27:22] /c stiffler
[24/07/2015 13:27:24] /c tiia
[24/07/2015 13:27:41] /t tiia
[24/07/2015 13:29:16] /i 12940
[24/07/2015 13:29:17] /i 12940
[24/07/2015 13:29:18] /i 12940
[24/07/2015 13:29:19] /i 12940
[24/07/2015 13:29:24] /i 12940
[24/07/2015 13:29:25] /i 12940
[24/07/2015 13:29:27] /i 12940
[24/07/2015 13:29:38] /c stiffler
[24/07/2015 13:30:47] /t docinho de coco
[24/07/2015 13:31:35] /mode
[24/07/2015 13:32:17] /t mandingo druid
[24/07/2015 13:33:22] /info
[24/07/2015 13:33:28] /info chosen
[24/07/2015 13:33:58] /info marquinhos
[24/07/2015 13:34:06] /info shuunck stronda
[24/07/2015 13:34:55] /t chosen
[24/07/2015 13:36:14] /t mendingo druid
[24/07/2015 13:36:28] /b avso mendingo chingando staff motivo de banishiment
[24/07/2015 13:38:18] /a 4
[24/07/2015 13:40:33] /mode
[24/07/2015 13:41:06] /a 2
[24/07/2015 13:41:10] /a  3
[24/07/2015 13:41:30] /a 2
[24/07/2015 13:41:47] /info konan
[24/07/2015 13:42:02] /info marquinhos
[24/07/2015 13:42:32] /info male
[24/07/2015 13:42:37] /info konan
[24/07/2015 13:42:44] /info shuunck stronda
[24/07/2015 13:43:01] /info mendingo druid
[24/07/2015 13:43:16] /info stiffler
[24/07/2015 13:44:11] /a 2
[24/07/2015 13:45:23] /t 
