[25/07/2015 22:00:58] /b tutor e.e.e.e.
[25/07/2015 22:01:41] /b galera quem for b11 eu e meu amigo tamos querendo ir quem for fale no game chat
[25/07/2015 22:03:10] /b galera quem for b11 espera no portal antes de entrar pro zekrom 
[25/07/2015 22:03:32] /t
[25/07/2015 22:04:44] /b galera quem for b11 vem aki pro portal tou aki gogo
[25/07/2015 22:05:13] /b galera quem for b11 vem aki pro portal tou aki gogo
[25/07/2015 22:06:28] /b teve bag hoje
[25/07/2015 22:06:47] /kick [TUTOR] Thodyto
[25/07/2015 22:15:42] /b vai mano anda nessa bagaça
[25/07/2015 22:18:28] /info orion x
[25/07/2015 22:18:58] /b shiny zekrom mvp life quase yellow
[25/07/2015 22:19:59] /b quase red shiny zekrom mvp
[25/07/2015 22:21:13] /b life red
[25/07/2015 22:22:54] /b querem ver shiny zekrom morrer ta ai na tv pode olhar
[25/07/2015 22:23:14] /b morreu ja
[25/07/2015 22:37:48] /t
[25/07/2015 22:40:01] /b galera ta todo mundo chamando meu shiny zek de zek do cao entao o nick dele vai ser zek do cao
[25/07/2015 22:43:26] /t
[25/07/2015 22:44:52] /b geral aki na b12 tentando catch black celebi kkkkk
[25/07/2015 22:49:16] /b flw mano fica com Deus
[25/07/2015 22:54:27] /b que catch lindo 22:54 You have wasted: 423 Ultra balls trying to catch a Black Celebi.
[25/07/2015 23:08:25] /b se eu n tivesse tentando catch black cuno ou black celebi eu ia
[25/07/2015 23:09:18] /b vou nada tou com preguiça
[25/07/2015 23:22:16] /t
[25/07/2015 23:30:56] /b samerda slk vey affs demora da merda pra catch 1 black celebi
[25/07/2015 23:31:50] /b 23:31 You have wasted: 563 Ultra balls trying to catch a Black Celebi. '-------------' slk vey iso tudo e nd
[25/07/2015 23:33:35] /t
[25/07/2015 23:35:07] /t
[25/07/2015 23:41:53] /b desisto de tentar catch black celebi slk
[25/07/2015 23:42:04] /b é impossivel
[25/07/2015 23:52:58] /b duvidas utilize help
[25/07/2015 23:54:27] /t
[25/07/2015 23:59:50] /b 23:59 Congratulations, you caught a pokemon (Black Celebi)! até que enfin ufa
[25/07/2015 23:59:51] /t
[26/07/2015 00:00:24] /b 23:59 Congratulations, you caught a pokemon (Black Celebi)! até que enfin ufa
[26/07/2015 00:37:24] /b 00:37 You have wasted: 654 Ultra balls trying to catch a Black Articuno. isso é catch ?
[26/07/2015 00:37:43] /t
[26/07/2015 00:40:59] /b gogo b11
[26/07/2015 00:41:37] /b Luis vc vai ? b11 gogo
[26/07/2015 00:52:14] /b aew mano
[26/07/2015 00:52:31] /b kkkkkkkkkk
[26/07/2015 00:55:02] /t
[26/07/2015 00:55:09] /b dialga ta fodao 
[26/07/2015 01:04:33] /t
[26/07/2015 01:11:59] /info Giovanna
[26/07/2015 01:12:57] /info Giovanna
[26/07/2015 01:13:09] /t
[26/07/2015 01:13:34] /b seria lgl 1 evento bag pra animar o povo
[26/07/2015 01:14:22] /t
[26/07/2015 01:27:00] /t
[26/07/2015 01:27:24] /b flw galera vou dormir boa madruu aew pra vcs fui
[31/07/2015 16:10:23] /b fala galera voltei tava sem net sentiram minha falta ? pelo jeito nn kk vamo simbora galera
[31/07/2015 16:37:22] /b sel boost stone 2 pmm
[01/08/2015 14:00:17] /b boa tarde galera duvida use help
[01/08/2015 14:04:29] /b galera quem quiser ir b11 espera no cp de saffron perto do portal da b11
[01/08/2015 14:06:02] /b gogo b11
[01/08/2015 14:07:28] /b a galera vou + nn dx queto
[01/08/2015 14:08:30] /b gogo galera
[01/08/2015 14:13:46] /b '-'
[01/08/2015 14:16:35] /b galera n botem nick dos adm nos seus pokes pq as vezes nois confude e pensa que é o adm n botem nome de adm nos seus pokes.. obrigado
[01/08/2015 14:21:14] /b nossa b14 impossible
[01/08/2015 14:21:37] /b galera quem tiver com nick de staff vai tomar no tation
[01/08/2015 14:23:34] /b quem tiver com nome de adm nos poke vai tomar notation
[01/08/2015 14:29:01] /b mt manaphy na b15 n da pra andar
[01/08/2015 14:34:43] /info baidu
[01/08/2015 16:35:21] /t
[01/08/2015 16:39:29] /b duvida utilize help
[01/08/2015 16:58:52] /t [TUTOR] Thodyto
[01/08/2015 18:23:59] /t
[01/08/2015 18:25:43] /b galera fiquem com Deus vou sair <3 adeus meus fans talvez dps eu entro flw fui comprar pao pra tomar café :D
[01/08/2015 19:20:56] /b boa noite galera
[01/08/2015 19:22:40] /b vc bloka ?
[01/08/2015 19:23:44] /b quem for b14 fala no game chat
[01/08/2015 19:24:55] /t
[01/08/2015 19:27:38] /b tnc morri
[01/08/2015 19:30:26] /b ainda cheguei no zek mvp kkkkkkk
[01/08/2015 19:30:30] /b gogo b14 geral
[01/08/2015 19:30:33] /b gogo
[01/08/2015 19:30:47] /b gogo b14
[01/08/2015 19:31:32] /b corre galera
[01/08/2015 19:37:21] /b vcs que acham que victini é bom pois só tem life
[01/08/2015 19:41:24] /b aff fui olhar o face
[01/08/2015 19:51:07] /t darkbioneco
[03/08/2015 15:18:19] /b boa tarde galera :D <3
[03/08/2015 15:19:36] /b galera ta caindo entao boa tarde <3
[03/08/2015 15:21:53] /info
[03/08/2015 15:22:01] /info mc tati zaqui
[03/08/2015 15:33:49] /t
[03/08/2015 15:34:09] /b galera duvida utilizie help
[03/08/2015 15:34:41] /t
[03/08/2015 15:36:28] /b ahuahsuash
[03/08/2015 15:36:50] /b kkkk
[03/08/2015 15:38:44] /t
[03/08/2015 15:43:41] /t
[03/08/2015 15:45:01] /t
[03/08/2015 15:47:45] /t
[03/08/2015 15:51:40] /t
[04/08/2015 17:00:49] /t
[04/08/2015 17:03:33] /t
[04/08/2015 17:04:09] /t
[04/08/2015 17:08:57] /t
[04/08/2015 17:11:54] /t
[04/08/2015 17:21:13] /b nao
[04/08/2015 17:28:52] /b kkkkkkkkkkkkkkkkkkkkkkkkkkkkkkkk
[04/08/2015 17:29:41] /b tutor shemale gogo b14 tamo aki nos black charizard
[04/08/2015 17:40:49] /b tou nos heatran
[04/08/2015 17:54:11] /b galera vou sair dps nois vai b14
[04/08/2015 17:54:14] /t
[05/08/2015 13:30:31] /t
[05/08/2015 15:02:37] /t
[05/08/2015 15:03:32] /t
[05/08/2015 15:19:03] /t
[05/08/2015 15:23:32] /t
[05/08/2015 16:56:14] /t
[05/08/2015 17:26:44] /info [tutor]shemale
[05/08/2015 17:29:02] /t
[05/08/2015 17:30:17] /kick pirulito kiler
[05/08/2015 17:30:45] /kick pirulito kiler
[05/08/2015 17:30:49] /kick pirulito kiler
[05/08/2015 17:30:54] /kick pirulito kiler
[05/08/2015 17:33:51] /b galera vou fazer 1 evento valendo 1 boost2 esconde esconde 2 rodada
[05/08/2015 17:34:20] /b vou se esconder quando eu falar ja valeu fala no game chat quem for participar pra eu sabe quem vai participar 
[05/08/2015 17:35:01] /b quem vai participar fala no game chat
[05/08/2015 17:35:34] /b quem vai participar do evento esconde esconde fala no game chat
[05/08/2015 17:36:03] /b só 1 ?
[05/08/2015 17:36:34] /b fala no game chat aff '-'
[05/08/2015 17:37:07] /b evento esconde esconde
[05/08/2015 17:37:57] /b '---' que gay ashasuhas 1 boost2 2 rodada tutor vc vai ?
[05/08/2015 17:38:10] /info
[05/08/2015 17:38:47] /b todos que vao participar cp vou se esconder
[05/08/2015 17:38:54] /town 2
[05/08/2015 17:38:55] /town 3
[05/08/2015 17:39:31] /b galera city lavender ta mt facil
[05/08/2015 17:40:48] /b kkkkkkkk grandark achou
[05/08/2015 17:41:04] /b ele passou dps voutou ahsusah
[05/08/2015 17:41:21] /b todos cp vou se esconder dnv
[05/08/2015 17:41:26] /town 5
[05/08/2015 17:42:34] /b galera city celadon tou perto de 1 npc pra ficar facil pq jaja vou sair meu irmao ja ta se aviçiando só tem 7 anos e ja ta igual a eu city celadon ;)
[05/08/2015 17:43:23] /b dragonvermelho achou :D
[05/08/2015 17:43:29] /b tb tava facil né
[05/08/2015 17:44:31] /b valeu galera quando tiver coisa boa pra fazer evento faço vlw galera tmj
[05/08/2015 17:44:44] /t
[05/08/2015 17:45:17] /b vlw galera flw vou sair fiquem na paz
[05/08/2015 17:51:54] /b se vc curtiu se increve no canal toda terça video novo a parade é semanal da 1 like compratilha pra poder continuar vcs sao minha força tmj vamo la
[05/08/2015 17:53:03] /b galera vou sair meu irmao ta enjoando pra jogar
[05/08/2015 17:53:28] /b n sabe nem ler e ja quer jogar
[06/08/2015 16:23:15] /t
[06/08/2015 16:25:28] /t
[06/08/2015 16:28:14] /info thais
[06/08/2015 16:28:55] /t thais
[06/08/2015 16:28:56] /t
[06/08/2015 16:30:03] /t
[06/08/2015 16:30:52] /t thais
[06/08/2015 16:30:53] /t
[06/08/2015 16:37:25] /t thais
[06/08/2015 16:37:36] /kick thais
[06/08/2015 16:38:52] /b tou jogando tds saffron
[06/08/2015 16:39:20] /b '---' que gay ashasuhashus
[06/08/2015 16:40:01] /t thais
[06/08/2015 16:40:04] /t
[06/08/2015 16:40:49] /b vlw galera linda vou sair
[06/08/2015 16:54:03] /t
[07/08/2015 13:13:44] /t
[07/08/2015 13:42:40] /b galera eu n guento b14 '----' chamem a galera pra ir se vim pm pra ajuda quest n vou só vou as que eu consegui que é b11 pra baixo e tb agora tou no face vlw '--'
[07/08/2015 14:22:45] /info ercsd
[07/08/2015 14:23:12] /t
[07/08/2015 14:31:29] /b galera gogo b14
[07/08/2015 14:31:49] /b quem for b14 fala game chat só vou se tiver mt gente
[07/08/2015 14:32:04] /b quem for b14 fala game chat só vou se tiver mt gente
[07/08/2015 14:32:05] /b galera gogo b14
[07/08/2015 14:32:23] /b goog b14
[07/08/2015 14:32:59] /b n vou dar party em ninguem
[07/08/2015 14:34:19] /b galera deixa eu ir na frent
[07/08/2015 14:36:11] /b '--'
[07/08/2015 14:36:22] /b galera deixa eu ir na frent
[07/08/2015 14:36:53] /b b14
[07/08/2015 14:38:13] /t darkinator
[07/08/2015 14:43:22] /b darkbioneco n sei
[07/08/2015 15:00:47] /b quest demorada da pexte
[07/08/2015 15:05:09] /b mals caiu aki
[07/08/2015 15:05:58] /b galera vou tentar botar meu dialga pra ver se mata + rapido
[07/08/2015 15:06:54] /b mals galera n deu
[07/08/2015 15:07:10] /t
[07/08/2015 15:07:45] /t ercsd
[07/08/2015 15:08:52] /t
[07/08/2015 15:09:37] /b galera peguei o manaphy do meu amigo pra ver se consigo fazer b14 entao go go
[07/08/2015 15:10:00] /b gogo b14
[07/08/2015 15:11:56] /b n vou dar party
[07/08/2015 15:13:35] /b morri pqp
[07/08/2015 15:14:00] /b fii self destruct do nitar '-'
[07/08/2015 15:14:10] /b volta dnv
[07/08/2015 15:15:39] /b n vou da party
[07/08/2015 15:18:34] /b aff tnc vou + n 
[07/08/2015 15:18:41] /b self destruct mizeravi
[07/08/2015 15:18:55] /b vou b15
[07/08/2015 15:48:29] /b fala galera tou nos heatran quase no shiny regirock ashsauhsau
[07/08/2015 15:48:34] /b sozinh :(
[07/08/2015 15:50:26] /b morri tnc
[07/08/2015 15:51:00] /b n vou dnv
[07/08/2015 15:53:20] /t
[07/08/2015 15:55:42] /t
[07/08/2015 15:59:20] /t chaa
[07/08/2015 16:01:06] /b quem eu pegar of upando em passiva de poke vai tomar ban tou logo avisando
[07/08/2015 16:02:15] /b tou logo avisando
[07/08/2015 16:23:18] /t
[07/08/2015 23:37:33] /b boa noite galera
[08/08/2015 00:06:18] /b nossa impossible b16 mts portais
[08/08/2015 00:10:00] /b vou sair flw
[08/08/2015 00:34:27] /b impossible
[08/08/2015 00:49:50] /b upa lgl ai
[08/08/2015 00:51:54] /b ss passei correndo de black celebi
[08/08/2015 00:53:29] /b quase red
[08/08/2015 01:02:21] /b aew pexte
[08/08/2015 01:03:59] /b ashuashas
[08/08/2015 01:04:10] /b ss
[08/08/2015 01:07:10] /b nnnnnnnnnnnn
[08/08/2015 01:07:58] /t
[08/08/2015 01:09:03] /t
[08/08/2015 01:09:46] /t
[08/08/2015 01:11:43] /b gogo b14
[08/08/2015 01:15:53] /t
[08/08/2015 01:18:14] /t
[08/08/2015 01:20:11] /t
[08/08/2015 01:23:51] /t
[08/08/2015 01:24:26] /t
[08/08/2015 01:28:45] /b vlwww
[08/08/2015 01:30:30] /b gogo b14
[08/08/2015 01:34:50] /t
[08/08/2015 01:42:04] /b e.e
[08/08/2015 01:42:39] /b speed deoxys '-'
[08/08/2015 01:43:53] /t
[08/08/2015 01:45:43] /b n tenho pokes pra da malls
[08/08/2015 01:46:45] /b o shiny raikou ta forte ?
[08/08/2015 01:47:48] /t
[08/08/2015 01:51:01] /b troco shiny raikou pm aceito manaphy
[08/08/2015 01:51:40] /b ditto só b4
[08/08/2015 01:54:42] /b troco shiny raikou pmm
[08/08/2015 01:55:16] /b n aceito black arty
[08/08/2015 02:00:43] /t
[08/08/2015 02:05:14] /b fica com Deus
[08/08/2015 02:05:36] /b sqn
[08/08/2015 02:05:55] /b kkk
[08/08/2015 02:06:19] /b kkkkkk
[08/08/2015 02:18:22] /t
[08/08/2015 02:18:35] /b shiny raikou ta forte pra krl
[08/08/2015 02:22:16] /t
[08/08/2015 02:36:55] /t
[08/08/2015 02:38:21] /t
[08/08/2015 02:39:28] /t
[08/08/2015 02:46:45] /t
[08/08/2015 02:47:53] /t
[08/08/2015 03:06:37] /info aandreu
[08/08/2015 03:06:44] /info aandrei
[08/08/2015 03:09:26] /t
[08/08/2015 03:09:58] /b galera vou gravar
[08/08/2015 03:10:05] /b quem quiser participar cp
[08/08/2015 03:10:51] /b galera vou gravar b11 quem quiser ir vem cp
[08/08/2015 03:12:29] /b galera tou gravando n atrapalha
[08/08/2015 03:12:32] /b '00'
[08/08/2015 03:28:31] /b galera jaja bou gravar b16 quem for fica aki cp
[08/08/2015 03:29:43] /b galera só vou ver 1 video como postar no youtube quando terminar vou gravar
[08/08/2015 03:29:46] /b blz ?
[08/08/2015 03:38:16] /b quem for b16 e for gravar vem cp saffron agora
[08/08/2015 03:51:41] /t ozuroo
[08/08/2015 03:51:42] /t
[08/08/2015 03:53:29] /b entao galera o adm vai ajeitar pq isso é obra do lucas entao vou fazer video da b12 oq acha ?
[08/08/2015 03:53:52] /b resposta game chat
[08/08/2015 03:59:24] /b galera go box 12 2 box 13 ? vou gravar
[08/08/2015 04:01:07] /b galera todo mundo que for por video com roupa de ash aki no cp
[08/08/2015 04:01:58] /t tobirama
[08/08/2015 04:09:26] /t poha
[08/08/2015 04:09:38] /b poha errei portal
[08/08/2015 04:09:52] /b galera fiquem ai vou passar correndo agora
[08/08/2015 04:12:36] /b vem tou aki
[08/08/2015 04:23:43] /b upar em passiva de poke é considerado bot e eu ja avise isto
[08/08/2015 04:23:50] /unban tobirama
[08/08/2015 04:24:43] /t
[08/08/2015 04:26:22] /b galera vou tentar fazer b14 quem for vem cp saffron
[08/08/2015 04:38:51] /t
[08/08/2015 21:57:15] /b o.o ja tem os megas
[08/08/2015 22:01:55] /b go b17 n vou b14 só dps
[08/08/2015 22:03:59] /b n vou dar party
[08/08/2015 22:04:19] /b b17
[08/08/2015 22:09:36] /b mts poke ai fica dando lag
[08/08/2015 22:10:03] /b mts poke dao lag
[08/08/2015 22:10:40] /b aki ta lag da poha
[08/08/2015 22:11:11] /b mt lag tnc
[08/08/2015 22:11:31] /b a b17 da mt lag
[08/08/2015 22:12:45] /b lllllllag slki
[08/08/2015 22:14:01] /b isso é quest pelo amor de Deus
[08/08/2015 22:14:42] /b xiu
[08/08/2015 22:14:50] /b tutor é eu ou vc ?
[08/08/2015 22:15:17] /b aki ta osso por causa do lag
