[25/07/2015 22:00:43] /b kirito sinta inveja fui promovido
[25/07/2015 22:00:52] /b :D
[25/07/2015 22:01:06] /b kkkkkkkk :D
[25/07/2015 22:01:58] /b eu vo pra dar uma mao kk 
[25/07/2015 22:02:05] /town 2
[25/07/2015 22:02:29] /t
[25/07/2015 22:06:17] /kick [TUTOR] Kirito Black
[25/07/2015 22:08:01] /t
[25/07/2015 22:25:25] /t
[25/07/2015 22:29:13] /b uouu
[25/07/2015 22:29:18] /b to tc do nada 
[25/07/2015 22:29:20] /t
[25/07/2015 22:31:02] /b n da so capturando shiny zak ou em eventos 
[25/07/2015 22:37:19] /t
[25/07/2015 22:45:07] /t
[25/07/2015 22:45:11] /t
[25/07/2015 22:48:26] /t
[25/07/2015 22:49:00] /b falow galerinha t amanha e bom game pra todos ai n se esqueçan de divulgar o server contem pros amigos visitem a pagina no face compartilhem e se divirtam obrigado e até amanha 
[26/07/2015 01:37:44] /t
[26/07/2015 01:39:20] /t
[26/07/2015 01:49:45] /t
[26/07/2015 01:55:09] /t
[26/07/2015 01:56:02] /t
[26/07/2015 01:56:06] /b so eu on cara 
[26/07/2015 11:42:59] /t
[26/07/2015 11:43:20] /t
[26/07/2015 11:43:26] /t
[26/07/2015 12:08:05] /b eii adm ta aii ??
[26/07/2015 12:09:08] /t
[26/07/2015 12:16:04] /t
[26/07/2015 12:20:05] /t
[26/07/2015 12:20:17] /b galeraaa que tal um evento 
[26/07/2015 12:20:23] /b valendo boost 2 ?? 
[26/07/2015 12:20:45] /b vai ser esconde esconde valendo bost 2 em galeraa tao afim ?? falem no game chat 
[26/07/2015 12:21:45] /b bom galera vou fazer evento entao em como vai funcionar ???
[26/07/2015 12:21:55] /b eu vou me esconder em um lugar de uma cidade e vcs vao terque me achar 
[26/07/2015 12:22:08] /b quem me achar ganha bost 2 
[26/07/2015 12:22:47] /b pora galera eaii vai começar em vou me esconder preparem os pokes de teleport 
[26/07/2015 12:22:57] /town 6
[26/07/2015 12:23:10] /b valendo galeraaa
[26/07/2015 12:23:50] /b dica estou em um zapdos 
[26/07/2015 12:24:04] /b tem um npc chamado kira perto de min 
[26/07/2015 12:25:14] /b eai galera ninguem procurando ???
[26/07/2015 12:25:52] /b mais umas dicas entao 
[26/07/2015 12:26:32] /b tem a letra i no nome da cidade
[26/07/2015 12:27:57] /b parabens Tenevor ganhou galeraaa
[26/07/2015 12:28:18] /town 6
[26/07/2015 12:29:06] /t
[26/07/2015 12:30:05] /b bom galera que tal mais um ??
[26/07/2015 12:30:19] /b se pelomenos 6 falarem eu no game chat eu fasso mais um 
[26/07/2015 12:30:59] /b so 4 que pena em assim  n da n 
[26/07/2015 12:31:30] /b mais tarde eu fasso mais valendo boost 2 galeraa 
[26/07/2015 12:31:43] /b ja volto afk aqui 
[26/07/2015 12:35:27] /b galeraa que tal um evento diferente 
[26/07/2015 12:35:33] /b valendo 4 boost stone 2 
[26/07/2015 12:35:42] /b vai funcionar assim 
[26/07/2015 12:35:51] /b até o fim do dia eu vou tar marcando pontos 
[26/07/2015 12:35:58] /b quem conseguir 10 pontos primeiro ganha 
[26/07/2015 12:36:04] /b como eu consigo pontos ??
[26/07/2015 12:36:15] /b chamando gente 
[26/07/2015 12:36:26] /b para cada player novo que vcs trouxerem é um ponto 
[26/07/2015 12:36:32] /b e tambem vou fazer evento 
[26/07/2015 12:36:37] /b valendo um ponto cada 
[26/07/2015 12:36:52] /b mais so vao ter 3 eventos durante o dia valendo esses pontos em 
[26/07/2015 12:37:38] /b galera n adianta falar que chamou um eu quero ver os 2 juntos e se tiverem o mesmo ip eu vou dar ban na acc principal em galera 
[26/07/2015 12:37:50] /b eu sou fdp com quem tenta me enganar 
[26/07/2015 12:38:19] /b bom galera ta valendo no fim do dia 4 boost 2 pra quem conseguir 10 pontos em 
[26/07/2015 12:38:28] /b e se adm deixar eu almento o premio 
[26/07/2015 12:38:58] /b vamo la galeraa bora divulgar pra ganhar pontos 
[26/07/2015 12:40:51] /b afk aqui galeraa 
[26/07/2015 12:46:17] /t
[26/07/2015 12:58:02] /b mendingo druida
[26/07/2015 12:58:04] /t
[26/07/2015 12:59:41] /b galera eu vo avisar agora 
[26/07/2015 12:59:50] /b quem eu pegar copiando mvp vai levar ban 
[26/07/2015 13:05:47] /t
[26/07/2015 13:06:14] /t
[26/07/2015 13:06:51] /t
[26/07/2015 13:06:56] /b galera vou avisar
[26/07/2015 13:07:04] /b foi proibido black zard e pokes megas no ditto 
[26/07/2015 13:07:13] /b aqueles que tem porfavor tirem 
[26/07/2015 13:07:30] /b nenhum mega nem nitar nem nenhum 
[26/07/2015 13:07:52] /b Galera não transformem o ditto em Black, ou mega  caso seja pegado serão dados notation... (arrumaremos o bug do ditto e o mesmo só poderá se transformar em pokes normais e shinys)
[26/07/2015 13:08:01] /t
[26/07/2015 13:08:09] /town 2
[26/07/2015 13:08:24] /t
[26/07/2015 13:11:31] /t
[26/07/2015 13:14:07] /t Theend
[26/07/2015 13:16:33] /b Galera não transformem o ditto em Black, ou mega  caso seja pegado serão dados notation... (arrumaremos o bug do ditto e o mesmo só poderá se transformar em pokes normais e shinys)
[26/07/2015 13:17:39] /b pode em normais e em sertos lendarios 
[26/07/2015 13:17:51] /b n pode em megas e em mvps
[26/07/2015 13:18:20] /b mods ta zuando com minha cara né kkkk 
[26/07/2015 13:18:42] /b escrevo rapido e sem ver as letras entao n reclama n 
[26/07/2015 13:35:11] /b completa a quest b12 e 13
[26/07/2015 13:36:20] /b kkk 
[26/07/2015 13:37:21] /t
[26/07/2015 13:40:17] /town 27
[26/07/2015 13:40:20] /town 17
[26/07/2015 13:40:23] /town 15
[26/07/2015 13:41:01] /b kkkkk fazer oq né ninguem mando eu tentar tirar a pora do gigas kkkk 
[26/07/2015 13:41:15] /b menos 500 leveis so pra brincar kkkk
[26/07/2015 13:49:32] /t
[26/07/2015 14:09:50] /b oi 
[26/07/2015 14:10:21] /b quem quiser ajuda manda help galeraa 
[26/07/2015 14:11:17] /b galera quem presisar fala no help porfavor 
[26/07/2015 14:28:05] /b se contentem com o pvp eee.eee eu quero vamo laa
[26/07/2015 14:31:32] /b eaii spaw vai ter evento ou n ????
[26/07/2015 14:32:42] /spy
[26/07/2015 14:45:45] /t
[26/07/2015 14:45:48] /town 2
[26/07/2015 14:46:31] /t
[26/07/2015 15:04:37] /info Willy
[26/07/2015 15:07:39] /t
[26/07/2015 15:09:19] /t
[26/07/2015 15:12:28] /t
[26/07/2015 15:13:35] /t
[26/07/2015 15:15:11] /town 2
[26/07/2015 15:15:50] /t
[26/07/2015 15:18:39] /t
[26/07/2015 15:34:13] /b deleta tudo mesmo cara 
[26/07/2015 15:34:23] /b porque eu ja tinha avisado desse negocio de acc
[26/07/2015 15:47:19] /t
[26/07/2015 15:57:33] /b kkkk n vou falar nd kkkk 
[26/07/2015 15:58:07] /t
[26/07/2015 16:06:15] /t
[26/07/2015 16:11:06] /b para de reclamar 
[26/07/2015 16:11:18] /b se ele piorar os outros pokes ai quero ver vc reclamar
[26/07/2015 16:18:33] /t
[26/07/2015 16:22:28] /t
[26/07/2015 16:22:52] /t
[26/07/2015 16:23:00] /t
[26/07/2015 16:29:07] /t
[26/07/2015 16:35:57] /t
[26/07/2015 18:01:04] /t
[26/07/2015 18:06:01] /t
[26/07/2015 18:06:08] /town 15
[26/07/2015 18:11:01] /t
[26/07/2015 18:31:33] /b hoje n porque n tem miuto player on vao divulgar que ganha mais evento 
[26/07/2015 18:38:12] /t
[26/07/2015 18:46:53] /b
[26/07/2015 18:46:55] /t
[26/07/2015 18:47:08] /t
[26/07/2015 18:47:13] /t
[26/07/2015 19:18:19] /town 2
[26/07/2015 19:18:34] /b todos os dittos foram tirados das acc 
[26/07/2015 19:18:48] /b se eu ver alguem com ditto é ban na acc em 
[26/07/2015 19:19:03] /t
[26/07/2015 19:40:24] /b galera da uma olhada la no video e ve se ficou bom https://www.facebook.com/groups/1668314636730879/1669529886609354/?notif_t=group_activity
[26/07/2015 19:49:41] /town 3
[26/07/2015 19:49:44] /town 6
[26/07/2015 19:49:50] /town 5
[26/07/2015 19:50:42] /t
[26/07/2015 19:54:49] /b to ocupado se n for inportante nem pessa 
[26/07/2015 19:59:55] /b https://www.youtube.com/watch?v=WnxmHNPVkR0
[26/07/2015 20:05:39] /b aii galeraaa https://www.youtube.com/watch?v=WnxmHNPVkR0
[26/07/2015 20:05:47] /b deem uma olhada video do ot 
[26/07/2015 20:06:05] /b compartilhem e vamo deixar cheio esse server em 
[26/07/2015 20:06:13] /b fuiz mais tarde eu logo denovo 
[26/07/2015 21:17:32] /b galera corre ai quem ta na b12 mata logo o phyone mvp que agente ta matando o celebi aqui ja ta no amarelo 
[26/07/2015 21:30:19] /t
[26/07/2015 21:31:17] /t
[26/07/2015 21:34:42] /t
[26/07/2015 21:35:06] /t
[26/07/2015 21:35:27] /t Male
[26/07/2015 21:36:03] /kick Male
[26/07/2015 21:36:42] /b galera 
[26/07/2015 21:36:50] /b so um aviso 
[26/07/2015 21:36:55] /b se eu pegar alguem com ditto 
[26/07/2015 21:37:00] /b vai levar ban 
[26/07/2015 21:37:14] /b se tirar um ditto na box é pra dar pramin ou pra alguem da staff
[26/07/2015 21:38:50] !revert
[26/07/2015 21:41:57] /t
[26/07/2015 21:44:58] /b galera quest aves esta bugada quando adm entrar ele vai arumar 
[26/07/2015 21:50:47] /t
[26/07/2015 21:51:03] /kick [TUTOR] Thodyto
[26/07/2015 21:55:36] /t
[26/07/2015 21:56:54] !revert
[26/07/2015 21:57:48] !revert
[26/07/2015 22:56:42] /b ouu lucas ta aii ??
[27/07/2015 12:14:04] /t
[27/07/2015 12:15:50] /t
[27/07/2015 12:16:28] /t
[27/07/2015 12:34:13] /t
[27/07/2015 12:38:29] /t
[27/07/2015 12:51:45] /t
[27/07/2015 12:52:02] /info Tico Tica
[27/07/2015 12:53:26] /t
[27/07/2015 12:53:34] /t
[27/07/2015 15:36:04] /town 2
[27/07/2015 15:36:58] /t
[27/07/2015 15:39:05] /t
[27/07/2015 15:42:05] /t
[27/07/2015 15:44:33] /b galera ja foi ditto a quest cuno n esta bugada
[27/07/2015 15:44:44] /b ela possui limite de players por dia 
[27/07/2015 15:49:24] /b estone normal esta no terceiro andar da loja em baixo de saffron boost stones 2 vc so encontra em quests ou eventos 
[27/07/2015 15:50:46] /t
[27/07/2015 15:57:08] /t
[27/07/2015 16:00:35] /info Chaa
[27/07/2015 16:00:42] /info Obito
[27/07/2015 16:01:02] /info Chosen
[27/07/2015 16:01:31] /info Choosen
[27/07/2015 16:01:38] /info Chosen
[27/07/2015 16:01:46] /info Krisalio
[27/07/2015 16:01:55] /info Fubuki
[27/07/2015 16:02:02] /info Obito
[27/07/2015 16:02:19] /info Chaa
[27/07/2015 16:02:20] /info chaa
[27/07/2015 16:02:58] /info Matheus Silva
[27/07/2015 16:03:36] /spy
[27/07/2015 16:04:06] /spy Theend
[27/07/2015 16:04:22] /spy Obito
[27/07/2015 16:05:41] /notations Theend
[27/07/2015 16:06:16] /gethouse Theend
[27/07/2015 16:07:24] /t Theend
[27/07/2015 16:12:48] /spy Carlos
[27/07/2015 16:14:55] /gethouse Theend
[27/07/2015 16:15:38] /baninfo Theend
[27/07/2015 16:16:41] /kick Theend
[27/07/2015 16:16:44] /t
[27/07/2015 16:17:14] /info Topzin
[27/07/2015 16:18:41] /spy Chosen
[27/07/2015 16:19:40] /t
[27/07/2015 18:43:49] /t
[27/07/2015 18:44:11] /t
[27/07/2015 20:06:52] /t
[27/07/2015 20:46:06] /t
[27/07/2015 20:50:28] /b galera tem gente indo na b11 vao la ajudar 
[27/07/2015 20:50:35] /t
[27/07/2015 20:51:39] /town 14
[27/07/2015 20:51:42] /town 13
[27/07/2015 20:51:44] /town 12
[27/07/2015 20:51:46] /town 11
[27/07/2015 20:55:56] /b n posso cara ja vou sair 
[27/07/2015 23:35:06] /info Chaa
[27/07/2015 23:35:20] /info id 
[27/07/2015 23:35:38] !spy
[27/07/2015 23:35:45] !spy Chaa
[27/07/2015 23:36:30] !spy [TUTOR] Thodyto
[27/07/2015 23:38:37] /kick Chaa
[27/07/2015 23:45:29] /town 15
[27/07/2015 23:46:22] /town 10
[27/07/2015 23:46:30] /town 11
[27/07/2015 23:51:17] /info Joe loko
[27/07/2015 23:51:26] /info Zeref
[27/07/2015 23:51:32] /info chaa
[27/07/2015 23:54:38] /t
[27/07/2015 23:54:47] !spy Joe Loko
[27/07/2015 23:55:09] /spy Zeref
[27/07/2015 23:55:23] /spy Joe Loko
[28/07/2015 11:54:10] /b galeraaaaa que tal um evento esconde esconde ??? valendo boost 2 ??? 
[28/07/2015 11:54:49] /b galera 
[28/07/2015 11:54:59] /b quest cuno n esta bugada ela tem limite de players por dia 
[28/07/2015 11:55:18] /b vamo la galera 
[28/07/2015 11:55:40] /b como vai funfar o evento ??eu vou me esconder um uma cidade qualquer vcs me acham e pronto 
[28/07/2015 11:55:43] /b entao vamo la 
[28/07/2015 11:55:59] /town 15
[28/07/2015 11:56:20] /b galera ja to escondido podem procurar 
[28/07/2015 11:56:40] /b tem varias quests nessa cidade
[28/07/2015 11:57:06] /b pichote ganhou galeraaa
[28/07/2015 11:57:20] /b mais um entao vamo la 
[28/07/2015 11:57:28] /town 8
[28/07/2015 11:57:48] /b essa cidade é rodeada de pedra 
[28/07/2015 11:58:19] /b ninguem procurandoo ??valendo boost 2 em 
[28/07/2015 11:59:07] /b pichote ganhou denovo galera mods ninguem procura so ele 
[28/07/2015 11:59:44] /t
[28/07/2015 12:00:51] /info Luna
[28/07/2015 12:01:07] /spy Matheys Silva
[28/07/2015 12:01:17] !spy Matheus Silva
[28/07/2015 12:19:17] /t
[28/07/2015 12:25:48] /spy Killers
[28/07/2015 12:27:52] /spy Scarllet Johasson
[28/07/2015 12:28:04] /info Bird Of Maniac
[28/07/2015 12:34:24] /b ok to indo 
[28/07/2015 12:34:59] /b b12 n 
[28/07/2015 12:35:25] /b depois eu ajudo b12 entao 
[28/07/2015 12:42:39] /b galera mais tarde eu vou solar a b12 
[28/07/2015 12:42:58] /b la pras uma e meia duas horas eu solo ela pra vcs 
[28/07/2015 12:43:50] /b off aqui galera 
[28/07/2015 14:11:29] /b galeraa
[28/07/2015 14:11:35] /b como eu falei antes vou solar a b12 agora
[28/07/2015 14:15:13] /b galera t no mvp phyone vou solar a quest quem quiser vir venha
[28/07/2015 14:17:01] /b sim to aqui matando ele 
[28/07/2015 14:17:28] /b ainda ta no verde podem vir 
[28/07/2015 14:18:09] /b n posso puxar ninguem n sou adm nem gm 
[28/07/2015 14:18:18] /b n tenho esse comando 
[28/07/2015 14:22:44] /b galera ninguem mais vai vir na b12 ?????
[28/07/2015 14:23:46] /b mods galera ta no amarelo recem 
[28/07/2015 14:23:52] /b matem os pokes ai e vao indo poxa 
[28/07/2015 14:29:32] /b galera phyone mvp no vermhlo 
[28/07/2015 14:29:38] /b vermelho 
[28/07/2015 14:29:54] /b quem vai vir vem logo 
[28/07/2015 14:31:49] /b bom galera quem ia vir b12 veio quem n ia sinto muito ja foi completada 
[28/07/2015 14:32:02] /t
[28/07/2015 14:32:42] /t Samoh
[28/07/2015 14:33:26] /b leia na plaquinha em cima do bau 
[28/07/2015 14:33:40] /b galera vou ir levando geral pra quest b12 
[28/07/2015 14:34:50] /t Kirito
[28/07/2015 14:34:58] /t Samoh 
[28/07/2015 14:35:01] /b mods 
[28/07/2015 14:35:11] /b vo ajudar n vcs nem upam nem fazem as outras quests 
[28/07/2015 14:35:18] /b como querem passar
[28/07/2015 14:36:27] /t
[28/07/2015 14:37:58] /info Kirito 
[28/07/2015 14:38:39] /info Leder
[28/07/2015 14:41:11] /b fala !sellhouse dentro da sua house 
[28/07/2015 14:42:27] /b galera 
[28/07/2015 14:42:32] /b pra vender house
[28/07/2015 14:42:39] /b fala !leave dentro da house
[28/07/2015 14:45:49] /t
[28/07/2015 14:47:00] /gethouse Kirito
[28/07/2015 14:47:19] /b galera n vou mais ajudar n se virem 
[28/07/2015 14:47:33] /info Wesley
[28/07/2015 14:50:10] /b galera quests sao para se fazer em equipe eu n vou ficar solando quests pra vcs n se virem chamem os amigos outros players e fassam sosinhos 
[28/07/2015 14:51:02] /b bom jogo pra vcs aii galera mais tarde eu logo denovo 
[28/07/2015 17:33:49] /t Theend
[28/07/2015 17:41:32] /b ja gastei mais de 1000
[28/07/2015 17:48:24] /t
[28/07/2015 17:51:14] /town 8
[28/07/2015 17:51:17] /town 7
[28/07/2015 17:51:19] /town 6
[28/07/2015 17:51:22] /town 5
[28/07/2015 17:51:29] /town 9
[28/07/2015 17:51:35] /town 10
[28/07/2015 17:51:38] /town 11
[28/07/2015 17:51:40] /town 12
[28/07/2015 17:51:46] /town 5
[28/07/2015 17:51:49] /town 6
[28/07/2015 17:51:56] /town 10
[28/07/2015 17:52:02] /town 11
[28/07/2015 17:52:06] /town 12
[28/07/2015 17:52:09] /town 13
[28/07/2015 17:52:12] /town 14
[28/07/2015 17:52:19] /town 2
[28/07/2015 17:52:23] /town 
[28/07/2015 17:52:26] /town 3
[28/07/2015 17:52:29] /town 4
[28/07/2015 17:54:16] /town 5
[28/07/2015 17:54:19] /town 6
[28/07/2015 17:54:24] /town 7
[28/07/2015 17:54:27] /town 8
[28/07/2015 17:54:30] /town 4
[28/07/2015 17:56:16] /t
[28/07/2015 17:56:46] /kick Theen
[28/07/2015 17:56:57] /kick Theend
[28/07/2015 18:03:40] /t Andeepayne
[28/07/2015 18:05:54] /info Luna
[28/07/2015 18:06:15] /info Darkbioneco
[28/07/2015 18:06:27] /info Vuvuzela
[28/07/2015 18:06:54] /info Vuuvuzela
[28/07/2015 18:10:37] /b caralho eu to ocupado agora galera se me pedir pra ajudar em questo u solar quest vou dar notation 
[28/07/2015 18:10:40] /b ta avisado 
[28/07/2015 18:10:54] /t Andrew
[28/07/2015 20:13:37] /info Blixmax
[28/07/2015 20:14:47] /t
[28/07/2015 20:41:43] /info Eshe
[28/07/2015 20:42:02] /info Joe loko
[28/07/2015 20:44:53] /b n 
[28/07/2015 20:45:22] /b to saindo ja mals galera entrei pra ver se o adm tava on 
[29/07/2015 14:42:27] /info Leonardinho
[29/07/2015 14:43:18] /t
[29/07/2015 14:43:21] /town 4
[29/07/2015 14:45:09] /t
[29/07/2015 17:55:25] /t
[29/07/2015 17:58:27] /t
[29/07/2015 18:00:37] /t
[29/07/2015 18:03:09] /t
[29/07/2015 19:53:09] /t
[29/07/2015 20:01:59] /t
[29/07/2015 20:02:06] /town 4
[29/07/2015 20:05:19] /t
[29/07/2015 20:05:44] /t
[29/07/2015 20:09:22] /town 13
[29/07/2015 20:10:03] /t
[29/07/2015 22:46:49] /b lucas ta aii ??
[29/07/2015 22:50:37] /info Ddchristophy
[29/07/2015 23:00:02] /t
[29/07/2015 23:00:46] /t
[29/07/2015 23:02:12] /t
[29/07/2015 23:04:52] /t
[29/07/2015 23:06:54] /b adm os mvp tinha que deixar mais forte
[29/07/2015 23:07:00] /b tao muitoo fracoo 
[29/07/2015 23:07:11] /b e tinha player falando que a b12 tava muito facil 
[29/07/2015 23:13:59] /t
[29/07/2015 23:14:31] /b galei vai reiniciar pra colocar a quest b14 é rapidinho jaja tamo devolta
[29/07/2015 23:14:41] /b menos de um minuto eu acho 
[29/07/2015 23:18:27] /b galera b14 esta no mesmo lugar que as outras
[29/07/2015 23:28:27] /t Soumuitopro
[30/07/2015 00:08:47] /info Willy
[30/07/2015 00:09:47] /t
[30/07/2015 00:26:15] /t
[30/07/2015 00:34:33] /t
[30/07/2015 00:34:46] /b aeeeeeeeeeeeeeeeee
[30/07/2015 00:34:59] /b 00:34 You have wasted: 13 Poke balls, 1298 Ultra balls and 1298 Master balls trying to catch it.
[30/07/2015 00:35:12] /b 00:34 Congratulations, you caught a (Black Celebi)!
[30/07/2015 00:37:05] /t
[30/07/2015 00:42:33] /town 2
[30/07/2015 00:42:46] /t
[30/07/2015 00:43:59] /t
[30/07/2015 01:02:36] /t
[30/07/2015 01:02:56] /info Praq Nick
[30/07/2015 01:03:09] /info Chaa
[30/07/2015 01:04:27] /b galera vou tar solando b11
[30/07/2015 01:08:59] /b to no mvp galeraa
[30/07/2015 01:10:57] /b galera b12 zekrom mvp vida amarlaa
[30/07/2015 01:11:24] /b ss b11 sorry
[30/07/2015 01:12:03] /b vida vermelha corram 
[30/07/2015 01:13:06] /t
[30/07/2015 01:21:14] /t
[30/07/2015 01:26:32] /t
[30/07/2015 10:32:10] /t
[30/07/2015 10:33:14] /t
[30/07/2015 11:01:43] /t
[30/07/2015 11:08:46] /t
[30/07/2015 11:09:01] /info Soumuitopro
[30/07/2015 11:10:52] /t
[30/07/2015 11:11:22] /info Loise
[30/07/2015 11:13:54] /t
[30/07/2015 11:14:30] /t
[30/07/2015 11:21:20] /t
[30/07/2015 11:52:26] /info Andrex
[30/07/2015 11:55:31] /info Mocmen
[30/07/2015 11:55:51] /info Ddchristophy
[30/07/2015 11:56:00] /info Mocmen
[30/07/2015 17:38:43] /t
[30/07/2015 18:37:08] /t
[30/07/2015 18:39:02] /t
[30/07/2015 18:39:48] /b 15 on vai ter evento ?? qual evento ??
[30/07/2015 18:41:07] /t
[30/07/2015 19:17:53] /t
[30/07/2015 19:57:09] /t
[30/07/2015 20:33:26] /b galera 13 on mais 2 on e tem evento n lucas ??
[30/07/2015 20:34:07] /b 14 on galera so mais um 
[30/07/2015 20:34:19] /t
[30/07/2015 20:34:42] /b aa kk ok ok mais 2 entao galera bora divulgar rapidim pra evento 
[30/07/2015 20:34:48] /b alias que evento vai ser ?
[30/07/2015 20:38:15] /town 4
[30/07/2015 20:43:21] /t
[30/07/2015 20:44:21] /b mais um galera so mais um e é evento em 
[30/07/2015 20:48:03] /b 13 on pooraaa saiam n carambaa
[30/07/2015 20:51:17] /b mais um on e é evento galeraaa
[30/07/2015 20:54:19] /b adm eventoooo
[30/07/2015 20:54:49] /b eii lucas ta on ai ainda né po ??? 
[30/07/2015 20:54:59] /b 15 on ee.ee eventoo 
[30/07/2015 20:56:14] /b oloco adm ja teve 16 on 
[30/07/2015 20:56:22] /b vc tava off ai os cara saiu 
[30/07/2015 20:56:41] /b mods kkkk que fdps 
[30/07/2015 20:57:54] /b vamo galera deem uma divulgada comentem no face vamo laaa
[30/07/2015 20:58:42] /b galera sai n 
[30/07/2015 20:58:47] /b amigo meu vai entrar ee.ee
[30/07/2015 21:02:54] /b lucas como assim ta de mc ????
[30/07/2015 21:03:07] /b jaja meu amigo entra ai é eventoooo 
[30/07/2015 21:03:28] /b mods galera n faz isso n entra so em uma 
[30/07/2015 21:05:01] /b mais um e tem evento galeraa
[30/07/2015 21:05:55] /b 16 on lucas
[30/07/2015 21:06:20] /b aee adm 16 on 
[30/07/2015 21:06:51] /b evento bag galeraa aeee
[30/07/2015 21:07:15] /b galera é no terceiro andar de saffron em 
[30/07/2015 21:07:20] /b vamo laa 
[30/07/2015 21:08:52] /b se eu ver com poke no evento vou dar /t em 
[30/07/2015 21:09:05] /b ultima chance tirem os poeks 
[30/07/2015 21:31:14] /t
[30/07/2015 21:31:25] /b aee voltei a ser tutor tuts tuts :D
[30/07/2015 21:31:58] /town 13
[30/07/2015 21:32:08] /town 1
[30/07/2015 21:34:41] /b mods onde vamo achar sh tangela kkkk 
[30/07/2015 21:36:52] /t
[30/07/2015 21:38:01] /t
[30/07/2015 21:39:13] /b Angel of Night venceu ja galera
[30/07/2015 21:39:44] /t
[30/07/2015 21:40:53] /t
[30/07/2015 21:41:14] /t
[30/07/2015 21:42:11] /b galera n é so pegar presisa levar pro adm no evento bag
[30/07/2015 21:42:20] /t
[30/07/2015 21:43:23] /t
[30/07/2015 21:43:51] /b ganhei povo ahaaa
[30/07/2015 21:44:52] /t
[30/07/2015 21:45:19] /b angel qual o nome dele ??? eu puxo ele pro cp 
[30/07/2015 21:45:36] /t Arrow
[30/07/2015 21:46:38] /t
[30/07/2015 21:47:48] /b claro sou fodaa
[30/07/2015 21:47:51] /b kkkk 
[30/07/2015 21:49:08] /b mods cara para de chorar
[30/07/2015 21:49:18] /b sabe oq eu ganhei aqui ??um picachu mais mil 
[30/07/2015 21:49:39] /b mods kkkkkkkkk
[30/07/2015 21:52:05] /t
[30/07/2015 21:52:12] /town 12
[30/07/2015 21:59:32] /b 20 on galera novo record do server né lucas ???
[30/07/2015 22:00:30] /town 2
[30/07/2015 22:00:44] /t
[30/07/2015 22:02:04] /t
[30/07/2015 22:02:21] /t Miguel
[30/07/2015 22:07:33] /b aeeeeeeee
[30/07/2015 22:18:29] /t
[30/07/2015 22:26:38] /info Maquinhos
[30/07/2015 22:26:46] /info Marquinhos
[30/07/2015 22:27:04] /info Marquinhos
[30/07/2015 22:27:15] /info Lokaoshs
[30/07/2015 22:27:29] /info Lokaohs
[30/07/2015 22:38:59] /t Miguel
[30/07/2015 22:38:59] /t
[30/07/2015 22:39:06] /t Migual
[30/07/2015 22:39:09] /t Miguel
[30/07/2015 22:40:37] /t
[30/07/2015 22:43:20] /t Miguel
[30/07/2015 22:44:11] /b tobirama n reclama b12 ta boa assim 
[30/07/2015 22:44:31] /b quest n é feita para ser feita sosinho é para ser feita em grupos grandes cara monte um e va 
[30/07/2015 22:45:41] /b sosinho eu n aguento mesmo cara porque n é feita para ir sosinho e eu n sou baba n vou caregar vcs nas minhas costas nas quests cara 
[30/07/2015 22:46:06] /b Stiffler duvidas help e n nao tem como deixar sh so ganha em eventos até o momento 
[30/07/2015 22:46:48] /b mods cara eu vou montar um grupo amanha e vou passar essa coisa tanto que eu ja passei solei e gravei tem até no facebook nao tem doque tar reclamando 
[30/07/2015 22:46:52] /info Tobirama
[30/07/2015 22:47:00] /b fala por pm 
[30/07/2015 22:51:08] /t
[30/07/2015 22:51:49] /t
[30/07/2015 22:52:25] /t
[30/07/2015 22:53:36] /t
[30/07/2015 22:54:38] /b hyphinus se vira cara kk é feito pra isso emsmo 
[30/07/2015 23:06:43] /t
[30/07/2015 23:07:01] /b lucas ta aii ??
[30/07/2015 23:08:18] /b uouuuuu kkkk que foda que ficouuuu
[30/07/2015 23:10:37] /t
[30/07/2015 23:19:39] /t
[30/07/2015 23:19:48] /b galera o final da b15 ta bugado voltem cp 
[30/07/2015 23:21:12] /b 8
[30/07/2015 23:21:39] /b 5
[30/07/2015 23:29:03] /t
[30/07/2015 23:46:03] /t Luis Killer
[30/07/2015 23:46:05] /t
[30/07/2015 23:46:45] /t
[30/07/2015 23:47:44] /t Luis Killer
[30/07/2015 23:47:46] /t
[30/07/2015 23:48:57] /b zueiro pm 
[30/07/2015 23:51:44] /t
[30/07/2015 23:59:30] /t
[31/07/2015 00:00:53] /info Luis Killer
[31/07/2015 00:12:53] /t
[31/07/2015 00:19:37] /t
[31/07/2015 00:27:37] /t
[31/07/2015 00:28:56] /t
[31/07/2015 00:29:57] /t
[31/07/2015 00:35:45] /t
[31/07/2015 00:38:45] /town 2
[31/07/2015 00:39:14] /t
[31/07/2015 00:54:28] /t
[31/07/2015 00:57:57] /t
[31/07/2015 01:07:14] /t
[31/07/2015 01:07:56] /b boa noite galera e bom jogo a todos 
[31/07/2015 11:10:12] /t Dr Dree
[31/07/2015 11:29:21] /b galera to blocando b15 venham 
[31/07/2015 11:37:25] /b mods na moral vcs sao muito vadios 
[31/07/2015 11:39:35] /b vem galera
[31/07/2015 11:46:42] /b ele ta regenerando alguem bota ele pra dormir
[31/07/2015 11:52:35] /b tem eu mais n sou adm oq presisa ??
[31/07/2015 11:52:57] /b fala no help se presisar de ajuda
[31/07/2015 11:53:53] /b sou um dos poucos tutores :D
[31/07/2015 12:13:22] /t
[31/07/2015 12:16:15] /t
[31/07/2015 13:20:57] /t
[31/07/2015 13:37:24] /info Mc Pererra Funk
[31/07/2015 13:38:05] /t Mc Pererra Funk
[31/07/2015 13:38:08] /t
[31/07/2015 13:39:20] /t
[31/07/2015 13:43:15] /t
[31/07/2015 13:44:41] /t
[31/07/2015 13:44:58] /t
[31/07/2015 13:49:13] /info Carolchenka
[31/07/2015 13:50:28] /info Carolchenka
[31/07/2015 13:50:58] /info Carolchenka
[31/07/2015 13:51:08] /t Carolchenka
[31/07/2015 13:51:10] /t
[31/07/2015 15:00:19] /b galera vou blocar b15
[31/07/2015 15:14:45] /b mods n sobrou um ????
[31/07/2015 15:14:54] /b kkk antes eu vim conseguiu vir um monte 
[31/07/2015 15:27:37] /kick [TUTOR] Thodyto
[31/07/2015 15:33:52] /town 2
[31/07/2015 15:34:10] /t
[31/07/2015 15:34:45] /t
[31/07/2015 16:11:27] /t Treinador Yone
[31/07/2015 16:14:42] /t Treinador Yone
[31/07/2015 16:14:51] /t Trainador Yone
[31/07/2015 18:27:18] /t
[31/07/2015 18:28:11] /t
[31/07/2015 18:30:10] /t
[31/07/2015 18:30:29] /town 13
[31/07/2015 18:52:13] /t
[31/07/2015 18:54:20] /town 3
[31/07/2015 18:56:45] /t
[31/07/2015 19:06:04] /b galera vou blocar b1q
[31/07/2015 19:06:08] /b b11
[31/07/2015 19:06:14] /b depois vou partir direto pra b15 
[31/07/2015 19:10:55] /b galera daqui uns 10 ou 15 min eu ovu blocar b15 pra quem quiser ir 
[31/07/2015 19:12:31] /b vou ficar off galera assim que eu voltar vou blocar b15 
[31/07/2015 19:18:52] /kick Mc Tati Zaqui
[31/07/2015 19:19:05] /b galera vamo la vou blocarb15
[31/07/2015 19:22:34] /b mods galera espera eu chamar
[31/07/2015 19:22:55] /t Minekq
[31/07/2015 19:24:51] /b n vou falar nd 
[31/07/2015 19:24:56] /b sevirem na b15
[31/07/2015 19:25:22] /b n vou puxar ninguem nem ajudar
[31/07/2015 19:25:27] /b n sabem esperar e cooperar
[31/07/2015 19:25:35] /b se virem agora
[31/07/2015 19:27:16] /t
[31/07/2015 19:28:57] /b ae seus putos venham na b15
[31/07/2015 19:29:15] /b vou blocar b15 venham logoo
[31/07/2015 19:33:15] /b vamo galera to blocando b15
[31/07/2015 20:14:50] /unban Tico Tica
[31/07/2015 20:15:34] /b poke normal né kkkk
[31/07/2015 20:17:21] /b completa b15 com Chaa e Grandark
[31/07/2015 20:17:50] /town 2
[31/07/2015 20:21:47] /b galera mini evento de perguntas
[31/07/2015 20:21:55] /b sera realizado no game -chat
[31/07/2015 20:22:06] /b so respondam uma vez
[31/07/2015 20:22:10] /b valendo boost 2 em 
[31/07/2015 20:22:49] /b 
[31/07/2015 20:23:36] /b lembrando galera
[31/07/2015 20:23:41] /b é no game chat
[31/07/2015 20:35:19] /b calma galera elaborando perguntas
[31/07/2015 20:36:11] /b galeraaa
[31/07/2015 20:36:19] /b vamo la mini evento questionario 
[31/07/2015 20:36:25] /b como vai funcionar ??
[31/07/2015 20:36:43] /b primeiro que responder corretamente a pergunta no game-chat leva o premio 
[31/07/2015 20:36:47] /b entao é isso vamo la 
[31/07/2015 20:36:51] /b primeira pergunta 
[31/07/2015 20:37:15] /b qual o nome dos pokemon que cassem parte do trio lendario de caes e quantos sao ??? 
[31/07/2015 20:37:52] /b galera uma unica resposta e é no game chat 
[31/07/2015 20:38:55] /b Chaa venceu galeraa
[31/07/2015 20:39:24] /b galera é em uma so resposta ja falei 
[31/07/2015 20:39:31] /b e temque ser no game chat
[31/07/2015 20:39:48] /kick Tobirama
[31/07/2015 20:43:10] /b spaw vem cpsaffron
[31/07/2015 20:43:29] /kick tobirama 
[31/07/2015 20:44:10] /kick Tobirama 
[31/07/2015 20:56:15] /b ele tento dar emcima de min T-T to chocado até agora 
[31/07/2015 20:58:47] /b sim kkk 
[31/07/2015 21:00:49] /b mods sabe que tambem n sei vi os outros falando e peguei costume kkkk
[31/07/2015 21:04:41] /t
[31/07/2015 21:06:09] /t
[31/07/2015 21:06:26] /b explica como funciona porfavor
[31/07/2015 21:10:42] /b ta falando oq vc viro adm assim raaam agora ta tentando estragar meus puto ????
[31/07/2015 21:11:03] /b cada um tem sua vez spaw n presisa ficar com siumes n em 
[31/07/2015 21:11:28] /b kkkkkkkkkkkk
[31/07/2015 21:11:33] /b sem comentarios 
[31/07/2015 21:11:43] /b 21:11 [ADM] Lucas Da Silva: seu flex
[31/07/2015 21:11:50] /b agora ele respondeu ee.ee
[31/07/2015 21:44:32] /b ????vc vai fazer kkkk
[31/07/2015 21:48:39] /t
[31/07/2015 22:06:18] /t
[31/07/2015 22:10:05] /b ainda n kkkkk 
[31/07/2015 22:10:54] /t
[31/07/2015 22:12:22] /t
[31/07/2015 22:16:05] /b galera vou estar tirando x1 apostando itens epokes 
[31/07/2015 22:16:12] /b to no cp saffron quemquiser 
[31/07/2015 22:33:21] /t [ADM] Zoeiro
[31/07/2015 22:38:45] /b galera 
[31/07/2015 22:38:53] /b vamo fazer um mini evento pvp 
[31/07/2015 22:39:04] /b como funciona 
[31/07/2015 22:39:11] /b vai ser um leilao 
[31/07/2015 22:39:22] /b eu vou lutar com vcs usando so um poke 
[31/07/2015 22:39:30] /b 100 tds por poke pra quem me desafiar
[31/07/2015 22:39:35] /b quemganhar 
[31/07/2015 22:39:38] /b leva 10 k 
[31/07/2015 22:39:53] /b 10 montes de 100 tds ou 1000 tds 
[31/07/2015 22:40:01] /b eu n vou usar na jhoy 
[31/07/2015 22:40:06] /b so o rest do poke 
[31/07/2015 22:40:17] /b to emfrente do cp de saffron alguem quiser me desafiar vamo laa
[31/07/2015 22:44:10] /b cara sabe que eu nem sei se tem pra vender 
[01/08/2015 01:03:39] /t
[01/08/2015 01:11:38] /t
[01/08/2015 12:31:37] /b galera qualquer duvida ou pergunta porfavor no help nao de pm nos tutores porque fica dificil responder todos juntos 
[01/08/2015 12:32:18] /b e matheusin porfavor para de encher a staff com isso eu jafalei pra vc irvercom o zueiro obrigado 
[01/08/2015 12:33:41] /b matheusin ultimo aviso sevira com o zueiro cara 
[01/08/2015 13:02:44] /kick Treinador Yone
[01/08/2015 13:02:52] /kick trainador Yone
[01/08/2015 13:12:26] /t
[01/08/2015 13:14:35] /kick Trainador Yone
[01/08/2015 13:14:41] /t
[01/08/2015 13:18:53] /b ????fala coisa com coisa porfavor kkkk
[01/08/2015 13:19:00] /b tutor drogado fica ruim em 
[01/08/2015 13:19:24] /b kkk
[01/08/2015 13:23:12] /b lerdo eu ja vi isso kkkkk
[01/08/2015 13:31:34] /info Angel Of Fire
[01/08/2015 13:34:23] /kick Angel Of Fire
[01/08/2015 13:40:15] /b po ninguem ai tem coragem o bastante pra me desafiar ???
[01/08/2015 13:43:16] /t Arrow
[01/08/2015 13:43:58] /t Dark Death
[01/08/2015 13:47:31] /t
[01/08/2015 13:52:30] /t
[01/08/2015 13:54:03] /b galera falow mais tarde eu logo denovo seus vadios bom jogo a vcs e druida para de dar a rosca pro zoeiro cara kkkkkkkk
[01/08/2015 16:26:23] /t
[01/08/2015 16:42:07] /t
[01/08/2015 16:43:52] /t
[01/08/2015 16:44:33] /t
[01/08/2015 17:20:37] /b usemcanal staff seus putos 
[01/08/2015 17:21:53] /t [TUTOR] Kirito Black
[01/08/2015 17:41:55] /b duvidas no help galera gc vcs falem do jogo duvidas no help 
[01/08/2015 17:54:16] /t
[01/08/2015 20:03:06] /t Trainador Yone 
[01/08/2015 20:25:08] /t
[02/08/2015 11:28:32] /kick Tobirama
[02/08/2015 11:29:12] /t
[02/08/2015 11:29:24] /t
[02/08/2015 11:32:12] /t
[02/08/2015 11:41:08] /spy [ADM] Lucas Da Silva
[02/08/2015 11:50:11] /t
[02/08/2015 11:54:37] /t
[02/08/2015 12:07:48] /t
[02/08/2015 12:08:08] /info Kataraa
[02/08/2015 12:08:21] /info Tobirama
[02/08/2015 12:08:34] /info Kuchiki Lucas
[02/08/2015 12:08:50] /info Nether
[02/08/2015 12:09:04] /info Mrgabroh
[02/08/2015 12:12:55] /t
[02/08/2015 12:16:08] /t
[02/08/2015 12:18:32] /t
[02/08/2015 12:19:03] /b aeeeeeeeeee   pegueii outroo 12:18 Congratulations, you caught a (Black Celebi)! kkkkkkvaleu a pena trocar o outro pela master kkk 
[02/08/2015 12:22:12] /b galera vou ajudar na b14 quem quiser vem mais presisa ter poke meio fortinho em 
[02/08/2015 12:46:29] /b mods jaa 
[02/08/2015 12:46:40] /b kkkkkkkeu tambem catei um agora pouco kkkkkkk
[02/08/2015 13:09:18] /b que merdaaaaaaaaaaaaa
[02/08/2015 13:09:25] /town 2
[02/08/2015 13:09:52] /b morri no finalzinho da b14 
[02/08/2015 13:09:58] /t
[02/08/2015 13:10:12] /b chega la entao 
[02/08/2015 13:10:14] /b quero ver 
[02/08/2015 13:10:16] /b kkkk
[02/08/2015 13:10:39] /info Bin Laden
[02/08/2015 13:14:17] /t
[02/08/2015 13:16:14] /t
[02/08/2015 13:27:51] /info Kuchiki Lucas
[02/08/2015 13:30:01] /info Kuchiki Lucas
[02/08/2015 13:42:34] /info Kuchiki Lucas
[02/08/2015 13:43:22] /info Kuchiki Lucas
[02/08/2015 13:44:24] /info Kuchiki
[02/08/2015 13:49:02] /info Trainador Yone
[02/08/2015 14:58:50] /b galera qualquerduvida manda help viu fica mandando pm nao 
[02/08/2015 15:09:46] /t
[02/08/2015 15:16:31] /t
[02/08/2015 15:39:18] /t
[02/08/2015 15:47:20] /t
[02/08/2015 16:03:17] /t
[02/08/2015 16:11:22] /t
[02/08/2015 16:13:26] /t
[02/08/2015 16:15:33] /t
[02/08/2015 16:18:14] /t
[02/08/2015 16:21:11] /t
[02/08/2015 16:23:11] /b galera duvidas porfavor manda no help sem pm 
[02/08/2015 16:25:03] /t
[02/08/2015 16:27:16] /t
[02/08/2015 16:28:55] /b galera vao jogar um black cuno no templo em vamo laa geral aqui no tp de saffron
[02/08/2015 16:31:23] /t
[02/08/2015 16:31:36] /t
[02/08/2015 16:37:05] /town 2
[02/08/2015 16:37:35] /t
[02/08/2015 16:37:51] /info Matheus Silva
[02/08/2015 16:37:58] /info Matheusin
[02/08/2015 16:38:42] /b 13 on galera 
[02/08/2015 16:38:51] /b se chegar a 15 falo com adm pesso pra fazer evento 
[02/08/2015 16:47:38] /kick Matheus Silva
[02/08/2015 16:48:55] /kick Matheus Silva
[02/08/2015 16:51:32] /b galera duvidas help porfavor 
[02/08/2015 17:34:43] /t
[02/08/2015 17:55:18] /t
[02/08/2015 19:42:27] /t
[02/08/2015 21:51:07] /info Kirito Kun
[02/08/2015 21:51:31] /b galera vou tar blokando b12 em 
[02/08/2015 21:53:58] /b calma gelra 
[02/08/2015 21:54:12] /b ja vou so um minuto 
[02/08/2015 21:56:32] /t Kirito Kun
[02/08/2015 22:07:00] /b calma galera 
[02/08/2015 22:07:05] /b ja vou ja so um minuto 
[02/08/2015 22:07:42] /b calmaaaaaaaaaaaaaaaaaaaaaa 
[02/08/2015 22:08:22] /b galera tao pedindo pra eu deixar pra amanha 
[02/08/2015 22:08:37] /b voaçao no game chat b12 e b13 eu bloco hoje ou amanha ??
[02/08/2015 22:09:52] /t
[02/08/2015 22:10:28] /b vamo galera n vou ifcar esperando n 
[02/08/2015 22:11:39] /b mods 
[02/08/2015 22:11:46] /b vou levar eles mvp depois te pego 
[02/08/2015 22:13:20] /t
[02/08/2015 22:14:41] /b bem feito mandei esperar
[02/08/2015 22:15:38] /t
[02/08/2015 22:16:05] /b galera n posso puxxar player n tenho esse comando 
[02/08/2015 22:16:15] /b e se virem nao dao conta nem de chegar no mvp poxa vao upar 
[02/08/2015 22:16:25] /b se chegarem no mvp eu ajudo vcs 
[02/08/2015 22:24:20] /b to b13 galera
[02/08/2015 22:57:01] /t
[03/08/2015 11:34:30] /t
[03/08/2015 11:34:56] /info Kirito Kun
[03/08/2015 11:35:04] /info Kirito
[03/08/2015 14:48:41] /b mods temque ser o kirito né 
[03/08/2015 14:49:25] /t
[03/08/2015 17:20:37] /t
[03/08/2015 17:22:27] /t
[03/08/2015 17:36:21] /t
[03/08/2015 18:13:49] /b galera
[03/08/2015 18:13:52] /b fazer o seguinte
[03/08/2015 18:13:57] /b querem que eu ajude em quests
[03/08/2015 18:14:12] /b quem matar meu poke escolhe qualquer quest que eu ajudo menos a b14 que n dou conta nem vcs
[03/08/2015 18:14:38] /b quem quiser tentar vem cp saffron 
[03/08/2015 21:40:56] /t
[03/08/2015 21:41:19] /t
[03/08/2015 21:41:28] /b show as novas areas hunt e quests em 
[04/08/2015 17:16:18] /t
[04/08/2015 18:58:31] /b galeraa
[04/08/2015 18:58:40] /b assim como falei no face vou estar blokando b12 e b13 
[04/08/2015 18:58:47] /b quem for querer ir pode ir indo jaa
[04/08/2015 18:59:29] /b alguem vai querer ir ??? fala no game chat senao nem vou blokar n
[04/08/2015 19:00:38] /b partindo gfaleraa
[04/08/2015 19:08:12] /b calmaaa
[04/08/2015 19:08:18] /b depois que pegar o poke 
[04/08/2015 19:08:23] /b aperta a alavanca
[04/08/2015 19:08:29] /b pra ir b15 
[04/08/2015 19:08:55] /b ja estou b13
[04/08/2015 19:09:01] /b apertem a alavancaa
[04/08/2015 19:10:17] /b na alavanca gelra 
[04/08/2015 19:10:20] /b no meio dos baus 
[04/08/2015 19:10:23] /b so clicar nela 
[04/08/2015 19:10:45] /b acelerem ai que ja ta morrendo galera
[04/08/2015 19:11:15] /b terminadas quest b12 e b13 galeraa
[04/08/2015 19:12:20] /b 9:11 Mrgabroh: vai b14? sonha n cara sonha nao kkkkkkkk ala mais um kkkkkkkkk sonhem nao sonhem nao na b14 vcs se viram 
[04/08/2015 19:12:50] /b b14 vcs se viram tem um monte de gente querendo ir juntem grupo e vao galera 
[04/08/2015 19:14:43] /b bom galera vou sair aqui T-T maledeta escola acordar 6 da manha denovo aii aii ja n basta trabalhar kk bom galera fuiz talvez jaja eu logo denovo 
[05/08/2015 18:35:36] /t
[05/08/2015 19:26:44] /b perguntas ou duvidas help galera 
[07/08/2015 10:50:27] /t
[07/08/2015 10:51:13] /t
[07/08/2015 18:15:42] /t
[07/08/2015 18:17:16] /t
[07/08/2015 18:17:25] /t
[07/08/2015 18:18:56] /t
[07/08/2015 18:20:40] /b ta meio vazio isso em gente kk vamo divulgar galeraaaaaaaaaaaaaa
[07/08/2015 18:20:57] /b vamo encher esse negocio denovo 
[07/08/2015 18:23:02] /b galera 
[07/08/2015 18:23:17] /b vou dar uma mao da b14 quem quiser ir pode ir 
[07/08/2015 18:24:03] /info Ash Blindao
[07/08/2015 18:34:40] /t
[07/08/2015 19:28:04] /t
[07/08/2015 19:49:50] /b galera online fala aii 
[07/08/2015 19:50:11] /b vcs preferem essa base ou que mude e bote uma nova talvez com mais quests base dinamite parecida com pxu ????
[07/08/2015 19:50:24] /b falem no game chat galeraa 
[07/08/2015 19:50:32] /b votaçao em vamo la 
[07/08/2015 19:52:06] /b ento na minha opiniao tinha que ser mais dificil 
[07/08/2015 19:52:25] /b o up e tals e ter mais quests e espahadas pelo mapa para encontrarem kk 
[07/08/2015 19:53:59] /b vou ver com os adms 
[07/08/2015 19:54:11] /b talvez quando lançar a versao definitiva tire esses tps 
[07/08/2015 19:54:24] /b e bote eles espalhados no mapa 
[07/08/2015 19:55:04] /b o spaw vai testar hoje uma base nova pro ot 
[07/08/2015 19:55:35] /b tem muitos player né 
[07/08/2015 19:55:41] /b e tao saindo cada vez mais kkkk
[07/08/2015 19:55:47] /b essa base ta entediante 
[07/08/2015 19:55:53] /b muito facil de conseguir lendas 
[07/08/2015 19:55:59] /b e muito facil de upar 
[07/08/2015 19:56:15] /b alem disso a maioria dos poeks tao disconfigurados 
[07/08/2015 19:56:29] /b eu acho muito top e tals mais n pra lendas 
[07/08/2015 19:56:40] /b esse ot seria bom com base sem lendas 
[07/08/2015 19:57:26] /b tem megas mais ainda n estao disponiveis para o publico 
[07/08/2015 19:57:37] /b tem os megas os shadowns 
[07/08/2015 19:57:50] /b tem varios pokes poriso acho legal essa base 
[07/08/2015 19:59:56] /b cara monta um grupo e upa bastante pra ir nelas kkkkk 
[07/08/2015 20:01:49] /b saido aqui um pouco galera 
[07/08/2015 20:02:04] /b vlww e te mais tardee ee.ee vamo la divulgar em gente encher esse ot denovo poxa 
[09/08/2015 18:34:39] /town 2 
[09/08/2015 18:35:03] /t
[09/08/2015 18:35:28] /b galera parem de mandar pm falem no gc ou no help man 
[09/08/2015 18:47:49] /b looooooooooooooooooooorrrrrrrrrrrrddd
[09/08/2015 19:00:28] /b galera sem pm porfavor e n vou ajudar b14 n vou ir b17 agora 
[09/08/2015 19:08:28] /t
[09/08/2015 19:32:42] /b tem um tempo especifico do portal sejam rapido kk 
[09/08/2015 19:40:39] /t
[09/08/2015 19:41:10] /t
[09/08/2015 19:41:28] /t
[09/08/2015 19:48:44] /t
[09/08/2015 19:49:02] /t Rayoo
[09/08/2015 19:51:16] /t
[09/08/2015 19:52:04] /t
[09/08/2015 19:54:16] /t Dragonvermelho
[09/08/2015 20:04:47] /t
[09/08/2015 20:05:45] /b server n esta travando n é a sua net amigo 
[09/08/2015 20:11:58] /kick Reizinho7
[09/08/2015 20:12:08] /kick Reizinho
[09/08/2015 20:16:19] /kick Haise Sasaki
[09/08/2015 20:22:26] /info Reizinho
[09/08/2015 20:33:47] /b kada adm esperto hoje em dia viuu 
[09/08/2015 20:33:58] /b deu conta de apagar o negocio da jhoy poraa 
[09/08/2015 20:40:48] /b galera saindo aqui 
[09/08/2015 20:40:52] /b bom jogo ai pra vcs 
[09/08/2015 22:54:54] /b entra aii kkkkkkk qualquer um serve mais so um é o certo 7
[09/08/2015 23:01:50] /b algum adm on ?? 7
[09/08/2015 23:01:59] /b que bom em 
[09/08/2015 23:02:04] /b sem putinhas no jogo hoje 
[10/08/2015 10:37:09] /t
[10/08/2015 17:54:58] /t
[10/08/2015 17:58:18] /t
[10/08/2015 18:46:43] /town 1
[10/08/2015 18:46:46] /town 15
[11/08/2015 13:06:41] /t
[11/08/2015 13:07:00] /t
[11/08/2015 13:07:12] /t
[11/08/2015 14:52:55] /t
[11/08/2015 15:10:12] /t
[11/08/2015 15:11:06] /t
[11/08/2015 15:11:11] /town 15
[11/08/2015 16:14:15] /t
[11/08/2015 16:14:33] /b eaii zuero on ???
[11/08/2015 16:18:39] /t
[11/08/2015 16:19:33] /info Ketlin
[11/08/2015 18:30:59] /b aee galera ta lotando cerver em 
[11/08/2015 18:33:04] /t
[11/08/2015 18:36:41] /t Houd Spayngs Ll
[11/08/2015 18:37:11] /b eii spaw
[11/08/2015 18:37:14] /b manda pm 
[11/08/2015 18:42:04] /b 16 on mereçemos evento né nao galeraaa ??? eai zueiro rola algum ??
[11/08/2015 18:43:38] /b amigo aqui n esta leg n so ai mesmo 
[11/08/2015 18:54:33] /town 4
[11/08/2015 18:54:36] /town 
[11/08/2015 18:54:38] /town 3
[11/08/2015 18:54:41] /town 5
[11/08/2015 18:54:54] /t
[11/08/2015 18:55:16] /t
[11/08/2015 19:03:57] /t Houd Spayngs Ll
[11/08/2015 19:24:47] /t
[11/08/2015 19:27:13] /town 15
[11/08/2015 19:28:42] /t
[11/08/2015 19:32:55] /info Mlae
[11/08/2015 19:33:00] /info Male
[11/08/2015 19:42:55] /t
[11/08/2015 19:53:40] /t
[11/08/2015 20:00:49] /t
[11/08/2015 20:01:06] /town 2
[11/08/2015 20:03:09] /t
[11/08/2015 20:07:36] /t
[11/08/2015 22:03:46] /t
[12/08/2015 13:33:21] /t
[12/08/2015 13:35:54] /town 2
[12/08/2015 13:41:51] /t
[12/08/2015 13:46:18] /t Pixelmon
[12/08/2015 13:46:24] /t
[12/08/2015 19:56:07] /town 4 
[12/08/2015 19:59:27] /b zoeiro acordaaa
[12/08/2015 20:01:01] /t
[12/08/2015 20:01:24] /t [ADM] Zoiero
[12/08/2015 20:01:33] /town 14
[12/08/2015 20:16:07] /t
[12/08/2015 20:32:38] /t
[12/08/2015 21:16:46] /b zoeiro se ta on ???
[12/08/2015 21:17:40] /t
[12/08/2015 21:26:06] /b zoeiro se ta on vadio ??
[12/08/2015 21:38:27] /b zoeiro sua puta se ta on ???
[12/08/2015 21:38:37] /b temque começar a sair do ghost esses adm 
[12/08/2015 23:19:21] /town 14
[12/08/2015 23:19:29] /b zoeiro ta aii poraaaa
[12/08/2015 23:20:01] /t
[13/08/2015 14:48:33] /t
[13/08/2015 14:51:37] /info White Killer
[13/08/2015 14:51:47] /info Stiffler
[13/08/2015 14:51:57] /info White Killer
[13/08/2015 15:03:46] /unban Chaa
[13/08/2015 15:04:22] /baninfo Chaa
[13/08/2015 15:05:10] /notations Chaa
[13/08/2015 15:05:14] /t
[13/08/2015 15:06:34] /town 13 White Killer
[13/08/2015 15:06:51] /town 13 , Kirito Black
[13/08/2015 15:06:58] /town 13
[13/08/2015 15:07:07] /t Kirito Black
[13/08/2015 15:07:09] /t
[13/08/2015 15:08:40] /info Kirito Killer
[13/08/2015 15:08:47] /info Kirito Black
[13/08/2015 15:09:14] /info White Killer
[13/08/2015 15:09:26] /info Ash-fodaum
[13/08/2015 15:09:41] /info Joao
[13/08/2015 15:18:50] /t
[13/08/2015 15:19:14] /town 14
[13/08/2015 15:19:50] /town 14
[13/08/2015 15:20:14] /town 14
[13/08/2015 17:47:25] /town 15
[13/08/2015 17:47:47] /b dono da acc Chaa online ??
[13/08/2015 17:48:41] /t
[13/08/2015 17:48:54] /info Male
[13/08/2015 17:49:00] /town 15
[13/08/2015 17:49:12] /b quem vc pegou de mc adm ??
[13/08/2015 17:49:41] /b hoje de manha tinha um com mc n dei notation porque n tinha serteza 
[13/08/2015 17:50:55] /t
[13/08/2015 17:51:31] /town 15
[13/08/2015 17:54:57] /t
[13/08/2015 17:55:16] /b galera so lembrando que ditto é proibido 
[13/08/2015 17:55:41] /b se conseguir um atravez das box entrege para um adm ou alguem da staff se pgarmos players com ditto sera dado ban 
[13/08/2015 17:58:35] /b dono da acc Chaa online ???
[13/08/2015 18:05:39] /t
[14/08/2015 14:53:25] /t
[14/08/2015 14:53:39] /t
[14/08/2015 15:29:02] /b chaa
[14/08/2015 15:29:07] /t Chaa
[14/08/2015 15:29:08] /t
[15/08/2015 13:02:05] /b aeee evento bag em galeraa 
[15/08/2015 13:14:43] /town 4 Houndcu
[15/08/2015 13:14:52] /town 4 Houdcu
[15/08/2015 13:14:58] /town 2 Houdcu
[15/08/2015 13:15:03] /t Houdcu
[15/08/2015 13:15:15] /town 5 Houdcu
[15/08/2015 13:15:20] /kick Houdcu
[15/08/2015 13:16:41] /town 4 , Houdcu
[15/08/2015 13:19:24] /t final da fila
[15/08/2015 13:27:25] /b me puxa
[15/08/2015 13:27:32] /b joguei o dado no cp 
[15/08/2015 13:27:34] /b kk
[15/08/2015 13:29:57] /t Italoluiz
[15/08/2015 13:33:06] /b cabo galeraaa
[15/08/2015 13:34:10] /b foi ditto galeraaa
[15/08/2015 13:34:16] /b foi dito galera n tem mais n 
[15/08/2015 13:34:32] /b n é ditto n viu é dito de falado kk 
[15/08/2015 13:35:08] /b dito de falado n ditto de ditto kk 
[15/08/2015 13:35:16] /t
[15/08/2015 13:35:40] /b o t ta meio bugado aqui kkk 
[15/08/2015 13:38:43] /t
[15/08/2015 13:40:17] /t
[15/08/2015 13:43:25] /t
[15/08/2015 13:49:02] /b comeu ou se deiou comer ?? 
[15/08/2015 13:53:50] /b que que deu kkkkkk
[15/08/2015 14:00:03] /t
[15/08/2015 14:02:15] /town 15
[15/08/2015 14:03:34] /b tambem n vou responder pm nao falem no help ou game-chat
[15/08/2015 14:03:47] /town 13
[15/08/2015 14:04:06] /town 7
[15/08/2015 14:08:50] /town 7
[15/08/2015 14:08:54] /town 8
[15/08/2015 14:10:00] /town 9
[15/08/2015 14:10:52] /town 10
[15/08/2015 14:11:54] /town 1
[15/08/2015 14:20:32] /t
[15/08/2015 14:31:16] /t
[15/08/2015 14:33:04] /b galera pra usar o defense é simple use enquanto seu poke ta na pokebolla
[15/08/2015 14:35:31] /t
[15/08/2015 14:54:58] /t
[15/08/2015 14:57:05] /b n creio que aceertei o tp de primeira
[15/08/2015 14:57:21] /b que poraaaaa
[15/08/2015 14:57:28] /b mvp do cao kkkkkkkkkk
[15/08/2015 15:05:04] /b fui um dos primeiros n sei se tev mais alguem kk 
[15/08/2015 15:13:26] /t
[15/08/2015 17:32:47] /b zoeiro se ta on ??? 
[15/08/2015 17:33:23] /t
[16/08/2015 00:37:18] /t
[16/08/2015 00:40:26] /t
[16/08/2015 00:40:36] /t
[16/08/2015 00:40:53] /b shiny lucario é em quest b19 
[16/08/2015 00:42:00] /b nnnn em pm e n buga no meu pm nao carai 
[16/08/2015 00:42:04] /b sem pm 
[16/08/2015 00:44:39] /b pelo a mor de deus parem de bugar meu pm carambaaaaaaaaaa
[16/08/2015 00:52:37] /b girl serio n enche meu saco para com iso ja falei do pm e agora essas merda vey 
[16/08/2015 00:57:43] /b evento hoje mesmo teve n sei quando vai ter denovo so com os adms 
[16/08/2015 17:21:04] /t
[16/08/2015 17:22:52] /t
[16/08/2015 17:24:51] /b sem pm poraaa n vou ficar respondendo esses monte de pm nao falem help ou gc
[16/08/2015 22:16:11] /b vento victini femea mais mil com xdefense tier 
[16/08/2015 22:16:30] /t
[16/08/2015 22:16:57] /t
[16/08/2015 22:17:24] /t
[17/08/2015 12:00:08] /t
[17/08/2015 12:00:22] /t
[17/08/2015 12:14:22] /t
[17/08/2015 12:14:36] /t
