[30/07/2015 22:10:41] /town 4
[31/07/2015 00:46:51] /b duvidas help
[31/07/2015 17:51:46] /b gou quest b14 ajudo vcs
[31/07/2015 18:01:28] /b duvidas help
[31/07/2015 18:22:31] /b duvidashelp
[31/07/2015 19:25:13] /b gogo b15 19:24 Your Reshiram dealt 161971 damage to a green dialga MVP.
[31/07/2015 20:15:23] /b lucario é lenda ou poke normal?
[31/07/2015 20:56:54] /b Mintira noss chocado aqui kkkk XD
[31/07/2015 20:58:41] /b só aqui leg?
[31/07/2015 20:58:55] /b puts o azar
[31/07/2015 21:00:29] /b só uma pergunta oqé mods tutor? kkkkkkkkkkk
[31/07/2015 21:01:26] /b pega costume deles se matando tmb quero pasa su nivel XD
[31/07/2015 21:36:50] /b vou sari aqui pessoas bjo na bunda
[01/08/2015 11:35:50] /b duvidas help
[01/08/2015 12:03:36] /b duvidas help
[01/08/2015 12:05:34] /b thodyto minha femea
[01/08/2015 12:12:55] /b duvidas help
[01/08/2015 12:13:59] /b alguem quer x1?
[01/08/2015 12:20:58] /b afk aqui n me chamen fui no bar
[01/08/2015 12:31:04] /b  Tico Tica ADM zoeiro pediu pra avisar que hoje ele iria sair mas talvez a tarde ele volte ^^
[01/08/2015 12:32:31] /b se ele te viu upando ou pescando e dando poder e vc n respondeu ele tinha que dar ban isso é uso de bot fio
[01/08/2015 12:34:18] /b n vem pedir pra nós cara ele deu o ban fala com ele n nós n temos nada a ver com isso fio .....
[01/08/2015 13:18:33] /b cabo o k.o o tutor chego :3
[01/08/2015 13:19:12] /b oxe para de rimar comigo ......
[01/08/2015 13:22:12] /b duvidas help
[01/08/2015 13:22:54] /b Matheusin tutores n tem como arrumar bugs de house espere adm logar ^^
[01/08/2015 13:23:27] /b minha net ta um cú
[01/08/2015 13:50:20] /b quem aqui gosta de twd? <3 fala no gc
[01/08/2015 13:54:26] /b vc n manda em mim
[01/08/2015 14:07:43] /b vou ir na box do manaphy ajudar vcs
[01/08/2015 14:08:25] /b gogo box 14 ajudo vcs no manaphy
[01/08/2015 14:13:38] /b puts minha net caiu 
[01/08/2015 14:13:48] /b mals pessoas agora é com vcs ae
[01/08/2015 14:14:36] /b adm on abre o canal staff
[01/08/2015 15:09:35] /b pessoas pedimos desculpa pelo ot ter caido :(
[01/08/2015 15:27:05] /b duvidas gc ou help
[01/08/2015 15:30:54] /b quem nfor nob e quiser ajudo ajudo em todas as quest desde a box do articuno até a box do gigigas
[01/08/2015 15:39:50] /b 15:39 Your Green Dialga dealt 375219 damage to a shiny zekrom mvp. gogo quem quiser fazer ele ta yellow
[01/08/2015 17:20:15] /b adm on?
[01/08/2015 17:36:39] /b kkkk acho que ele fiko off ou caiu net
[01/08/2015 17:41:13] /b duvidas gc ou help
[01/08/2015 17:46:58] /b para iniciantes eu ajudo em quest pm me
[01/08/2015 17:50:22] /b duvidas help
[01/08/2015 18:02:48] /b vou sari aqui pessoas ^^
[06/08/2015 15:49:52] /b mals pela queda adm foi arrumar um bug e cabo fazendo toto kkkkk
[06/08/2015 16:39:10] /b sou eu testea os tp animal
[07/08/2015 12:23:21] /b fala meus gays s2
[07/08/2015 12:29:16] /b sell hydra stone pm me
[08/08/2015 00:13:06] /b pq o manaphy é bugado 
[08/08/2015 00:34:13] /b consegui chegar
[08/08/2015 00:34:20] /b eu e o houd
[08/08/2015 01:03:53] /b só demorou oq o kirito não sabia usar a regis aeuihoeaiuheauiheauiea
[08/08/2015 01:13:05] /b o lucas pq deixou 2 portal saffron e um sem tampa com field ? eauihoeauiheauiea 
[08/08/2015 02:06:10] /b lucas tem fetiche pela dilma =X
[08/08/2015 02:06:34] /b e o kirito pelo lula =X 
[08/08/2015 02:06:48] /b kkkkkkkkkkkkkkkkkkk
[08/08/2015 12:44:54] /b duvidas help
[08/08/2015 17:24:43] /b adm vem aqui ... olha isso
[12/08/2015 14:30:36] /b quem eu pegar upando sem estar ali vai ser notation n vou falar de novo ;)
[12/08/2015 14:33:09] /b n adianta mandar pm n vou responder pergunte no help que eu respondo .......
[12/08/2015 14:33:54] /b afk aqui
[12/08/2015 17:34:02] /b anuncio quema inda n pegou seu mega go na quest ^^
[12/08/2015 18:00:46] /b zoeiro n esta esta arrumando mapa 
[12/08/2015 18:32:49] /b seis mal fizeram a maioria das box e já querem mais  ....
[12/08/2015 18:34:39] /b duvidas help
[12/08/2015 19:15:44] /b duvidas help
[12/08/2015 19:18:04] /b vou ter que largar pra ir pro coll :( amanha ajudo vcs na box 15 e box 16 ^^
[13/08/2015 13:38:34] /b vou ir na box 17 gogogog
[13/08/2015 14:00:14] /b duvidas help
[13/08/2015 14:04:18] /b n deixem de falar para os amigos que a box 18 e 19 vem ae ^^
[13/08/2015 14:20:13] /b vai morre
[13/08/2015 14:29:09] !revert
[13/08/2015 14:36:18] /b vou sair pra pegar meus manos no coll bom jogo a todos ^^
[14/08/2015 19:05:37] /b lembrete sabado agora sai a box 18 e se der a 19
[14/08/2015 19:06:43] /b n vou fazer evento......
[14/08/2015 19:08:45] /b quem quer um mine evento ? vou fazer a box 17 e ajudar vcs....
[14/08/2015 19:10:00] /b quem for ir vem na area de quest quem n for pode ir embora .....
[14/08/2015 19:15:00] /b affs n vou dar iten .....
[14/08/2015 19:18:37] /b qui mendingo é mendinga rapa...........
[14/08/2015 19:23:25] /b sell hydra stone pm me vendo baratinho
[14/08/2015 19:26:16] /b kkkkkkkkkkkkkkkkkkkkkkkkkkkkkkkkkk n li isso kkkkkkkk
[14/08/2015 19:34:17] /b vai ter evento esconde esconde todos pro dp
[14/08/2015 19:34:26] /b quando se esoncer vcs podem vir
[14/08/2015 19:35:04] /b n quero saber de fly quem eu pegar de fly ta fora ^^
[14/08/2015 19:35:25] /b valendo!!!!!!!!!!!!
[14/08/2015 19:36:10] /b querem dica?
[14/08/2015 19:36:35] /b tem aver com ropa ^^^deu cabo dica
[14/08/2015 19:37:11] /b Pixelmon me achou 
[14/08/2015 19:38:49] /b valendo pode procura valendo outra boos 2
[14/08/2015 19:39:54] /b Houd Spayngs Ll achou
[14/08/2015 19:40:05] /b adm pode fazer agora valendo o vic
[14/08/2015 19:42:24] /b noss ajudo um monte kkkkkkkkk
[14/08/2015 19:43:17] /b eu já sei onde se ta heheheheehhe (falo isso e vem milhares de pm em mim kkkkkkkk)
[14/08/2015 19:43:42] /b se foi pra praia e nem convido coco
[14/08/2015 19:44:21] /b ain kkkkkk
[14/08/2015 19:44:39] /b sou eu n posso ver ninguem que já quero matar
[14/08/2015 19:45:36] /b volto já vou comer puts ......
[14/08/2015 19:46:06] /b sabia se foi pra praia e n convido
[14/08/2015 20:00:06] /b kkkkkkkkkkkkkkkkkkkkkkkkk
[14/08/2015 20:35:06] /b nenhum esta bugado tem que achar o certo ....
[14/08/2015 20:55:11] /b lek ningeum vai falar o portal no max player vcs tem que descobri
[14/08/2015 21:08:47] /b adm on?
[14/08/2015 21:20:13] /b voce pegou um phione!! chupem eu e Darkbioneco terminamos isso kkkk
[14/08/2015 21:39:51] /b vou sair aqui flw pessoas e bom jogo !!!!
[15/08/2015 12:00:08] /b eu e girl matamos varios venomoth mvp gogo pessoas pra vcs passar
[15/08/2015 12:14:20] /b lucas arruma atake do jirachi sh
[15/08/2015 12:14:31] /b ele reala os pokes quando eu dou ele kkkkkkkk
[15/08/2015 12:30:40] /b Eu e Girl limpamos literalmente a primeira parte da box 17 deus kkkkkkkkkkkk
[15/08/2015 12:51:57] /b lucas tanto faz só faz com que as duas demore um pokinho para os cara n enjoar e parar kkk
[15/08/2015 12:53:30] /b faz evento lojinha man que todos tava pedindo pro adm dai com 25 on evento bag
[15/08/2015 12:53:45] /b é muito poko player
[15/08/2015 12:54:00] /b lojinha e 25 on bag
[15/08/2015 12:56:11] /b se quiser ajuda me manda cm e depois bota tutor de novo ^^
[15/08/2015 12:56:57] /b kkkk acho que morreu em quest
[15/08/2015 12:59:35] /b mas os player tão caindo mds
[15/08/2015 13:17:16] /b sai do mc k7
[15/08/2015 13:20:45] /b adm posso ir no evento tmb?
[15/08/2015 13:21:11] /b :( pq tomei banho e tudo pra poder ir
[15/08/2015 13:23:26] /b se fosse vcs eu escutava adm fika brabo quando acorda ele kkkk
[15/08/2015 13:26:55] /b prox que eu pegar de poke aberto no evneot já sabe
[15/08/2015 13:27:03] /b evento*
[15/08/2015 13:28:24] /b bota mvp caterpi ae dentro kkkkkkk
[15/08/2015 13:32:13] /b ava....
[15/08/2015 13:34:10] /b aeeeee
[15/08/2015 13:34:20] /b tinha ditto? o.0
[15/08/2015 13:34:54] /b [TUTOR] Thodyto: foi ditto galeraaa
[15/08/2015 13:35:29] /b analfabeto kkkkkkkk
[15/08/2015 13:35:34] /b s2
[15/08/2015 13:38:18] /b Seu pokémon avançou do nível [+900] de boost para o nível [+1000]. aeeee vlw Girl
[15/08/2015 14:03:06] /b n vou responder pm ... nem adianta
[15/08/2015 14:14:39] /b n é a força é a vida ....
[15/08/2015 14:42:56] /b reinicia ae adm
[15/08/2015 14:52:00] /b tava demorando pra vir a frescura de tps affs
[15/08/2015 14:52:35] /b prefiro pokemon pra matar dq isso
[15/08/2015 15:16:12] /b os cara n pode ver um mega e já pede kkkkkkkkkkk
[16/08/2015 11:52:02] /b muita mão
[16/08/2015 12:05:19] /b bota um caterpi evoluido
[16/08/2015 12:05:50] /b ho-oh arrumado e pronto ^^
[16/08/2015 12:06:10] /b arceus n tem nesse ot
[16/08/2015 12:06:17] /b e nunca tera ^^
[16/08/2015 12:14:58] /b já falei bota ho-oh e melhora ele ....
[16/08/2015 12:24:34] /b adm pm me 
[16/08/2015 12:25:02] /b sh cario vai continuar assim pq ta foda ele fio ....
[16/08/2015 12:26:16] /b quem quer ajuda na box 18 só vir pm 
[16/08/2015 13:06:32] /b minha net ta um cú mals se n falei com vcs kkkkk ela caiu !
[16/08/2015 13:12:40] /b manda pm pq quando eu volto do fb eu vejo ...
[16/08/2015 13:15:34] /b volto já mandem pm e depois respondo
[16/08/2015 14:29:43] /b maiso ou menos n ajuda né animal....
[16/08/2015 14:44:00] /b kkkkkkkkkkkkkkkkk
[16/08/2015 14:45:38] /b 14:45 You see a Shining ultraball being used. It contains a Shiny Lugia. Boost level: +1000. It's nickname is: $Me chupe$. It is genderless. meu orgulho kkkkk
[16/08/2015 15:19:02] /b mintira o.o amoooooooo
[16/08/2015 16:16:20] /b adm me puxa
[16/08/2015 16:49:35] /b evento valendo vic quem quer?
[16/08/2015 16:52:40] /b que evento? tem que ser um que tutor ossa fazer.....
[16/08/2015 16:54:18] /b vou me esconder
[16/08/2015 16:54:47] /b n kkkk um vic e vc quer só em saffron
[16/08/2015 16:55:26] /b pode nprocurar agora toem uma city com computadores ^^ valendo
[16/08/2015 16:58:03] /b Mrgabroh me achou que fdp 
[16/08/2015 17:37:02] /b estou agora on para responder no help podem perguntar
[16/08/2015 17:45:07] /b quando adm entra
[16/08/2015 17:45:19] /b pessoa a ele pra fazer ^^
[16/08/2015 18:28:30] /b da forma que esse pessoa é inteligente vai acabar amanha isso dai .....
[16/08/2015 18:30:50] /b tico muxo kkkkkkkp
[16/08/2015 18:31:03] /b tomara quem dem vida pra ele 
[16/08/2015 18:32:42] /b Patrick procure ^^
[16/08/2015 18:32:54] /b 5sec ^^
[16/08/2015 18:33:34] /b o azaz fui eu tacando macumba
[17/08/2015 15:38:37] /b duvidas sobre o jogo help ^^
[17/08/2015 15:42:19] /b explore ^^
[17/08/2015 15:47:36] /b para pokos fazerem ^^
[17/08/2015 15:59:10] /b se vai pegar oq? kkkkkkkkkkk master pega qualquer poke fio ......
[17/08/2015 15:59:26] /b vai pegar um sh ji
[17/08/2015 16:31:53] /b testem as teves ^^
[17/08/2015 16:32:03] /b tv*
[17/08/2015 17:07:07] /b gogo box 18
[19/08/2015 19:29:48] /b cm is gay heheheheheh
[19/08/2015 19:29:57] /b se falo com o adm fio ..?
[21/08/2015 12:45:19] /b n vou responder no pm ....
[21/08/2015 12:54:19] /b 12:53 You see a dead human (Vol:10). You recognize Ultra. He was killed by a Primal Kyogre.
[21/08/2015 13:33:07] /b os lek tão fazendo fio kkkk
[21/08/2015 14:00:46] /b 13:57 Voce pegou seu Reuniclus!! me chupem 
[21/08/2015 14:08:27] /b se forem fazer b20 vão de 2 em 2 fika dica
[21/08/2015 14:09:03] /b ava
[21/08/2015 14:09:21] /b me chupe <3
[21/08/2015 14:10:17] /b bem nessa kkkkkkkk
[21/08/2015 14:12:03] /b tody meu gay <3
[21/08/2015 14:20:49] /b sell mb
[22/08/2015 18:48:58] /b n adianta falar que bugo se n fez a quest sacana kkkkkk
[22/08/2015 18:50:05] /b tem que saber o tp certo fio......
[22/08/2015 18:50:54] /b kkkkkkkkkkkkk
[22/08/2015 18:52:30] /b então se foi 3 vezse já pego o premio...
[22/08/2015 18:53:26] /b hum
[22/08/2015 18:54:30] /b e meu poke sacana ...
[22/08/2015 18:55:15] /b aham vai nessa
[22/08/2015 18:57:39] /b quero meu poke ein test.....
[22/08/2015 19:18:12] /b meu sh jy fio
[22/08/2015 19:18:30] /b tu nem brinka ou te como
[25/08/2015 15:19:15] /b adm?
[26/08/2015 12:47:29] /b alguem aguenta b 21? eu ajudo nela só tem que levar poke que faz dormir
